2022-11-13 21:26:42.265  INFO 3096 --- [main] c.j.xshopping.XshoppingApplication       : Starting XshoppingApplication using Java 11.0.9.1 on test with PID 3096 (D:\idea_workspace\wxshop\shopp\target\classes started by lenovo in D:\idea_workspace\wxshop\shopp)
2022-11-13 21:26:42.269  INFO 3096 --- [main] c.j.xshopping.XshoppingApplication       : No active profile set, falling back to 1 default profile: "default"
2022-11-13 21:26:43.312  WARN 3096 --- [main] o.m.s.mapper.ClassPathMapperScanner      : No MyBatis mapper was found in '[com.javaclimb.xshopping]' package. Please check your configuration.
2022-11-13 21:26:43.834  INFO 3096 --- [main] o.s.b.w.embedded.tomcat.TomcatWebServer  : Tomcat initialized with port(s): 8088 (http)
2022-11-13 21:26:43.847  INFO 3096 --- [main] o.apache.catalina.core.StandardService   : Starting service [Tomcat]
2022-11-13 21:26:43.848  INFO 3096 --- [main] org.apache.catalina.core.StandardEngine  : Starting Servlet engine: [Apache Tomcat/9.0.63]
2022-11-13 21:26:43.995  INFO 3096 --- [main] o.a.c.c.C.[Tomcat].[localhost].[/]       : Initializing Spring embedded WebApplicationContext
2022-11-13 21:26:43.995  INFO 3096 --- [main] w.s.c.ServletWebServerApplicationContext : Root WebApplicationContext: initialization completed in 1659 ms
2022-11-13 21:26:44.098  INFO 3096 --- [main] c.a.d.s.b.a.DruidDataSourceAutoConfigure : Init DruidDataSource
2022-11-13 21:26:44.231  INFO 3096 --- [main] com.alibaba.druid.pool.DruidDataSource   : {dataSource-1} inited
2022-11-13 21:26:45.242  WARN 3096 --- [main] ion$DefaultTemplateResolverConfiguration : Cannot find template location: classpath:/templates/ (please add some templates or check your Thymeleaf configuration)
2022-11-13 21:26:45.463  INFO 3096 --- [main] o.s.b.w.embedded.tomcat.TomcatWebServer  : Tomcat started on port(s): 8088 (http) with context path ''
2022-11-13 21:26:45.479  INFO 3096 --- [main] c.j.xshopping.XshoppingApplication       : Started XshoppingApplication in 4.073 seconds (JVM running for 6.122)
2022-11-13 21:26:53.335  INFO 3096 --- [http-nio-8088-exec-1] o.a.c.c.C.[Tomcat].[localhost].[/]       : Initializing Spring DispatcherServlet 'dispatcherServlet'
2022-11-13 21:26:53.336  INFO 3096 --- [http-nio-8088-exec-1] o.s.web.servlet.DispatcherServlet        : Initializing Servlet 'dispatcherServlet'
2022-11-13 21:26:53.338  INFO 3096 --- [http-nio-8088-exec-1] o.s.web.servlet.DispatcherServlet        : Completed initialization in 2 ms
2022-11-13 21:51:58.060  WARN 3096 --- [http-nio-8088-exec-9] .w.s.m.s.DefaultHandlerExceptionResolver : Resolved [org.springframework.web.method.annotation.MethodArgumentTypeMismatchException: Failed to convert value of type 'java.lang.String' to required type 'long'; nested exception is java.lang.NumberFormatException: For input string: "findRecommendGoods"]
2022-11-13 21:51:59.470  WARN 3096 --- [http-nio-8088-exec-1] .w.s.m.s.DefaultHandlerExceptionResolver : Resolved [org.springframework.web.method.annotation.MethodArgumentTypeMismatchException: Failed to convert value of type 'java.lang.String' to required type 'long'; nested exception is java.lang.NumberFormatException: For input string: "findRecommendGoods"]
2022-11-13 22:06:26.284  WARN 3096 --- [http-nio-8088-exec-4] .w.s.m.s.DefaultHandlerExceptionResolver : Resolved [org.springframework.web.method.annotation.MethodArgumentTypeMismatchException: Failed to convert value of type 'java.lang.String' to required type 'long'; nested exception is java.lang.NumberFormatException: For input string: "findRecommendGoods"]
2022-11-13 22:18:03.664  INFO 16804 --- [main] c.j.xshopping.XshoppingApplication       : Starting XshoppingApplication using Java 11.0.9.1 on test with PID 16804 (D:\idea_workspace\wxshop\shopp\target\classes started by lenovo in D:\idea_workspace\wxshop\shopp)
2022-11-13 22:18:03.672  INFO 16804 --- [main] c.j.xshopping.XshoppingApplication       : No active profile set, falling back to 1 default profile: "default"
2022-11-13 22:18:04.913  WARN 16804 --- [main] o.m.s.mapper.ClassPathMapperScanner      : No MyBatis mapper was found in '[com.javaclimb.xshopping]' package. Please check your configuration.
2022-11-13 22:18:05.454  INFO 16804 --- [main] o.s.b.w.embedded.tomcat.TomcatWebServer  : Tomcat initialized with port(s): 8088 (http)
2022-11-13 22:18:05.468  INFO 16804 --- [main] o.apache.catalina.core.StandardService   : Starting service [Tomcat]
2022-11-13 22:18:05.469  INFO 16804 --- [main] org.apache.catalina.core.StandardEngine  : Starting Servlet engine: [Apache Tomcat/9.0.63]
2022-11-13 22:18:05.642  INFO 16804 --- [main] o.a.c.c.C.[Tomcat].[localhost].[/]       : Initializing Spring embedded WebApplicationContext
2022-11-13 22:18:05.643  INFO 16804 --- [main] w.s.c.ServletWebServerApplicationContext : Root WebApplicationContext: initialization completed in 1876 ms
2022-11-13 22:18:05.745  INFO 16804 --- [main] c.a.d.s.b.a.DruidDataSourceAutoConfigure : Init DruidDataSource
2022-11-13 22:18:05.881  INFO 16804 --- [main] com.alibaba.druid.pool.DruidDataSource   : {dataSource-1} inited
2022-11-13 22:18:06.785  WARN 16804 --- [main] ion$DefaultTemplateResolverConfiguration : Cannot find template location: classpath:/templates/ (please add some templates or check your Thymeleaf configuration)
2022-11-13 22:18:06.975  INFO 16804 --- [main] o.s.b.w.embedded.tomcat.TomcatWebServer  : Tomcat started on port(s): 8088 (http) with context path ''
2022-11-13 22:18:06.990  INFO 16804 --- [main] c.j.xshopping.XshoppingApplication       : Started XshoppingApplication in 4.497 seconds (JVM running for 6.275)
2022-11-13 22:18:13.118  INFO 16804 --- [http-nio-8088-exec-4] o.a.c.c.C.[Tomcat].[localhost].[/]       : Initializing Spring DispatcherServlet 'dispatcherServlet'
2022-11-13 22:18:13.119  INFO 16804 --- [http-nio-8088-exec-4] o.s.web.servlet.DispatcherServlet        : Initializing Servlet 'dispatcherServlet'
2022-11-13 22:18:13.121  INFO 16804 --- [http-nio-8088-exec-4] o.s.web.servlet.DispatcherServlet        : Completed initialization in 1 ms
2022-11-13 22:18:14.446  WARN 16804 --- [http-nio-8088-exec-6] o.a.c.util.SessionIdGeneratorBase        : Creation of SecureRandom instance for session ID generation using [SHA1PRNG] took [514] milliseconds.
2022-11-13 22:38:44.907  INFO 16648 --- [main] c.j.xshopping.XshoppingApplication       : Starting XshoppingApplication using Java 11.0.9.1 on test with PID 16648 (D:\idea_workspace\wxshop\shopp\target\classes started by lenovo in D:\idea_workspace\wxshop\shopp)
2022-11-13 22:38:44.911  INFO 16648 --- [main] c.j.xshopping.XshoppingApplication       : No active profile set, falling back to 1 default profile: "default"
2022-11-13 22:38:45.939  WARN 16648 --- [main] o.m.s.mapper.ClassPathMapperScanner      : No MyBatis mapper was found in '[com.javaclimb.xshopping]' package. Please check your configuration.
2022-11-13 22:38:46.471  INFO 16648 --- [main] o.s.b.w.embedded.tomcat.TomcatWebServer  : Tomcat initialized with port(s): 8088 (http)
2022-11-13 22:38:46.484  INFO 16648 --- [main] o.apache.catalina.core.StandardService   : Starting service [Tomcat]
2022-11-13 22:38:46.484  INFO 16648 --- [main] org.apache.catalina.core.StandardEngine  : Starting Servlet engine: [Apache Tomcat/9.0.63]
2022-11-13 22:38:46.667  INFO 16648 --- [main] o.a.c.c.C.[Tomcat].[localhost].[/]       : Initializing Spring embedded WebApplicationContext
2022-11-13 22:38:46.667  INFO 16648 --- [main] w.s.c.ServletWebServerApplicationContext : Root WebApplicationContext: initialization completed in 1693 ms
2022-11-13 22:38:46.791  INFO 16648 --- [main] c.a.d.s.b.a.DruidDataSourceAutoConfigure : Init DruidDataSource
2022-11-13 22:38:46.942  INFO 16648 --- [main] com.alibaba.druid.pool.DruidDataSource   : {dataSource-1} inited
2022-11-13 22:38:47.936  WARN 16648 --- [main] ion$DefaultTemplateResolverConfiguration : Cannot find template location: classpath:/templates/ (please add some templates or check your Thymeleaf configuration)
2022-11-13 22:38:48.138  INFO 16648 --- [main] o.s.b.w.embedded.tomcat.TomcatWebServer  : Tomcat started on port(s): 8088 (http) with context path ''
2022-11-13 22:38:48.153  INFO 16648 --- [main] c.j.xshopping.XshoppingApplication       : Started XshoppingApplication in 4.1 seconds (JVM running for 5.791)
2022-11-13 22:38:51.509  INFO 16648 --- [http-nio-8088-exec-2] o.a.c.c.C.[Tomcat].[localhost].[/]       : Initializing Spring DispatcherServlet 'dispatcherServlet'
2022-11-13 22:38:51.509  INFO 16648 --- [http-nio-8088-exec-2] o.s.web.servlet.DispatcherServlet        : Initializing Servlet 'dispatcherServlet'
2022-11-13 22:38:51.510  INFO 16648 --- [http-nio-8088-exec-2] o.s.web.servlet.DispatcherServlet        : Completed initialization in 1 ms
2022-11-13 22:38:51.998  WARN 16648 --- [http-nio-8088-exec-2] o.a.c.util.SessionIdGeneratorBase        : Creation of SecureRandom instance for session ID generation using [SHA1PRNG] took [463] milliseconds.
2022-11-13 22:40:14.528  INFO 16212 --- [main] c.j.xshopping.XshoppingApplication       : Starting XshoppingApplication using Java 11.0.9.1 on test with PID 16212 (D:\idea_workspace\wxshop\shopp\target\classes started by lenovo in D:\idea_workspace\wxshop\shopp)
2022-11-13 22:40:14.532  INFO 16212 --- [main] c.j.xshopping.XshoppingApplication       : No active profile set, falling back to 1 default profile: "default"
2022-11-13 22:40:15.471  WARN 16212 --- [main] o.m.s.mapper.ClassPathMapperScanner      : No MyBatis mapper was found in '[com.javaclimb.xshopping]' package. Please check your configuration.
2022-11-13 22:40:15.953  INFO 16212 --- [main] o.s.b.w.embedded.tomcat.TomcatWebServer  : Tomcat initialized with port(s): 8088 (http)
2022-11-13 22:40:15.964  INFO 16212 --- [main] o.apache.catalina.core.StandardService   : Starting service [Tomcat]
2022-11-13 22:40:15.964  INFO 16212 --- [main] org.apache.catalina.core.StandardEngine  : Starting Servlet engine: [Apache Tomcat/9.0.63]
2022-11-13 22:40:16.111  INFO 16212 --- [main] o.a.c.c.C.[Tomcat].[localhost].[/]       : Initializing Spring embedded WebApplicationContext
2022-11-13 22:40:16.111  INFO 16212 --- [main] w.s.c.ServletWebServerApplicationContext : Root WebApplicationContext: initialization completed in 1524 ms
2022-11-13 22:40:16.202  INFO 16212 --- [main] c.a.d.s.b.a.DruidDataSourceAutoConfigure : Init DruidDataSource
2022-11-13 22:40:16.332  INFO 16212 --- [main] com.alibaba.druid.pool.DruidDataSource   : {dataSource-1} inited
2022-11-13 22:40:17.361  WARN 16212 --- [main] ion$DefaultTemplateResolverConfiguration : Cannot find template location: classpath:/templates/ (please add some templates or check your Thymeleaf configuration)
2022-11-13 22:40:17.559  INFO 16212 --- [main] o.s.b.w.embedded.tomcat.TomcatWebServer  : Tomcat started on port(s): 8088 (http) with context path ''
2022-11-13 22:40:17.576  INFO 16212 --- [main] c.j.xshopping.XshoppingApplication       : Started XshoppingApplication in 3.824 seconds (JVM running for 5.405)
2022-11-13 22:40:21.333  INFO 16212 --- [http-nio-8088-exec-1] o.a.c.c.C.[Tomcat].[localhost].[/]       : Initializing Spring DispatcherServlet 'dispatcherServlet'
2022-11-13 22:40:21.333  INFO 16212 --- [http-nio-8088-exec-1] o.s.web.servlet.DispatcherServlet        : Initializing Servlet 'dispatcherServlet'
2022-11-13 22:40:21.334  INFO 16212 --- [http-nio-8088-exec-1] o.s.web.servlet.DispatcherServlet        : Completed initialization in 1 ms
2022-11-13 22:40:21.816  WARN 16212 --- [http-nio-8088-exec-1] o.a.c.util.SessionIdGeneratorBase        : Creation of SecureRandom instance for session ID generation using [SHA1PRNG] took [454] milliseconds.
2022-11-13 22:42:20.466  INFO 15688 --- [main] c.j.xshopping.XshoppingApplication       : Starting XshoppingApplication using Java 11.0.9.1 on test with PID 15688 (D:\idea_workspace\wxshop\shopp\target\classes started by lenovo in D:\idea_workspace\wxshop\shopp)
2022-11-13 22:42:20.470  INFO 15688 --- [main] c.j.xshopping.XshoppingApplication       : No active profile set, falling back to 1 default profile: "default"
2022-11-13 22:42:21.359  WARN 15688 --- [main] o.m.s.mapper.ClassPathMapperScanner      : No MyBatis mapper was found in '[com.javaclimb.xshopping]' package. Please check your configuration.
2022-11-13 22:42:21.826  INFO 15688 --- [main] o.s.b.w.embedded.tomcat.TomcatWebServer  : Tomcat initialized with port(s): 8088 (http)
2022-11-13 22:42:21.842  INFO 15688 --- [main] o.apache.catalina.core.StandardService   : Starting service [Tomcat]
2022-11-13 22:42:21.842  INFO 15688 --- [main] org.apache.catalina.core.StandardEngine  : Starting Servlet engine: [Apache Tomcat/9.0.63]
2022-11-13 22:42:21.995  INFO 15688 --- [main] o.a.c.c.C.[Tomcat].[localhost].[/]       : Initializing Spring embedded WebApplicationContext
2022-11-13 22:42:21.996  INFO 15688 --- [main] w.s.c.ServletWebServerApplicationContext : Root WebApplicationContext: initialization completed in 1464 ms
2022-11-13 22:42:22.079  INFO 15688 --- [main] c.a.d.s.b.a.DruidDataSourceAutoConfigure : Init DruidDataSource
2022-11-13 22:42:22.197  INFO 15688 --- [main] com.alibaba.druid.pool.DruidDataSource   : {dataSource-1} inited
2022-11-13 22:42:23.040  WARN 15688 --- [main] ion$DefaultTemplateResolverConfiguration : Cannot find template location: classpath:/templates/ (please add some templates or check your Thymeleaf configuration)
2022-11-13 22:42:23.196  INFO 15688 --- [main] o.s.b.w.embedded.tomcat.TomcatWebServer  : Tomcat started on port(s): 8088 (http) with context path ''
2022-11-13 22:42:23.210  INFO 15688 --- [main] c.j.xshopping.XshoppingApplication       : Started XshoppingApplication in 3.519 seconds (JVM running for 5.051)
2022-11-13 22:42:30.335  INFO 15688 --- [http-nio-8088-exec-1] o.a.c.c.C.[Tomcat].[localhost].[/]       : Initializing Spring DispatcherServlet 'dispatcherServlet'
2022-11-13 22:42:30.336  INFO 15688 --- [http-nio-8088-exec-1] o.s.web.servlet.DispatcherServlet        : Initializing Servlet 'dispatcherServlet'
2022-11-13 22:42:30.337  INFO 15688 --- [http-nio-8088-exec-1] o.s.web.servlet.DispatcherServlet        : Completed initialization in 1 ms
2022-11-13 22:42:30.817  WARN 15688 --- [http-nio-8088-exec-1] o.a.c.util.SessionIdGeneratorBase        : Creation of SecureRandom instance for session ID generation using [SHA1PRNG] took [457] milliseconds.
2022-11-13 22:52:43.028  INFO 9112 --- [main] c.j.xshopping.XshoppingApplication       : Starting XshoppingApplication using Java 11.0.9.1 on test with PID 9112 (D:\idea_workspace\wxshop\shopp\target\classes started by lenovo in D:\idea_workspace\wxshop\shopp)
2022-11-13 22:52:43.031  INFO 9112 --- [main] c.j.xshopping.XshoppingApplication       : No active profile set, falling back to 1 default profile: "default"
2022-11-13 22:52:44.278  WARN 9112 --- [main] o.m.s.mapper.ClassPathMapperScanner      : No MyBatis mapper was found in '[com.javaclimb.xshopping]' package. Please check your configuration.
2022-11-13 22:52:44.778  INFO 9112 --- [main] o.s.b.w.embedded.tomcat.TomcatWebServer  : Tomcat initialized with port(s): 8088 (http)
2022-11-13 22:52:44.790  INFO 9112 --- [main] o.apache.catalina.core.StandardService   : Starting service [Tomcat]
2022-11-13 22:52:44.790  INFO 9112 --- [main] org.apache.catalina.core.StandardEngine  : Starting Servlet engine: [Apache Tomcat/9.0.63]
2022-11-13 22:52:44.980  INFO 9112 --- [main] o.a.c.c.C.[Tomcat].[localhost].[/]       : Initializing Spring embedded WebApplicationContext
2022-11-13 22:52:44.980  INFO 9112 --- [main] w.s.c.ServletWebServerApplicationContext : Root WebApplicationContext: initialization completed in 1890 ms
2022-11-13 22:52:45.082  INFO 9112 --- [main] c.a.d.s.b.a.DruidDataSourceAutoConfigure : Init DruidDataSource
2022-11-13 22:52:45.206  INFO 9112 --- [main] com.alibaba.druid.pool.DruidDataSource   : {dataSource-1} inited
2022-11-13 22:52:46.160  WARN 9112 --- [main] ion$DefaultTemplateResolverConfiguration : Cannot find template location: classpath:/templates/ (please add some templates or check your Thymeleaf configuration)
2022-11-13 22:52:46.327  INFO 9112 --- [main] o.s.b.w.embedded.tomcat.TomcatWebServer  : Tomcat started on port(s): 8088 (http) with context path ''
2022-11-13 22:52:46.341  INFO 9112 --- [main] c.j.xshopping.XshoppingApplication       : Started XshoppingApplication in 4.191 seconds (JVM running for 5.801)
2022-11-13 22:52:48.561  INFO 9112 --- [http-nio-8088-exec-1] o.a.c.c.C.[Tomcat].[localhost].[/]       : Initializing Spring DispatcherServlet 'dispatcherServlet'
2022-11-13 22:52:48.562  INFO 9112 --- [http-nio-8088-exec-1] o.s.web.servlet.DispatcherServlet        : Initializing Servlet 'dispatcherServlet'
2022-11-13 22:52:48.563  INFO 9112 --- [http-nio-8088-exec-1] o.s.web.servlet.DispatcherServlet        : Completed initialization in 1 ms
2022-11-13 22:52:49.044  WARN 9112 --- [http-nio-8088-exec-1] o.a.c.util.SessionIdGeneratorBase        : Creation of SecureRandom instance for session ID generation using [SHA1PRNG] took [459] milliseconds.
2022-11-13 22:55:26.439  INFO 8892 --- [main] c.j.xshopping.XshoppingApplication       : Starting XshoppingApplication using Java 11.0.9.1 on test with PID 8892 (D:\idea_workspace\wxshop\shopp\target\classes started by lenovo in D:\idea_workspace\wxshop\shopp)
2022-11-13 22:55:26.443  INFO 8892 --- [main] c.j.xshopping.XshoppingApplication       : No active profile set, falling back to 1 default profile: "default"
2022-11-13 22:55:27.424  WARN 8892 --- [main] o.m.s.mapper.ClassPathMapperScanner      : No MyBatis mapper was found in '[com.javaclimb.xshopping]' package. Please check your configuration.
2022-11-13 22:55:27.812  INFO 8892 --- [main] o.s.b.w.embedded.tomcat.TomcatWebServer  : Tomcat initialized with port(s): 8088 (http)
2022-11-13 22:55:27.823  INFO 8892 --- [main] o.apache.catalina.core.StandardService   : Starting service [Tomcat]
2022-11-13 22:55:27.823  INFO 8892 --- [main] org.apache.catalina.core.StandardEngine  : Starting Servlet engine: [Apache Tomcat/9.0.63]
2022-11-13 22:55:27.967  INFO 8892 --- [main] o.a.c.c.C.[Tomcat].[localhost].[/]       : Initializing Spring embedded WebApplicationContext
2022-11-13 22:55:27.967  INFO 8892 --- [main] w.s.c.ServletWebServerApplicationContext : Root WebApplicationContext: initialization completed in 1462 ms
2022-11-13 22:55:28.052  INFO 8892 --- [main] c.a.d.s.b.a.DruidDataSourceAutoConfigure : Init DruidDataSource
2022-11-13 22:55:28.170  INFO 8892 --- [main] com.alibaba.druid.pool.DruidDataSource   : {dataSource-1} inited
2022-11-13 22:55:29.047  WARN 8892 --- [main] ion$DefaultTemplateResolverConfiguration : Cannot find template location: classpath:/templates/ (please add some templates or check your Thymeleaf configuration)
2022-11-13 22:55:29.222  INFO 8892 --- [main] o.s.b.w.embedded.tomcat.TomcatWebServer  : Tomcat started on port(s): 8088 (http) with context path ''
2022-11-13 22:55:29.237  INFO 8892 --- [main] c.j.xshopping.XshoppingApplication       : Started XshoppingApplication in 3.599 seconds (JVM running for 5.147)
2022-11-13 22:55:35.535  INFO 8892 --- [http-nio-8088-exec-1] o.a.c.c.C.[Tomcat].[localhost].[/]       : Initializing Spring DispatcherServlet 'dispatcherServlet'
2022-11-13 22:55:35.536  INFO 8892 --- [http-nio-8088-exec-1] o.s.web.servlet.DispatcherServlet        : Initializing Servlet 'dispatcherServlet'
2022-11-13 22:55:35.538  INFO 8892 --- [http-nio-8088-exec-1] o.s.web.servlet.DispatcherServlet        : Completed initialization in 1 ms
2022-11-13 22:55:36.019  WARN 8892 --- [http-nio-8088-exec-1] o.a.c.util.SessionIdGeneratorBase        : Creation of SecureRandom instance for session ID generation using [SHA1PRNG] took [458] milliseconds.
2022-11-13 22:58:00.565  INFO 3860 --- [main] c.j.xshopping.XshoppingApplication       : Starting XshoppingApplication using Java 11.0.9.1 on test with PID 3860 (D:\idea_workspace\wxshop\shopp\target\classes started by lenovo in D:\idea_workspace\wxshop\shopp)
2022-11-13 22:58:00.569  INFO 3860 --- [main] c.j.xshopping.XshoppingApplication       : No active profile set, falling back to 1 default profile: "default"
2022-11-13 22:58:01.486  WARN 3860 --- [main] o.m.s.mapper.ClassPathMapperScanner      : No MyBatis mapper was found in '[com.javaclimb.xshopping]' package. Please check your configuration.
2022-11-13 22:58:01.941  INFO 3860 --- [main] o.s.b.w.embedded.tomcat.TomcatWebServer  : Tomcat initialized with port(s): 8088 (http)
2022-11-13 22:58:01.953  INFO 3860 --- [main] o.apache.catalina.core.StandardService   : Starting service [Tomcat]
2022-11-13 22:58:01.953  INFO 3860 --- [main] org.apache.catalina.core.StandardEngine  : Starting Servlet engine: [Apache Tomcat/9.0.63]
2022-11-13 22:58:02.132  INFO 3860 --- [main] o.a.c.c.C.[Tomcat].[localhost].[/]       : Initializing Spring embedded WebApplicationContext
2022-11-13 22:58:02.132  INFO 3860 --- [main] w.s.c.ServletWebServerApplicationContext : Root WebApplicationContext: initialization completed in 1495 ms
2022-11-13 22:58:02.222  INFO 3860 --- [main] c.a.d.s.b.a.DruidDataSourceAutoConfigure : Init DruidDataSource
2022-11-13 22:58:02.336  INFO 3860 --- [main] com.alibaba.druid.pool.DruidDataSource   : {dataSource-1} inited
2022-11-13 22:58:03.243  WARN 3860 --- [main] ion$DefaultTemplateResolverConfiguration : Cannot find template location: classpath:/templates/ (please add some templates or check your Thymeleaf configuration)
2022-11-13 22:58:03.407  INFO 3860 --- [main] o.s.b.w.embedded.tomcat.TomcatWebServer  : Tomcat started on port(s): 8088 (http) with context path ''
2022-11-13 22:58:03.423  INFO 3860 --- [main] c.j.xshopping.XshoppingApplication       : Started XshoppingApplication in 3.869 seconds (JVM running for 5.678)
2022-11-13 22:59:03.161  INFO 3860 --- [http-nio-8088-exec-1] o.a.c.c.C.[Tomcat].[localhost].[/]       : Initializing Spring DispatcherServlet 'dispatcherServlet'
2022-11-13 22:59:03.161  INFO 3860 --- [http-nio-8088-exec-1] o.s.web.servlet.DispatcherServlet        : Initializing Servlet 'dispatcherServlet'
2022-11-13 22:59:03.162  INFO 3860 --- [http-nio-8088-exec-1] o.s.web.servlet.DispatcherServlet        : Completed initialization in 1 ms
2022-11-13 22:59:03.632  WARN 3860 --- [http-nio-8088-exec-1] o.a.c.util.SessionIdGeneratorBase        : Creation of SecureRandom instance for session ID generation using [SHA1PRNG] took [449] milliseconds.
2022-11-13 23:03:35.344  INFO 11420 --- [main] c.j.xshopping.XshoppingApplication       : Starting XshoppingApplication using Java 11.0.9.1 on test with PID 11420 (D:\idea_workspace\wxshop\shopp\target\classes started by lenovo in D:\idea_workspace\wxshop\shopp)
2022-11-13 23:03:35.348  INFO 11420 --- [main] c.j.xshopping.XshoppingApplication       : No active profile set, falling back to 1 default profile: "default"
2022-11-13 23:03:36.243  WARN 11420 --- [main] o.m.s.mapper.ClassPathMapperScanner      : No MyBatis mapper was found in '[com.javaclimb.xshopping]' package. Please check your configuration.
2022-11-13 23:03:36.718  INFO 11420 --- [main] o.s.b.w.embedded.tomcat.TomcatWebServer  : Tomcat initialized with port(s): 8088 (http)
2022-11-13 23:03:36.736  INFO 11420 --- [main] o.apache.catalina.core.StandardService   : Starting service [Tomcat]
2022-11-13 23:03:36.737  INFO 11420 --- [main] org.apache.catalina.core.StandardEngine  : Starting Servlet engine: [Apache Tomcat/9.0.63]
2022-11-13 23:03:36.910  INFO 11420 --- [main] o.a.c.c.C.[Tomcat].[localhost].[/]       : Initializing Spring embedded WebApplicationContext
2022-11-13 23:03:36.910  INFO 11420 --- [main] w.s.c.ServletWebServerApplicationContext : Root WebApplicationContext: initialization completed in 1506 ms
2022-11-13 23:03:37.012  INFO 11420 --- [main] c.a.d.s.b.a.DruidDataSourceAutoConfigure : Init DruidDataSource
2022-11-13 23:03:37.144  INFO 11420 --- [main] com.alibaba.druid.pool.DruidDataSource   : {dataSource-1} inited
2022-11-13 23:03:38.252  WARN 11420 --- [main] ion$DefaultTemplateResolverConfiguration : Cannot find template location: classpath:/templates/ (please add some templates or check your Thymeleaf configuration)
2022-11-13 23:03:38.472  INFO 11420 --- [main] o.s.b.w.embedded.tomcat.TomcatWebServer  : Tomcat started on port(s): 8088 (http) with context path ''
2022-11-13 23:03:38.488  INFO 11420 --- [main] c.j.xshopping.XshoppingApplication       : Started XshoppingApplication in 4.136 seconds (JVM running for 5.902)
2022-11-13 23:03:47.716  INFO 11420 --- [http-nio-8088-exec-2] o.a.c.c.C.[Tomcat].[localhost].[/]       : Initializing Spring DispatcherServlet 'dispatcherServlet'
2022-11-13 23:03:47.717  INFO 11420 --- [http-nio-8088-exec-2] o.s.web.servlet.DispatcherServlet        : Initializing Servlet 'dispatcherServlet'
2022-11-13 23:03:47.719  INFO 11420 --- [http-nio-8088-exec-2] o.s.web.servlet.DispatcherServlet        : Completed initialization in 1 ms
2022-11-13 23:03:48.235  WARN 11420 --- [http-nio-8088-exec-2] o.a.c.util.SessionIdGeneratorBase        : Creation of SecureRandom instance for session ID generation using [SHA1PRNG] took [489] milliseconds.
2022-11-13 23:14:42.734  INFO 3012 --- [main] c.j.xshopping.XshoppingApplication       : Starting XshoppingApplication using Java 11.0.9.1 on test with PID 3012 (D:\idea_workspace\wxshop\shopp\target\classes started by lenovo in D:\idea_workspace\wxshop\shopp)
2022-11-13 23:14:42.738  INFO 3012 --- [main] c.j.xshopping.XshoppingApplication       : No active profile set, falling back to 1 default profile: "default"
2022-11-13 23:14:43.854  WARN 3012 --- [main] o.m.s.mapper.ClassPathMapperScanner      : No MyBatis mapper was found in '[com.javaclimb.xshopping]' package. Please check your configuration.
2022-11-13 23:14:44.468  INFO 3012 --- [main] o.s.b.w.embedded.tomcat.TomcatWebServer  : Tomcat initialized with port(s): 8088 (http)
2022-11-13 23:14:44.484  INFO 3012 --- [main] o.apache.catalina.core.StandardService   : Starting service [Tomcat]
2022-11-13 23:14:44.485  INFO 3012 --- [main] org.apache.catalina.core.StandardEngine  : Starting Servlet engine: [Apache Tomcat/9.0.63]
2022-11-13 23:14:44.664  INFO 3012 --- [main] o.a.c.c.C.[Tomcat].[localhost].[/]       : Initializing Spring embedded WebApplicationContext
2022-11-13 23:14:44.665  INFO 3012 --- [main] w.s.c.ServletWebServerApplicationContext : Root WebApplicationContext: initialization completed in 1872 ms
2022-11-13 23:14:44.779  INFO 3012 --- [main] c.a.d.s.b.a.DruidDataSourceAutoConfigure : Init DruidDataSource
2022-11-13 23:14:44.993  INFO 3012 --- [main] com.alibaba.druid.pool.DruidDataSource   : {dataSource-1} inited
2022-11-13 23:14:46.357  WARN 3012 --- [main] ion$DefaultTemplateResolverConfiguration : Cannot find template location: classpath:/templates/ (please add some templates or check your Thymeleaf configuration)
2022-11-13 23:14:46.595  INFO 3012 --- [main] o.s.b.w.embedded.tomcat.TomcatWebServer  : Tomcat started on port(s): 8088 (http) with context path ''
2022-11-13 23:14:46.613  INFO 3012 --- [main] c.j.xshopping.XshoppingApplication       : Started XshoppingApplication in 4.659 seconds (JVM running for 7.005)
2022-11-13 23:14:52.866  INFO 3012 --- [http-nio-8088-exec-2] o.a.c.c.C.[Tomcat].[localhost].[/]       : Initializing Spring DispatcherServlet 'dispatcherServlet'
2022-11-13 23:14:52.869  INFO 3012 --- [http-nio-8088-exec-2] o.s.web.servlet.DispatcherServlet        : Initializing Servlet 'dispatcherServlet'
2022-11-13 23:14:52.874  INFO 3012 --- [http-nio-8088-exec-2] o.s.web.servlet.DispatcherServlet        : Completed initialization in 4 ms
2022-11-13 23:14:55.156  WARN 3012 --- [http-nio-8088-exec-5] o.a.c.util.SessionIdGeneratorBase        : Creation of SecureRandom instance for session ID generation using [SHA1PRNG] took [482] milliseconds.
2022-11-13 23:16:21.306  INFO 2044 --- [main] c.j.xshopping.XshoppingApplication       : Starting XshoppingApplication using Java 11.0.9.1 on test with PID 2044 (D:\idea_workspace\wxshop\shopp\target\classes started by lenovo in D:\idea_workspace\wxshop\shopp)
2022-11-13 23:16:21.311  INFO 2044 --- [main] c.j.xshopping.XshoppingApplication       : No active profile set, falling back to 1 default profile: "default"
2022-11-13 23:16:22.600  WARN 2044 --- [main] o.m.s.mapper.ClassPathMapperScanner      : No MyBatis mapper was found in '[com.javaclimb.xshopping]' package. Please check your configuration.
2022-11-13 23:16:23.166  INFO 2044 --- [main] o.s.b.w.embedded.tomcat.TomcatWebServer  : Tomcat initialized with port(s): 8088 (http)
2022-11-13 23:16:23.178  INFO 2044 --- [main] o.apache.catalina.core.StandardService   : Starting service [Tomcat]
2022-11-13 23:16:23.178  INFO 2044 --- [main] org.apache.catalina.core.StandardEngine  : Starting Servlet engine: [Apache Tomcat/9.0.63]
2022-11-13 23:16:23.351  INFO 2044 --- [main] o.a.c.c.C.[Tomcat].[localhost].[/]       : Initializing Spring embedded WebApplicationContext
2022-11-13 23:16:23.351  INFO 2044 --- [main] w.s.c.ServletWebServerApplicationContext : Root WebApplicationContext: initialization completed in 1952 ms
2022-11-13 23:16:23.463  INFO 2044 --- [main] c.a.d.s.b.a.DruidDataSourceAutoConfigure : Init DruidDataSource
2022-11-13 23:16:23.592  INFO 2044 --- [main] com.alibaba.druid.pool.DruidDataSource   : {dataSource-1} inited
2022-11-13 23:16:25.250  WARN 2044 --- [main] ion$DefaultTemplateResolverConfiguration : Cannot find template location: classpath:/templates/ (please add some templates or check your Thymeleaf configuration)
2022-11-13 23:16:25.462  INFO 2044 --- [main] o.s.b.w.embedded.tomcat.TomcatWebServer  : Tomcat started on port(s): 8088 (http) with context path ''
2022-11-13 23:16:25.478  INFO 2044 --- [main] c.j.xshopping.XshoppingApplication       : Started XshoppingApplication in 5.546 seconds (JVM running for 7.699)
2022-11-13 23:16:36.280  INFO 2044 --- [http-nio-8088-exec-2] o.a.c.c.C.[Tomcat].[localhost].[/]       : Initializing Spring DispatcherServlet 'dispatcherServlet'
2022-11-13 23:16:36.281  INFO 2044 --- [http-nio-8088-exec-2] o.s.web.servlet.DispatcherServlet        : Initializing Servlet 'dispatcherServlet'
2022-11-13 23:16:36.282  INFO 2044 --- [http-nio-8088-exec-2] o.s.web.servlet.DispatcherServlet        : Completed initialization in 0 ms
2022-11-13 23:16:36.803  WARN 2044 --- [http-nio-8088-exec-2] o.a.c.util.SessionIdGeneratorBase        : Creation of SecureRandom instance for session ID generation using [SHA1PRNG] took [499] milliseconds.
2022-11-13 23:18:46.575  INFO 7204 --- [main] c.j.xshopping.XshoppingApplication       : Starting XshoppingApplication using Java 11.0.9.1 on test with PID 7204 (D:\idea_workspace\wxshop\shopp\target\classes started by lenovo in D:\idea_workspace\wxshop\shopp)
2022-11-13 23:18:46.579  INFO 7204 --- [main] c.j.xshopping.XshoppingApplication       : No active profile set, falling back to 1 default profile: "default"
2022-11-13 23:18:47.489  WARN 7204 --- [main] o.m.s.mapper.ClassPathMapperScanner      : No MyBatis mapper was found in '[com.javaclimb.xshopping]' package. Please check your configuration.
2022-11-13 23:18:47.934  INFO 7204 --- [main] o.s.b.w.embedded.tomcat.TomcatWebServer  : Tomcat initialized with port(s): 8088 (http)
2022-11-13 23:18:47.948  INFO 7204 --- [main] o.apache.catalina.core.StandardService   : Starting service [Tomcat]
2022-11-13 23:18:47.949  INFO 7204 --- [main] org.apache.catalina.core.StandardEngine  : Starting Servlet engine: [Apache Tomcat/9.0.63]
2022-11-13 23:18:48.112  INFO 7204 --- [main] o.a.c.c.C.[Tomcat].[localhost].[/]       : Initializing Spring embedded WebApplicationContext
2022-11-13 23:18:48.113  INFO 7204 --- [main] w.s.c.ServletWebServerApplicationContext : Root WebApplicationContext: initialization completed in 1479 ms
2022-11-13 23:18:48.200  INFO 7204 --- [main] c.a.d.s.b.a.DruidDataSourceAutoConfigure : Init DruidDataSource
2022-11-13 23:18:48.314  INFO 7204 --- [main] com.alibaba.druid.pool.DruidDataSource   : {dataSource-1} inited
2022-11-13 23:18:49.196  WARN 7204 --- [main] ion$DefaultTemplateResolverConfiguration : Cannot find template location: classpath:/templates/ (please add some templates or check your Thymeleaf configuration)
2022-11-13 23:18:49.376  INFO 7204 --- [main] o.s.b.w.embedded.tomcat.TomcatWebServer  : Tomcat started on port(s): 8088 (http) with context path ''
2022-11-13 23:18:49.388  INFO 7204 --- [main] c.j.xshopping.XshoppingApplication       : Started XshoppingApplication in 3.668 seconds (JVM running for 5.385)
2022-11-13 23:18:52.262  INFO 7204 --- [http-nio-8088-exec-1] o.a.c.c.C.[Tomcat].[localhost].[/]       : Initializing Spring DispatcherServlet 'dispatcherServlet'
2022-11-13 23:18:52.263  INFO 7204 --- [http-nio-8088-exec-1] o.s.web.servlet.DispatcherServlet        : Initializing Servlet 'dispatcherServlet'
2022-11-13 23:18:52.264  INFO 7204 --- [http-nio-8088-exec-1] o.s.web.servlet.DispatcherServlet        : Completed initialization in 1 ms
2022-11-13 23:18:52.785  WARN 7204 --- [http-nio-8088-exec-1] o.a.c.util.SessionIdGeneratorBase        : Creation of SecureRandom instance for session ID generation using [SHA1PRNG] took [499] milliseconds.
2022-11-13 23:20:13.421  INFO 1468 --- [main] c.j.xshopping.XshoppingApplication       : Starting XshoppingApplication using Java 11.0.9.1 on test with PID 1468 (D:\idea_workspace\wxshop\shopp\target\classes started by lenovo in D:\idea_workspace\wxshop\shopp)
2022-11-13 23:20:13.426  INFO 1468 --- [main] c.j.xshopping.XshoppingApplication       : No active profile set, falling back to 1 default profile: "default"
2022-11-13 23:20:14.409  WARN 1468 --- [main] o.m.s.mapper.ClassPathMapperScanner      : No MyBatis mapper was found in '[com.javaclimb.xshopping]' package. Please check your configuration.
2022-11-13 23:20:14.926  INFO 1468 --- [main] o.s.b.w.embedded.tomcat.TomcatWebServer  : Tomcat initialized with port(s): 8088 (http)
2022-11-13 23:20:14.939  INFO 1468 --- [main] o.apache.catalina.core.StandardService   : Starting service [Tomcat]
2022-11-13 23:20:14.940  INFO 1468 --- [main] org.apache.catalina.core.StandardEngine  : Starting Servlet engine: [Apache Tomcat/9.0.63]
2022-11-13 23:20:15.094  INFO 1468 --- [main] o.a.c.c.C.[Tomcat].[localhost].[/]       : Initializing Spring embedded WebApplicationContext
2022-11-13 23:20:15.095  INFO 1468 --- [main] w.s.c.ServletWebServerApplicationContext : Root WebApplicationContext: initialization completed in 1602 ms
2022-11-13 23:20:15.179  INFO 1468 --- [main] c.a.d.s.b.a.DruidDataSourceAutoConfigure : Init DruidDataSource
2022-11-13 23:20:15.277  INFO 1468 --- [main] com.alibaba.druid.pool.DruidDataSource   : {dataSource-1} inited
2022-11-13 23:20:16.210  WARN 1468 --- [main] ion$DefaultTemplateResolverConfiguration : Cannot find template location: classpath:/templates/ (please add some templates or check your Thymeleaf configuration)
2022-11-13 23:20:16.404  INFO 1468 --- [main] o.s.b.w.embedded.tomcat.TomcatWebServer  : Tomcat started on port(s): 8088 (http) with context path ''
2022-11-13 23:20:16.420  INFO 1468 --- [main] c.j.xshopping.XshoppingApplication       : Started XshoppingApplication in 3.792 seconds (JVM running for 6.371)
2022-11-13 23:20:25.954  INFO 1468 --- [http-nio-8088-exec-2] o.a.c.c.C.[Tomcat].[localhost].[/]       : Initializing Spring DispatcherServlet 'dispatcherServlet'
2022-11-13 23:20:25.955  INFO 1468 --- [http-nio-8088-exec-2] o.s.web.servlet.DispatcherServlet        : Initializing Servlet 'dispatcherServlet'
2022-11-13 23:20:25.957  INFO 1468 --- [http-nio-8088-exec-2] o.s.web.servlet.DispatcherServlet        : Completed initialization in 1 ms
2022-11-13 23:20:26.497  WARN 1468 --- [http-nio-8088-exec-2] o.a.c.util.SessionIdGeneratorBase        : Creation of SecureRandom instance for session ID generation using [SHA1PRNG] took [516] milliseconds.
2022-11-13 23:21:55.971  INFO 15488 --- [main] c.j.xshopping.XshoppingApplication       : Starting XshoppingApplication using Java 11.0.9.1 on test with PID 15488 (D:\idea_workspace\wxshop\shopp\target\classes started by lenovo in D:\idea_workspace\wxshop\shopp)
2022-11-13 23:21:55.975  INFO 15488 --- [main] c.j.xshopping.XshoppingApplication       : No active profile set, falling back to 1 default profile: "default"
2022-11-13 23:21:56.927  WARN 15488 --- [main] o.m.s.mapper.ClassPathMapperScanner      : No MyBatis mapper was found in '[com.javaclimb.xshopping]' package. Please check your configuration.
2022-11-13 23:21:57.372  INFO 15488 --- [main] o.s.b.w.embedded.tomcat.TomcatWebServer  : Tomcat initialized with port(s): 8088 (http)
2022-11-13 23:21:57.381  INFO 15488 --- [main] o.apache.catalina.core.StandardService   : Starting service [Tomcat]
2022-11-13 23:21:57.383  INFO 15488 --- [main] org.apache.catalina.core.StandardEngine  : Starting Servlet engine: [Apache Tomcat/9.0.63]
2022-11-13 23:21:57.522  INFO 15488 --- [main] o.a.c.c.C.[Tomcat].[localhost].[/]       : Initializing Spring embedded WebApplicationContext
2022-11-13 23:21:57.523  INFO 15488 --- [main] w.s.c.ServletWebServerApplicationContext : Root WebApplicationContext: initialization completed in 1491 ms
2022-11-13 23:21:57.603  INFO 15488 --- [main] c.a.d.s.b.a.DruidDataSourceAutoConfigure : Init DruidDataSource
2022-11-13 23:21:57.707  INFO 15488 --- [main] com.alibaba.druid.pool.DruidDataSource   : {dataSource-1} inited
2022-11-13 23:21:58.567  WARN 15488 --- [main] ion$DefaultTemplateResolverConfiguration : Cannot find template location: classpath:/templates/ (please add some templates or check your Thymeleaf configuration)
2022-11-13 23:21:58.727  INFO 15488 --- [main] o.s.b.w.embedded.tomcat.TomcatWebServer  : Tomcat started on port(s): 8088 (http) with context path ''
2022-11-13 23:21:58.740  INFO 15488 --- [main] c.j.xshopping.XshoppingApplication       : Started XshoppingApplication in 3.612 seconds (JVM running for 5.11)
2022-11-13 23:22:03.470  INFO 15488 --- [http-nio-8088-exec-1] o.a.c.c.C.[Tomcat].[localhost].[/]       : Initializing Spring DispatcherServlet 'dispatcherServlet'
2022-11-13 23:22:03.470  INFO 15488 --- [http-nio-8088-exec-1] o.s.web.servlet.DispatcherServlet        : Initializing Servlet 'dispatcherServlet'
2022-11-13 23:22:03.472  INFO 15488 --- [http-nio-8088-exec-1] o.s.web.servlet.DispatcherServlet        : Completed initialization in 1 ms
2022-11-13 23:22:03.958  WARN 15488 --- [http-nio-8088-exec-1] o.a.c.util.SessionIdGeneratorBase        : Creation of SecureRandom instance for session ID generation using [SHA1PRNG] took [463] milliseconds.
2022-11-13 23:27:54.567  INFO 2496 --- [main] c.j.xshopping.XshoppingApplication       : Starting XshoppingApplication using Java 11.0.9.1 on test with PID 2496 (D:\idea_workspace\wxshop\shopp\target\classes started by lenovo in D:\idea_workspace\wxshop\shopp)
2022-11-13 23:27:54.572  INFO 2496 --- [main] c.j.xshopping.XshoppingApplication       : No active profile set, falling back to 1 default profile: "default"
2022-11-13 23:27:55.542  WARN 2496 --- [main] o.m.s.mapper.ClassPathMapperScanner      : No MyBatis mapper was found in '[com.javaclimb.xshopping]' package. Please check your configuration.
2022-11-13 23:27:56.037  INFO 2496 --- [main] o.s.b.w.embedded.tomcat.TomcatWebServer  : Tomcat initialized with port(s): 8088 (http)
2022-11-13 23:27:56.050  INFO 2496 --- [main] o.apache.catalina.core.StandardService   : Starting service [Tomcat]
2022-11-13 23:27:56.051  INFO 2496 --- [main] org.apache.catalina.core.StandardEngine  : Starting Servlet engine: [Apache Tomcat/9.0.63]
2022-11-13 23:27:56.210  INFO 2496 --- [main] o.a.c.c.C.[Tomcat].[localhost].[/]       : Initializing Spring embedded WebApplicationContext
2022-11-13 23:27:56.210  INFO 2496 --- [main] w.s.c.ServletWebServerApplicationContext : Root WebApplicationContext: initialization completed in 1584 ms
2022-11-13 23:27:56.300  INFO 2496 --- [main] c.a.d.s.b.a.DruidDataSourceAutoConfigure : Init DruidDataSource
2022-11-13 23:27:56.421  INFO 2496 --- [main] com.alibaba.druid.pool.DruidDataSource   : {dataSource-1} inited
2022-11-13 23:27:57.483  WARN 2496 --- [main] ion$DefaultTemplateResolverConfiguration : Cannot find template location: classpath:/templates/ (please add some templates or check your Thymeleaf configuration)
2022-11-13 23:27:57.668  INFO 2496 --- [main] o.s.b.w.embedded.tomcat.TomcatWebServer  : Tomcat started on port(s): 8088 (http) with context path ''
2022-11-13 23:27:57.683  INFO 2496 --- [main] c.j.xshopping.XshoppingApplication       : Started XshoppingApplication in 4.018 seconds (JVM running for 5.828)
2022-11-13 23:28:07.052  INFO 2496 --- [http-nio-8088-exec-2] o.a.c.c.C.[Tomcat].[localhost].[/]       : Initializing Spring DispatcherServlet 'dispatcherServlet'
2022-11-13 23:28:07.053  INFO 2496 --- [http-nio-8088-exec-2] o.s.web.servlet.DispatcherServlet        : Initializing Servlet 'dispatcherServlet'
2022-11-13 23:28:07.054  INFO 2496 --- [http-nio-8088-exec-2] o.s.web.servlet.DispatcherServlet        : Completed initialization in 1 ms
2022-11-13 23:28:07.580  WARN 2496 --- [http-nio-8088-exec-2] o.a.c.util.SessionIdGeneratorBase        : Creation of SecureRandom instance for session ID generation using [SHA1PRNG] took [507] milliseconds.
2022-11-13 23:33:00.556  INFO 3320 --- [main] c.j.xshopping.XshoppingApplication       : Starting XshoppingApplication using Java 11.0.9.1 on test with PID 3320 (D:\idea_workspace\wxshop\shopp\target\classes started by lenovo in D:\idea_workspace\wxshop\shopp)
2022-11-13 23:33:00.560  INFO 3320 --- [main] c.j.xshopping.XshoppingApplication       : No active profile set, falling back to 1 default profile: "default"
2022-11-13 23:33:01.761  WARN 3320 --- [main] o.m.s.mapper.ClassPathMapperScanner      : No MyBatis mapper was found in '[com.javaclimb.xshopping]' package. Please check your configuration.
2022-11-13 23:33:02.608  INFO 3320 --- [main] o.s.b.w.embedded.tomcat.TomcatWebServer  : Tomcat initialized with port(s): 8088 (http)
2022-11-13 23:33:02.628  INFO 3320 --- [main] o.apache.catalina.core.StandardService   : Starting service [Tomcat]
2022-11-13 23:33:02.629  INFO 3320 --- [main] org.apache.catalina.core.StandardEngine  : Starting Servlet engine: [Apache Tomcat/9.0.63]
2022-11-13 23:33:02.895  INFO 3320 --- [main] o.a.c.c.C.[Tomcat].[localhost].[/]       : Initializing Spring embedded WebApplicationContext
2022-11-13 23:33:02.896  INFO 3320 --- [main] w.s.c.ServletWebServerApplicationContext : Root WebApplicationContext: initialization completed in 2277 ms
2022-11-13 23:33:03.061  INFO 3320 --- [main] c.a.d.s.b.a.DruidDataSourceAutoConfigure : Init DruidDataSource
2022-11-13 23:33:03.374  INFO 3320 --- [main] com.alibaba.druid.pool.DruidDataSource   : {dataSource-1} inited
2022-11-13 23:33:05.160  WARN 3320 --- [main] ion$DefaultTemplateResolverConfiguration : Cannot find template location: classpath:/templates/ (please add some templates or check your Thymeleaf configuration)
2022-11-13 23:33:05.388  INFO 3320 --- [main] o.s.b.w.embedded.tomcat.TomcatWebServer  : Tomcat started on port(s): 8088 (http) with context path ''
2022-11-13 23:33:05.405  INFO 3320 --- [main] c.j.xshopping.XshoppingApplication       : Started XshoppingApplication in 5.742 seconds (JVM running for 8.924)
2022-11-13 23:33:14.545  INFO 3320 --- [http-nio-8088-exec-1] o.a.c.c.C.[Tomcat].[localhost].[/]       : Initializing Spring DispatcherServlet 'dispatcherServlet'
2022-11-13 23:33:14.545  INFO 3320 --- [http-nio-8088-exec-1] o.s.web.servlet.DispatcherServlet        : Initializing Servlet 'dispatcherServlet'
2022-11-13 23:33:14.547  INFO 3320 --- [http-nio-8088-exec-1] o.s.web.servlet.DispatcherServlet        : Completed initialization in 1 ms
2022-11-13 23:33:15.114  WARN 3320 --- [http-nio-8088-exec-1] o.a.c.util.SessionIdGeneratorBase        : Creation of SecureRandom instance for session ID generation using [SHA1PRNG] took [539] milliseconds.
2022-11-13 23:33:36.865  INFO 2632 --- [main] c.j.xshopping.XshoppingApplication       : Starting XshoppingApplication using Java 11.0.9.1 on test with PID 2632 (D:\idea_workspace\wxshop\shopp\target\classes started by lenovo in D:\idea_workspace\wxshop\shopp)
2022-11-13 23:33:36.870  INFO 2632 --- [main] c.j.xshopping.XshoppingApplication       : No active profile set, falling back to 1 default profile: "default"
2022-11-13 23:33:37.938  WARN 2632 --- [main] o.m.s.mapper.ClassPathMapperScanner      : No MyBatis mapper was found in '[com.javaclimb.xshopping]' package. Please check your configuration.
2022-11-13 23:33:38.473  INFO 2632 --- [main] o.s.b.w.embedded.tomcat.TomcatWebServer  : Tomcat initialized with port(s): 8088 (http)
2022-11-13 23:33:38.486  INFO 2632 --- [main] o.apache.catalina.core.StandardService   : Starting service [Tomcat]
2022-11-13 23:33:38.487  INFO 2632 --- [main] org.apache.catalina.core.StandardEngine  : Starting Servlet engine: [Apache Tomcat/9.0.63]
2022-11-13 23:33:38.657  INFO 2632 --- [main] o.a.c.c.C.[Tomcat].[localhost].[/]       : Initializing Spring embedded WebApplicationContext
2022-11-13 23:33:38.657  INFO 2632 --- [main] w.s.c.ServletWebServerApplicationContext : Root WebApplicationContext: initialization completed in 1729 ms
2022-11-13 23:33:38.764  INFO 2632 --- [main] c.a.d.s.b.a.DruidDataSourceAutoConfigure : Init DruidDataSource
2022-11-13 23:33:38.903  INFO 2632 --- [main] com.alibaba.druid.pool.DruidDataSource   : {dataSource-1} inited
2022-11-13 23:33:39.898  WARN 2632 --- [main] ion$DefaultTemplateResolverConfiguration : Cannot find template location: classpath:/templates/ (please add some templates or check your Thymeleaf configuration)
2022-11-13 23:33:40.124  INFO 2632 --- [main] o.s.b.w.embedded.tomcat.TomcatWebServer  : Tomcat started on port(s): 8088 (http) with context path ''
2022-11-13 23:33:40.144  INFO 2632 --- [main] c.j.xshopping.XshoppingApplication       : Started XshoppingApplication in 4.193 seconds (JVM running for 6.124)
2022-11-13 23:33:44.545  INFO 2632 --- [http-nio-8088-exec-1] o.a.c.c.C.[Tomcat].[localhost].[/]       : Initializing Spring DispatcherServlet 'dispatcherServlet'
2022-11-13 23:33:44.545  INFO 2632 --- [http-nio-8088-exec-1] o.s.web.servlet.DispatcherServlet        : Initializing Servlet 'dispatcherServlet'
2022-11-13 23:33:44.546  INFO 2632 --- [http-nio-8088-exec-1] o.s.web.servlet.DispatcherServlet        : Completed initialization in 1 ms
2022-11-13 23:33:45.122  WARN 2632 --- [http-nio-8088-exec-1] o.a.c.util.SessionIdGeneratorBase        : Creation of SecureRandom instance for session ID generation using [SHA1PRNG] took [553] milliseconds.
2022-11-13 23:39:30.992  INFO 14712 --- [main] c.j.xshopping.XshoppingApplication       : Starting XshoppingApplication using Java 11.0.9.1 on test with PID 14712 (D:\idea_workspace\wxshop\shopp\target\classes started by lenovo in D:\idea_workspace\wxshop\shopp)
2022-11-13 23:39:30.996  INFO 14712 --- [main] c.j.xshopping.XshoppingApplication       : No active profile set, falling back to 1 default profile: "default"
2022-11-13 23:39:31.890  WARN 14712 --- [main] o.m.s.mapper.ClassPathMapperScanner      : No MyBatis mapper was found in '[com.javaclimb.xshopping]' package. Please check your configuration.
2022-11-13 23:39:32.305  INFO 14712 --- [main] o.s.b.w.embedded.tomcat.TomcatWebServer  : Tomcat initialized with port(s): 8088 (http)
2022-11-13 23:39:32.316  INFO 14712 --- [main] o.apache.catalina.core.StandardService   : Starting service [Tomcat]
2022-11-13 23:39:32.316  INFO 14712 --- [main] org.apache.catalina.core.StandardEngine  : Starting Servlet engine: [Apache Tomcat/9.0.63]
2022-11-13 23:39:32.461  INFO 14712 --- [main] o.a.c.c.C.[Tomcat].[localhost].[/]       : Initializing Spring embedded WebApplicationContext
2022-11-13 23:39:32.461  INFO 14712 --- [main] w.s.c.ServletWebServerApplicationContext : Root WebApplicationContext: initialization completed in 1405 ms
2022-11-13 23:39:32.547  INFO 14712 --- [main] c.a.d.s.b.a.DruidDataSourceAutoConfigure : Init DruidDataSource
2022-11-13 23:39:32.672  INFO 14712 --- [main] com.alibaba.druid.pool.DruidDataSource   : {dataSource-1} inited
2022-11-13 23:39:33.528  WARN 14712 --- [main] ion$DefaultTemplateResolverConfiguration : Cannot find template location: classpath:/templates/ (please add some templates or check your Thymeleaf configuration)
2022-11-13 23:39:33.695  INFO 14712 --- [main] o.s.b.w.embedded.tomcat.TomcatWebServer  : Tomcat started on port(s): 8088 (http) with context path ''
2022-11-13 23:39:33.708  INFO 14712 --- [main] c.j.xshopping.XshoppingApplication       : Started XshoppingApplication in 3.519 seconds (JVM running for 5.032)
2022-11-13 23:39:45.437  INFO 14712 --- [http-nio-8088-exec-1] o.a.c.c.C.[Tomcat].[localhost].[/]       : Initializing Spring DispatcherServlet 'dispatcherServlet'
2022-11-13 23:39:45.438  INFO 14712 --- [http-nio-8088-exec-1] o.s.web.servlet.DispatcherServlet        : Initializing Servlet 'dispatcherServlet'
2022-11-13 23:39:45.439  INFO 14712 --- [http-nio-8088-exec-1] o.s.web.servlet.DispatcherServlet        : Completed initialization in 0 ms
2022-11-13 23:39:45.950  WARN 14712 --- [http-nio-8088-exec-1] o.a.c.util.SessionIdGeneratorBase        : Creation of SecureRandom instance for session ID generation using [SHA1PRNG] took [486] milliseconds.
2022-11-13 23:42:12.339  INFO 13528 --- [main] c.j.xshopping.XshoppingApplication       : Starting XshoppingApplication using Java 11.0.9.1 on test with PID 13528 (D:\idea_workspace\wxshop\shopp\target\classes started by lenovo in D:\idea_workspace\wxshop\shopp)
2022-11-13 23:42:12.344  INFO 13528 --- [main] c.j.xshopping.XshoppingApplication       : No active profile set, falling back to 1 default profile: "default"
2022-11-13 23:42:13.225  WARN 13528 --- [main] o.m.s.mapper.ClassPathMapperScanner      : No MyBatis mapper was found in '[com.javaclimb.xshopping]' package. Please check your configuration.
2022-11-13 23:42:13.632  INFO 13528 --- [main] o.s.b.w.embedded.tomcat.TomcatWebServer  : Tomcat initialized with port(s): 8088 (http)
2022-11-13 23:42:13.643  INFO 13528 --- [main] o.apache.catalina.core.StandardService   : Starting service [Tomcat]
2022-11-13 23:42:13.643  INFO 13528 --- [main] org.apache.catalina.core.StandardEngine  : Starting Servlet engine: [Apache Tomcat/9.0.63]
2022-11-13 23:42:13.790  INFO 13528 --- [main] o.a.c.c.C.[Tomcat].[localhost].[/]       : Initializing Spring embedded WebApplicationContext
2022-11-13 23:42:13.790  INFO 13528 --- [main] w.s.c.ServletWebServerApplicationContext : Root WebApplicationContext: initialization completed in 1388 ms
2022-11-13 23:42:13.879  INFO 13528 --- [main] c.a.d.s.b.a.DruidDataSourceAutoConfigure : Init DruidDataSource
2022-11-13 23:42:13.974  INFO 13528 --- [main] com.alibaba.druid.pool.DruidDataSource   : {dataSource-1} inited
2022-11-13 23:42:14.826  WARN 13528 --- [main] ion$DefaultTemplateResolverConfiguration : Cannot find template location: classpath:/templates/ (please add some templates or check your Thymeleaf configuration)
2022-11-13 23:42:14.984  INFO 13528 --- [main] o.s.b.w.embedded.tomcat.TomcatWebServer  : Tomcat started on port(s): 8088 (http) with context path ''
2022-11-13 23:42:15.004  INFO 13528 --- [main] c.j.xshopping.XshoppingApplication       : Started XshoppingApplication in 3.453 seconds (JVM running for 5.006)
2022-11-13 23:42:18.581  INFO 13528 --- [http-nio-8088-exec-1] o.a.c.c.C.[Tomcat].[localhost].[/]       : Initializing Spring DispatcherServlet 'dispatcherServlet'
2022-11-13 23:42:18.582  INFO 13528 --- [http-nio-8088-exec-1] o.s.web.servlet.DispatcherServlet        : Initializing Servlet 'dispatcherServlet'
2022-11-13 23:42:18.583  INFO 13528 --- [http-nio-8088-exec-1] o.s.web.servlet.DispatcherServlet        : Completed initialization in 0 ms
2022-11-13 23:42:19.101  WARN 13528 --- [http-nio-8088-exec-1] o.a.c.util.SessionIdGeneratorBase        : Creation of SecureRandom instance for session ID generation using [SHA1PRNG] took [494] milliseconds.
2022-11-13 23:46:00.539  INFO 8344 --- [main] c.j.xshopping.XshoppingApplication       : Starting XshoppingApplication using Java 11.0.9.1 on test with PID 8344 (D:\idea_workspace\wxshop\shopp\target\classes started by lenovo in D:\idea_workspace\wxshop\shopp)
2022-11-13 23:46:00.545  INFO 8344 --- [main] c.j.xshopping.XshoppingApplication       : No active profile set, falling back to 1 default profile: "default"
2022-11-13 23:46:01.685  WARN 8344 --- [main] o.m.s.mapper.ClassPathMapperScanner      : No MyBatis mapper was found in '[com.javaclimb.xshopping]' package. Please check your configuration.
2022-11-13 23:46:02.225  INFO 8344 --- [main] o.s.b.w.embedded.tomcat.TomcatWebServer  : Tomcat initialized with port(s): 8088 (http)
2022-11-13 23:46:02.242  INFO 8344 --- [main] o.apache.catalina.core.StandardService   : Starting service [Tomcat]
2022-11-13 23:46:02.242  INFO 8344 --- [main] org.apache.catalina.core.StandardEngine  : Starting Servlet engine: [Apache Tomcat/9.0.63]
2022-11-13 23:46:02.454  INFO 8344 --- [main] o.a.c.c.C.[Tomcat].[localhost].[/]       : Initializing Spring embedded WebApplicationContext
2022-11-13 23:46:02.455  INFO 8344 --- [main] w.s.c.ServletWebServerApplicationContext : Root WebApplicationContext: initialization completed in 1828 ms
2022-11-13 23:46:02.564  INFO 8344 --- [main] c.a.d.s.b.a.DruidDataSourceAutoConfigure : Init DruidDataSource
2022-11-13 23:46:02.714  INFO 8344 --- [main] com.alibaba.druid.pool.DruidDataSource   : {dataSource-1} inited
2022-11-13 23:46:03.806  WARN 8344 --- [main] ion$DefaultTemplateResolverConfiguration : Cannot find template location: classpath:/templates/ (please add some templates or check your Thymeleaf configuration)
2022-11-13 23:46:04.032  INFO 8344 --- [main] o.s.b.w.embedded.tomcat.TomcatWebServer  : Tomcat started on port(s): 8088 (http) with context path ''
2022-11-13 23:46:04.050  INFO 8344 --- [main] c.j.xshopping.XshoppingApplication       : Started XshoppingApplication in 4.546 seconds (JVM running for 6.555)
2022-11-13 23:46:07.811  INFO 8344 --- [http-nio-8088-exec-1] o.a.c.c.C.[Tomcat].[localhost].[/]       : Initializing Spring DispatcherServlet 'dispatcherServlet'
2022-11-13 23:46:07.812  INFO 8344 --- [http-nio-8088-exec-1] o.s.web.servlet.DispatcherServlet        : Initializing Servlet 'dispatcherServlet'
2022-11-13 23:46:07.814  INFO 8344 --- [http-nio-8088-exec-1] o.s.web.servlet.DispatcherServlet        : Completed initialization in 2 ms
2022-11-13 23:46:08.408  WARN 8344 --- [http-nio-8088-exec-1] o.a.c.util.SessionIdGeneratorBase        : Creation of SecureRandom instance for session ID generation using [SHA1PRNG] took [563] milliseconds.
