2022-11-12 21:08:54.379  INFO 5116 --- [main] c.j.xshopping.XshoppingApplication       : Starting XshoppingApplication using Java 11.0.9.1 on test with PID 5116 (D:\idea_workspace\wxshop\shopp\target\classes started by lenovo in D:\idea_workspace\wxshop\shopp)
2022-11-12 21:08:54.384  INFO 5116 --- [main] c.j.xshopping.XshoppingApplication       : No active profile set, falling back to 1 default profile: "default"
2022-11-12 21:08:55.450  WARN 5116 --- [main] o.m.s.mapper.ClassPathMapperScanner      : No MyBatis mapper was found in '[com.javaclimb.xshopping]' package. Please check your configuration.
2022-11-12 21:08:55.924  INFO 5116 --- [main] o.s.b.w.embedded.tomcat.TomcatWebServer  : Tomcat initialized with port(s): 8081 (http)
2022-11-12 21:08:55.936  INFO 5116 --- [main] o.apache.catalina.core.StandardService   : Starting service [Tomcat]
2022-11-12 21:08:55.937  INFO 5116 --- [main] org.apache.catalina.core.StandardEngine  : Starting Servlet engine: [Apache Tomcat/9.0.63]
2022-11-12 21:08:56.116  INFO 5116 --- [main] o.a.c.c.C.[Tomcat].[localhost].[/]       : Initializing Spring embedded WebApplicationContext
2022-11-12 21:08:56.117  INFO 5116 --- [main] w.s.c.ServletWebServerApplicationContext : Root WebApplicationContext: initialization completed in 1676 ms
2022-11-12 21:08:56.241  INFO 5116 --- [main] c.a.d.s.b.a.DruidDataSourceAutoConfigure : Init DruidDataSource
2022-11-12 21:08:56.408  INFO 5116 --- [main] com.alibaba.druid.pool.DruidDataSource   : {dataSource-1} inited
2022-11-12 21:08:57.404  WARN 5116 --- [main] ion$DefaultTemplateResolverConfiguration : Cannot find template location: classpath:/templates/ (please add some templates or check your Thymeleaf configuration)
2022-11-12 21:08:57.574  INFO 5116 --- [main] o.s.b.w.embedded.tomcat.TomcatWebServer  : Tomcat started on port(s): 8081 (http) with context path ''
2022-11-12 21:08:57.589  INFO 5116 --- [main] c.j.xshopping.XshoppingApplication       : Started XshoppingApplication in 4.168 seconds (JVM running for 6.159)
2022-11-12 21:40:12.067  INFO 5116 --- [http-nio-8081-exec-1] o.apache.tomcat.util.http.parser.Cookie  : A cookie header was received [freePromorunningtmr=Fri Jan 02 1970 02:18:01 GMT+0800 (中国标准时间);] that contained an invalid cookie. That cookie will be ignored.
 Note: further occurrences of this error will be logged at DEBUG level.
2022-11-12 21:40:12.096  INFO 5116 --- [http-nio-8081-exec-1] o.a.c.c.C.[Tomcat].[localhost].[/]       : Initializing Spring DispatcherServlet 'dispatcherServlet'
2022-11-12 21:40:12.097  INFO 5116 --- [http-nio-8081-exec-1] o.s.web.servlet.DispatcherServlet        : Initializing Servlet 'dispatcherServlet'
2022-11-12 21:40:12.111  INFO 5116 --- [http-nio-8081-exec-1] o.s.web.servlet.DispatcherServlet        : Completed initialization in 14 ms
2022-11-12 21:40:12.193  WARN 5116 --- [http-nio-8081-exec-1] .w.s.m.s.DefaultHandlerExceptionResolver : Resolved [org.springframework.web.method.annotation.MethodArgumentTypeMismatchException: Failed to convert value of type 'java.lang.String' to required type 'long'; nested exception is java.lang.NumberFormatException: For input string: "download"]
2022-11-12 21:41:05.180  INFO 6376 --- [main] c.j.xshopping.XshoppingApplication       : Starting XshoppingApplication using Java 11.0.9.1 on test with PID 6376 (D:\idea_workspace\wxshop\shopp\target\classes started by lenovo in D:\idea_workspace\wxshop\shopp)
2022-11-12 21:41:05.186  INFO 6376 --- [main] c.j.xshopping.XshoppingApplication       : No active profile set, falling back to 1 default profile: "default"
2022-11-12 21:41:06.112  WARN 6376 --- [main] o.m.s.mapper.ClassPathMapperScanner      : No MyBatis mapper was found in '[com.javaclimb.xshopping]' package. Please check your configuration.
2022-11-12 21:41:06.651  INFO 6376 --- [main] o.s.b.w.embedded.tomcat.TomcatWebServer  : Tomcat initialized with port(s): 8081 (http)
2022-11-12 21:41:06.668  INFO 6376 --- [main] o.apache.catalina.core.StandardService   : Starting service [Tomcat]
2022-11-12 21:41:06.668  INFO 6376 --- [main] org.apache.catalina.core.StandardEngine  : Starting Servlet engine: [Apache Tomcat/9.0.63]
2022-11-12 21:41:06.895  INFO 6376 --- [main] o.a.c.c.C.[Tomcat].[localhost].[/]       : Initializing Spring embedded WebApplicationContext
2022-11-12 21:41:06.896  INFO 6376 --- [main] w.s.c.ServletWebServerApplicationContext : Root WebApplicationContext: initialization completed in 1647 ms
2022-11-12 21:41:07.039  INFO 6376 --- [main] c.a.d.s.b.a.DruidDataSourceAutoConfigure : Init DruidDataSource
2022-11-12 21:41:07.203  INFO 6376 --- [main] com.alibaba.druid.pool.DruidDataSource   : {dataSource-1} inited
2022-11-12 21:41:08.237  WARN 6376 --- [main] ion$DefaultTemplateResolverConfiguration : Cannot find template location: classpath:/templates/ (please add some templates or check your Thymeleaf configuration)
2022-11-12 21:41:08.424  INFO 6376 --- [main] o.s.b.w.embedded.tomcat.TomcatWebServer  : Tomcat started on port(s): 8081 (http) with context path ''
2022-11-12 21:41:08.443  INFO 6376 --- [main] c.j.xshopping.XshoppingApplication       : Started XshoppingApplication in 4.117 seconds (JVM running for 5.719)
2022-11-12 21:41:11.501  INFO 6376 --- [http-nio-8081-exec-1] o.apache.tomcat.util.http.parser.Cookie  : A cookie header was received [freePromorunningtmr=Fri Jan 02 1970 02:18:01 GMT+0800 (中国标准时间);] that contained an invalid cookie. That cookie will be ignored.
 Note: further occurrences of this error will be logged at DEBUG level.
2022-11-12 21:41:11.512  INFO 6376 --- [http-nio-8081-exec-1] o.a.c.c.C.[Tomcat].[localhost].[/]       : Initializing Spring DispatcherServlet 'dispatcherServlet'
2022-11-12 21:41:11.513  INFO 6376 --- [http-nio-8081-exec-1] o.s.web.servlet.DispatcherServlet        : Initializing Servlet 'dispatcherServlet'
2022-11-12 21:41:11.514  INFO 6376 --- [http-nio-8081-exec-1] o.s.web.servlet.DispatcherServlet        : Completed initialization in 1 ms
2022-11-12 21:43:18.861  INFO 1820 --- [main] c.j.xshopping.XshoppingApplication       : Starting XshoppingApplication using Java 11.0.9.1 on test with PID 1820 (D:\idea_workspace\wxshop\shopp\target\classes started by lenovo in D:\idea_workspace\wxshop\shopp)
2022-11-12 21:43:18.865  INFO 1820 --- [main] c.j.xshopping.XshoppingApplication       : No active profile set, falling back to 1 default profile: "default"
2022-11-12 21:43:19.905  WARN 1820 --- [main] o.m.s.mapper.ClassPathMapperScanner      : No MyBatis mapper was found in '[com.javaclimb.xshopping]' package. Please check your configuration.
2022-11-12 21:43:20.415  INFO 1820 --- [main] o.s.b.w.embedded.tomcat.TomcatWebServer  : Tomcat initialized with port(s): 8081 (http)
2022-11-12 21:43:20.429  INFO 1820 --- [main] o.apache.catalina.core.StandardService   : Starting service [Tomcat]
2022-11-12 21:43:20.430  INFO 1820 --- [main] org.apache.catalina.core.StandardEngine  : Starting Servlet engine: [Apache Tomcat/9.0.63]
2022-11-12 21:43:20.585  INFO 1820 --- [main] o.a.c.c.C.[Tomcat].[localhost].[/]       : Initializing Spring embedded WebApplicationContext
2022-11-12 21:43:20.585  INFO 1820 --- [main] w.s.c.ServletWebServerApplicationContext : Root WebApplicationContext: initialization completed in 1656 ms
2022-11-12 21:43:20.667  INFO 1820 --- [main] c.a.d.s.b.a.DruidDataSourceAutoConfigure : Init DruidDataSource
2022-11-12 21:43:20.784  INFO 1820 --- [main] com.alibaba.druid.pool.DruidDataSource   : {dataSource-1} inited
2022-11-12 21:43:21.687  WARN 1820 --- [main] ion$DefaultTemplateResolverConfiguration : Cannot find template location: classpath:/templates/ (please add some templates or check your Thymeleaf configuration)
2022-11-12 21:43:21.845  WARN 1820 --- [main] ConfigServletWebServerApplicationContext : Exception encountered during context initialization - cancelling refresh attempt: org.springframework.context.ApplicationContextException: Failed to start bean 'webServerStartStop'; nested exception is org.springframework.boot.web.server.PortInUseException: Port 8081 is already in use
2022-11-12 21:43:21.847  INFO 1820 --- [main] com.alibaba.druid.pool.DruidDataSource   : {dataSource-1} closing ...
2022-11-12 21:43:21.850  INFO 1820 --- [main] com.alibaba.druid.pool.DruidDataSource   : {dataSource-1} closed
2022-11-12 21:43:21.854  INFO 1820 --- [main] o.apache.catalina.core.StandardService   : Stopping service [Tomcat]
2022-11-12 21:43:21.874  INFO 1820 --- [main] ConditionEvaluationReportLoggingListener : 

Error starting ApplicationContext. To display the conditions report re-run your application with 'debug' enabled.
2022-11-12 21:43:21.897 ERROR 1820 --- [main] o.s.b.d.LoggingFailureAnalysisReporter   : 

***************************
APPLICATION FAILED TO START
***************************

Description:

Web server failed to start. Port 8081 was already in use.

Action:

Identify and stop the process that's listening on port 8081 or configure this application to listen on another port.

2022-11-12 21:43:57.409  INFO 8548 --- [main] c.j.xshopping.XshoppingApplication       : Starting XshoppingApplication using Java 11.0.9.1 on test with PID 8548 (D:\idea_workspace\wxshop\shopp\target\classes started by lenovo in D:\idea_workspace\wxshop\shopp)
2022-11-12 21:43:57.413  INFO 8548 --- [main] c.j.xshopping.XshoppingApplication       : No active profile set, falling back to 1 default profile: "default"
2022-11-12 21:43:58.389  WARN 8548 --- [main] o.m.s.mapper.ClassPathMapperScanner      : No MyBatis mapper was found in '[com.javaclimb.xshopping]' package. Please check your configuration.
2022-11-12 21:43:58.812  INFO 8548 --- [main] o.s.b.w.embedded.tomcat.TomcatWebServer  : Tomcat initialized with port(s): 8081 (http)
2022-11-12 21:43:58.822  INFO 8548 --- [main] o.apache.catalina.core.StandardService   : Starting service [Tomcat]
2022-11-12 21:43:58.822  INFO 8548 --- [main] org.apache.catalina.core.StandardEngine  : Starting Servlet engine: [Apache Tomcat/9.0.63]
2022-11-12 21:43:58.967  INFO 8548 --- [main] o.a.c.c.C.[Tomcat].[localhost].[/]       : Initializing Spring embedded WebApplicationContext
2022-11-12 21:43:58.967  INFO 8548 --- [main] w.s.c.ServletWebServerApplicationContext : Root WebApplicationContext: initialization completed in 1496 ms
2022-11-12 21:43:59.045  INFO 8548 --- [main] c.a.d.s.b.a.DruidDataSourceAutoConfigure : Init DruidDataSource
2022-11-12 21:43:59.149  INFO 8548 --- [main] com.alibaba.druid.pool.DruidDataSource   : {dataSource-1} inited
2022-11-12 21:43:59.941  WARN 8548 --- [main] ion$DefaultTemplateResolverConfiguration : Cannot find template location: classpath:/templates/ (please add some templates or check your Thymeleaf configuration)
2022-11-12 21:44:00.093  WARN 8548 --- [main] ConfigServletWebServerApplicationContext : Exception encountered during context initialization - cancelling refresh attempt: org.springframework.context.ApplicationContextException: Failed to start bean 'webServerStartStop'; nested exception is org.springframework.boot.web.server.PortInUseException: Port 8081 is already in use
2022-11-12 21:44:00.096  INFO 8548 --- [main] com.alibaba.druid.pool.DruidDataSource   : {dataSource-1} closing ...
2022-11-12 21:44:00.098  INFO 8548 --- [main] com.alibaba.druid.pool.DruidDataSource   : {dataSource-1} closed
2022-11-12 21:44:00.102  INFO 8548 --- [main] o.apache.catalina.core.StandardService   : Stopping service [Tomcat]
2022-11-12 21:44:00.122  INFO 8548 --- [main] ConditionEvaluationReportLoggingListener : 

Error starting ApplicationContext. To display the conditions report re-run your application with 'debug' enabled.
2022-11-12 21:44:00.145 ERROR 8548 --- [main] o.s.b.d.LoggingFailureAnalysisReporter   : 

***************************
APPLICATION FAILED TO START
***************************

Description:

Web server failed to start. Port 8081 was already in use.

Action:

Identify and stop the process that's listening on port 8081 or configure this application to listen on another port.

2022-11-12 21:44:18.626  INFO 14484 --- [main] c.j.xshopping.XshoppingApplication       : Starting XshoppingApplication using Java 11.0.9.1 on test with PID 14484 (D:\idea_workspace\wxshop\shopp\target\classes started by lenovo in D:\idea_workspace\wxshop\shopp)
2022-11-12 21:44:18.630  INFO 14484 --- [main] c.j.xshopping.XshoppingApplication       : No active profile set, falling back to 1 default profile: "default"
2022-11-12 21:44:19.659  WARN 14484 --- [main] o.m.s.mapper.ClassPathMapperScanner      : No MyBatis mapper was found in '[com.javaclimb.xshopping]' package. Please check your configuration.
2022-11-12 21:44:20.096  INFO 14484 --- [main] o.s.b.w.embedded.tomcat.TomcatWebServer  : Tomcat initialized with port(s): 8880 (http)
2022-11-12 21:44:20.105  INFO 14484 --- [main] o.apache.catalina.core.StandardService   : Starting service [Tomcat]
2022-11-12 21:44:20.105  INFO 14484 --- [main] org.apache.catalina.core.StandardEngine  : Starting Servlet engine: [Apache Tomcat/9.0.63]
2022-11-12 21:44:20.244  INFO 14484 --- [main] o.a.c.c.C.[Tomcat].[localhost].[/]       : Initializing Spring embedded WebApplicationContext
2022-11-12 21:44:20.244  INFO 14484 --- [main] w.s.c.ServletWebServerApplicationContext : Root WebApplicationContext: initialization completed in 1553 ms
2022-11-12 21:44:20.327  INFO 14484 --- [main] c.a.d.s.b.a.DruidDataSourceAutoConfigure : Init DruidDataSource
2022-11-12 21:44:20.433  INFO 14484 --- [main] com.alibaba.druid.pool.DruidDataSource   : {dataSource-1} inited
2022-11-12 21:44:21.239  WARN 14484 --- [main] ion$DefaultTemplateResolverConfiguration : Cannot find template location: classpath:/templates/ (please add some templates or check your Thymeleaf configuration)
2022-11-12 21:44:21.395  INFO 14484 --- [main] o.s.b.w.embedded.tomcat.TomcatWebServer  : Tomcat started on port(s): 8880 (http) with context path ''
2022-11-12 21:44:21.410  INFO 14484 --- [main] c.j.xshopping.XshoppingApplication       : Started XshoppingApplication in 3.54 seconds (JVM running for 5.102)
2022-11-12 21:44:36.796  INFO 14484 --- [http-nio-8880-exec-1] o.apache.tomcat.util.http.parser.Cookie  : A cookie header was received [freePromorunningtmr=Fri Jan 02 1970 02:18:01 GMT+0800 (中国标准时间);] that contained an invalid cookie. That cookie will be ignored.
 Note: further occurrences of this error will be logged at DEBUG level.
2022-11-12 21:44:36.803  INFO 14484 --- [http-nio-8880-exec-1] o.a.c.c.C.[Tomcat].[localhost].[/]       : Initializing Spring DispatcherServlet 'dispatcherServlet'
2022-11-12 21:44:36.803  INFO 14484 --- [http-nio-8880-exec-1] o.s.web.servlet.DispatcherServlet        : Initializing Servlet 'dispatcherServlet'
2022-11-12 21:44:36.804  INFO 14484 --- [http-nio-8880-exec-1] o.s.web.servlet.DispatcherServlet        : Completed initialization in 0 ms
2022-11-12 21:45:50.945  INFO 16364 --- [main] c.j.xshopping.XshoppingApplication       : Starting XshoppingApplication using Java 11.0.9.1 on test with PID 16364 (D:\idea_workspace\wxshop\shopp\target\classes started by lenovo in D:\idea_workspace\wxshop\shopp)
2022-11-12 21:45:50.948  INFO 16364 --- [main] c.j.xshopping.XshoppingApplication       : No active profile set, falling back to 1 default profile: "default"
2022-11-12 21:45:51.825  WARN 16364 --- [main] o.m.s.mapper.ClassPathMapperScanner      : No MyBatis mapper was found in '[com.javaclimb.xshopping]' package. Please check your configuration.
2022-11-12 21:45:52.219  INFO 16364 --- [main] o.s.b.w.embedded.tomcat.TomcatWebServer  : Tomcat initialized with port(s): 8880 (http)
2022-11-12 21:45:52.229  INFO 16364 --- [main] o.apache.catalina.core.StandardService   : Starting service [Tomcat]
2022-11-12 21:45:52.229  INFO 16364 --- [main] org.apache.catalina.core.StandardEngine  : Starting Servlet engine: [Apache Tomcat/9.0.63]
2022-11-12 21:45:52.372  INFO 16364 --- [main] o.a.c.c.C.[Tomcat].[localhost].[/]       : Initializing Spring embedded WebApplicationContext
2022-11-12 21:45:52.372  INFO 16364 --- [main] w.s.c.ServletWebServerApplicationContext : Root WebApplicationContext: initialization completed in 1373 ms
2022-11-12 21:45:52.463  INFO 16364 --- [main] c.a.d.s.b.a.DruidDataSourceAutoConfigure : Init DruidDataSource
2022-11-12 21:45:52.574  INFO 16364 --- [main] com.alibaba.druid.pool.DruidDataSource   : {dataSource-1} inited
2022-11-12 21:45:53.409  WARN 16364 --- [main] ion$DefaultTemplateResolverConfiguration : Cannot find template location: classpath:/templates/ (please add some templates or check your Thymeleaf configuration)
2022-11-12 21:45:53.576  INFO 16364 --- [main] o.s.b.w.embedded.tomcat.TomcatWebServer  : Tomcat started on port(s): 8880 (http) with context path ''
2022-11-12 21:45:53.589  INFO 16364 --- [main] c.j.xshopping.XshoppingApplication       : Started XshoppingApplication in 3.446 seconds (JVM running for 5.015)
2022-11-12 21:46:01.344  INFO 16364 --- [http-nio-8880-exec-1] o.apache.tomcat.util.http.parser.Cookie  : A cookie header was received [freePromorunningtmr=Fri Jan 02 1970 02:18:01 GMT+0800 (中国标准时间);] that contained an invalid cookie. That cookie will be ignored.
 Note: further occurrences of this error will be logged at DEBUG level.
2022-11-12 21:46:01.352  INFO 16364 --- [http-nio-8880-exec-1] o.a.c.c.C.[Tomcat].[localhost].[/]       : Initializing Spring DispatcherServlet 'dispatcherServlet'
2022-11-12 21:46:01.352  INFO 16364 --- [http-nio-8880-exec-1] o.s.web.servlet.DispatcherServlet        : Initializing Servlet 'dispatcherServlet'
2022-11-12 21:46:01.353  INFO 16364 --- [http-nio-8880-exec-1] o.s.web.servlet.DispatcherServlet        : Completed initialization in 1 ms
2022-11-12 21:46:48.270  INFO 6084 --- [main] c.j.xshopping.XshoppingApplication       : Starting XshoppingApplication using Java 11.0.9.1 on test with PID 6084 (D:\idea_workspace\wxshop\shopp\target\classes started by lenovo in D:\idea_workspace\wxshop\shopp)
2022-11-12 21:46:48.274  INFO 6084 --- [main] c.j.xshopping.XshoppingApplication       : No active profile set, falling back to 1 default profile: "default"
2022-11-12 21:46:49.097  WARN 6084 --- [main] o.m.s.mapper.ClassPathMapperScanner      : No MyBatis mapper was found in '[com.javaclimb.xshopping]' package. Please check your configuration.
2022-11-12 21:46:49.473  INFO 6084 --- [main] o.s.b.w.embedded.tomcat.TomcatWebServer  : Tomcat initialized with port(s): 8880 (http)
2022-11-12 21:46:49.483  INFO 6084 --- [main] o.apache.catalina.core.StandardService   : Starting service [Tomcat]
2022-11-12 21:46:49.483  INFO 6084 --- [main] org.apache.catalina.core.StandardEngine  : Starting Servlet engine: [Apache Tomcat/9.0.63]
2022-11-12 21:46:49.644  INFO 6084 --- [main] o.a.c.c.C.[Tomcat].[localhost].[/]       : Initializing Spring embedded WebApplicationContext
2022-11-12 21:46:49.644  INFO 6084 --- [main] w.s.c.ServletWebServerApplicationContext : Root WebApplicationContext: initialization completed in 1311 ms
2022-11-12 21:46:49.724  INFO 6084 --- [main] c.a.d.s.b.a.DruidDataSourceAutoConfigure : Init DruidDataSource
2022-11-12 21:46:49.828  INFO 6084 --- [main] com.alibaba.druid.pool.DruidDataSource   : {dataSource-1} inited
2022-11-12 21:46:50.610  WARN 6084 --- [main] ion$DefaultTemplateResolverConfiguration : Cannot find template location: classpath:/templates/ (please add some templates or check your Thymeleaf configuration)
2022-11-12 21:46:50.771  INFO 6084 --- [main] o.s.b.w.embedded.tomcat.TomcatWebServer  : Tomcat started on port(s): 8880 (http) with context path ''
2022-11-12 21:46:50.786  INFO 6084 --- [main] c.j.xshopping.XshoppingApplication       : Started XshoppingApplication in 3.305 seconds (JVM running for 4.826)
2022-11-12 21:47:06.327  INFO 6084 --- [http-nio-8880-exec-1] o.apache.tomcat.util.http.parser.Cookie  : A cookie header was received [freePromorunningtmr=Fri Jan 02 1970 02:18:01 GMT+0800 (中国标准时间);] that contained an invalid cookie. That cookie will be ignored.
 Note: further occurrences of this error will be logged at DEBUG level.
2022-11-12 21:47:06.333  INFO 6084 --- [http-nio-8880-exec-1] o.a.c.c.C.[Tomcat].[localhost].[/]       : Initializing Spring DispatcherServlet 'dispatcherServlet'
2022-11-12 21:47:06.334  INFO 6084 --- [http-nio-8880-exec-1] o.s.web.servlet.DispatcherServlet        : Initializing Servlet 'dispatcherServlet'
2022-11-12 21:47:06.335  INFO 6084 --- [http-nio-8880-exec-1] o.s.web.servlet.DispatcherServlet        : Completed initialization in 1 ms
2022-11-12 21:47:42.662  INFO 14476 --- [main] c.j.xshopping.XshoppingApplication       : Starting XshoppingApplication using Java 11.0.9.1 on test with PID 14476 (D:\idea_workspace\wxshop\shopp\target\classes started by lenovo in D:\idea_workspace\wxshop\shopp)
2022-11-12 21:47:42.666  INFO 14476 --- [main] c.j.xshopping.XshoppingApplication       : No active profile set, falling back to 1 default profile: "default"
2022-11-12 21:47:43.549  WARN 14476 --- [main] o.m.s.mapper.ClassPathMapperScanner      : No MyBatis mapper was found in '[com.javaclimb.xshopping]' package. Please check your configuration.
2022-11-12 21:47:43.996  INFO 14476 --- [main] o.s.b.w.embedded.tomcat.TomcatWebServer  : Tomcat initialized with port(s): 8880 (http)
2022-11-12 21:47:44.007  INFO 14476 --- [main] o.apache.catalina.core.StandardService   : Starting service [Tomcat]
2022-11-12 21:47:44.008  INFO 14476 --- [main] org.apache.catalina.core.StandardEngine  : Starting Servlet engine: [Apache Tomcat/9.0.63]
2022-11-12 21:47:44.148  INFO 14476 --- [main] o.a.c.c.C.[Tomcat].[localhost].[/]       : Initializing Spring embedded WebApplicationContext
2022-11-12 21:47:44.149  INFO 14476 --- [main] w.s.c.ServletWebServerApplicationContext : Root WebApplicationContext: initialization completed in 1424 ms
2022-11-12 21:47:44.224  INFO 14476 --- [main] c.a.d.s.b.a.DruidDataSourceAutoConfigure : Init DruidDataSource
2022-11-12 21:47:44.328  INFO 14476 --- [main] com.alibaba.druid.pool.DruidDataSource   : {dataSource-1} inited
2022-11-12 21:47:45.178  WARN 14476 --- [main] ion$DefaultTemplateResolverConfiguration : Cannot find template location: classpath:/templates/ (please add some templates or check your Thymeleaf configuration)
2022-11-12 21:47:45.342  INFO 14476 --- [main] o.s.b.w.embedded.tomcat.TomcatWebServer  : Tomcat started on port(s): 8880 (http) with context path ''
2022-11-12 21:47:45.355  INFO 14476 --- [main] c.j.xshopping.XshoppingApplication       : Started XshoppingApplication in 3.445 seconds (JVM running for 4.957)
2022-11-12 21:47:49.306  INFO 14476 --- [http-nio-8880-exec-2] o.apache.tomcat.util.http.parser.Cookie  : A cookie header was received [freePromorunningtmr=Fri Jan 02 1970 02:18:01 GMT+0800 (中国标准时间);] that contained an invalid cookie. That cookie will be ignored.
 Note: further occurrences of this error will be logged at DEBUG level.
2022-11-12 21:47:49.316  INFO 14476 --- [http-nio-8880-exec-2] o.a.c.c.C.[Tomcat].[localhost].[/]       : Initializing Spring DispatcherServlet 'dispatcherServlet'
2022-11-12 21:47:49.316  INFO 14476 --- [http-nio-8880-exec-2] o.s.web.servlet.DispatcherServlet        : Initializing Servlet 'dispatcherServlet'
2022-11-12 21:47:49.317  INFO 14476 --- [http-nio-8880-exec-2] o.s.web.servlet.DispatcherServlet        : Completed initialization in 1 ms
2022-11-12 21:48:44.591  INFO 9256 --- [main] c.j.xshopping.XshoppingApplication       : Starting XshoppingApplication using Java 11.0.9.1 on test with PID 9256 (D:\idea_workspace\wxshop\shopp\target\classes started by lenovo in D:\idea_workspace\wxshop\shopp)
2022-11-12 21:48:44.595  INFO 9256 --- [main] c.j.xshopping.XshoppingApplication       : No active profile set, falling back to 1 default profile: "default"
2022-11-12 21:48:45.513  WARN 9256 --- [main] o.m.s.mapper.ClassPathMapperScanner      : No MyBatis mapper was found in '[com.javaclimb.xshopping]' package. Please check your configuration.
2022-11-12 21:48:45.935  INFO 9256 --- [main] o.s.b.w.embedded.tomcat.TomcatWebServer  : Tomcat initialized with port(s): 8081 (http)
2022-11-12 21:48:45.946  INFO 9256 --- [main] o.apache.catalina.core.StandardService   : Starting service [Tomcat]
2022-11-12 21:48:45.947  INFO 9256 --- [main] org.apache.catalina.core.StandardEngine  : Starting Servlet engine: [Apache Tomcat/9.0.63]
2022-11-12 21:48:46.113  INFO 9256 --- [main] o.a.c.c.C.[Tomcat].[localhost].[/]       : Initializing Spring embedded WebApplicationContext
2022-11-12 21:48:46.114  INFO 9256 --- [main] w.s.c.ServletWebServerApplicationContext : Root WebApplicationContext: initialization completed in 1460 ms
2022-11-12 21:48:46.211  INFO 9256 --- [main] c.a.d.s.b.a.DruidDataSourceAutoConfigure : Init DruidDataSource
2022-11-12 21:48:46.315  INFO 9256 --- [main] com.alibaba.druid.pool.DruidDataSource   : {dataSource-1} inited
2022-11-12 21:48:47.139  WARN 9256 --- [main] ion$DefaultTemplateResolverConfiguration : Cannot find template location: classpath:/templates/ (please add some templates or check your Thymeleaf configuration)
2022-11-12 21:48:47.285  WARN 9256 --- [main] ConfigServletWebServerApplicationContext : Exception encountered during context initialization - cancelling refresh attempt: org.springframework.context.ApplicationContextException: Failed to start bean 'webServerStartStop'; nested exception is org.springframework.boot.web.server.PortInUseException: Port 8081 is already in use
2022-11-12 21:48:47.288  INFO 9256 --- [main] com.alibaba.druid.pool.DruidDataSource   : {dataSource-1} closing ...
2022-11-12 21:48:47.290  INFO 9256 --- [main] com.alibaba.druid.pool.DruidDataSource   : {dataSource-1} closed
2022-11-12 21:48:47.293  INFO 9256 --- [main] o.apache.catalina.core.StandardService   : Stopping service [Tomcat]
2022-11-12 21:48:47.309  INFO 9256 --- [main] ConditionEvaluationReportLoggingListener : 

Error starting ApplicationContext. To display the conditions report re-run your application with 'debug' enabled.
2022-11-12 21:48:47.326 ERROR 9256 --- [main] o.s.b.d.LoggingFailureAnalysisReporter   : 

***************************
APPLICATION FAILED TO START
***************************

Description:

Web server failed to start. Port 8081 was already in use.

Action:

Identify and stop the process that's listening on port 8081 or configure this application to listen on another port.

2022-11-12 21:50:10.430  INFO 15656 --- [main] c.j.xshopping.XshoppingApplication       : Starting XshoppingApplication using Java 11.0.9.1 on test with PID 15656 (D:\idea_workspace\wxshop\shopp\target\classes started by lenovo in D:\idea_workspace\wxshop\shopp)
2022-11-12 21:50:10.435  INFO 15656 --- [main] c.j.xshopping.XshoppingApplication       : No active profile set, falling back to 1 default profile: "default"
2022-11-12 21:50:11.375  WARN 15656 --- [main] o.m.s.mapper.ClassPathMapperScanner      : No MyBatis mapper was found in '[com.javaclimb.xshopping]' package. Please check your configuration.
2022-11-12 21:50:11.768  INFO 15656 --- [main] o.s.b.w.embedded.tomcat.TomcatWebServer  : Tomcat initialized with port(s): 8081 (http)
2022-11-12 21:50:11.779  INFO 15656 --- [main] o.apache.catalina.core.StandardService   : Starting service [Tomcat]
2022-11-12 21:50:11.780  INFO 15656 --- [main] org.apache.catalina.core.StandardEngine  : Starting Servlet engine: [Apache Tomcat/9.0.63]
2022-11-12 21:50:11.930  INFO 15656 --- [main] o.a.c.c.C.[Tomcat].[localhost].[/]       : Initializing Spring embedded WebApplicationContext
2022-11-12 21:50:11.930  INFO 15656 --- [main] w.s.c.ServletWebServerApplicationContext : Root WebApplicationContext: initialization completed in 1432 ms
2022-11-12 21:50:12.022  INFO 15656 --- [main] c.a.d.s.b.a.DruidDataSourceAutoConfigure : Init DruidDataSource
2022-11-12 21:50:12.167  INFO 15656 --- [main] com.alibaba.druid.pool.DruidDataSource   : {dataSource-1} inited
2022-11-12 21:50:13.017  WARN 15656 --- [main] ion$DefaultTemplateResolverConfiguration : Cannot find template location: classpath:/templates/ (please add some templates or check your Thymeleaf configuration)
2022-11-12 21:50:13.158  WARN 15656 --- [main] ConfigServletWebServerApplicationContext : Exception encountered during context initialization - cancelling refresh attempt: org.springframework.context.ApplicationContextException: Failed to start bean 'webServerStartStop'; nested exception is org.springframework.boot.web.server.PortInUseException: Port 8081 is already in use
2022-11-12 21:50:13.161  INFO 15656 --- [main] com.alibaba.druid.pool.DruidDataSource   : {dataSource-1} closing ...
2022-11-12 21:50:13.163  INFO 15656 --- [main] com.alibaba.druid.pool.DruidDataSource   : {dataSource-1} closed
2022-11-12 21:50:13.168  INFO 15656 --- [main] o.apache.catalina.core.StandardService   : Stopping service [Tomcat]
2022-11-12 21:50:13.184  INFO 15656 --- [main] ConditionEvaluationReportLoggingListener : 

Error starting ApplicationContext. To display the conditions report re-run your application with 'debug' enabled.
2022-11-12 21:50:13.203 ERROR 15656 --- [main] o.s.b.d.LoggingFailureAnalysisReporter   : 

***************************
APPLICATION FAILED TO START
***************************

Description:

Web server failed to start. Port 8081 was already in use.

Action:

Identify and stop the process that's listening on port 8081 or configure this application to listen on another port.

2022-11-12 21:52:15.017  INFO 4624 --- [main] c.j.xshopping.XshoppingApplication       : Starting XshoppingApplication using Java 11.0.9.1 on test with PID 4624 (D:\idea_workspace\wxshop\shopp\target\classes started by lenovo in D:\idea_workspace\wxshop\shopp)
2022-11-12 21:52:15.020  INFO 4624 --- [main] c.j.xshopping.XshoppingApplication       : No active profile set, falling back to 1 default profile: "default"
2022-11-12 21:52:15.887  WARN 4624 --- [main] o.m.s.mapper.ClassPathMapperScanner      : No MyBatis mapper was found in '[com.javaclimb.xshopping]' package. Please check your configuration.
2022-11-12 21:52:16.285  INFO 4624 --- [main] o.s.b.w.embedded.tomcat.TomcatWebServer  : Tomcat initialized with port(s): 8888 (http)
2022-11-12 21:52:16.295  INFO 4624 --- [main] o.apache.catalina.core.StandardService   : Starting service [Tomcat]
2022-11-12 21:52:16.296  INFO 4624 --- [main] org.apache.catalina.core.StandardEngine  : Starting Servlet engine: [Apache Tomcat/9.0.63]
2022-11-12 21:52:16.457  INFO 4624 --- [main] o.a.c.c.C.[Tomcat].[localhost].[/]       : Initializing Spring embedded WebApplicationContext
2022-11-12 21:52:16.458  INFO 4624 --- [main] w.s.c.ServletWebServerApplicationContext : Root WebApplicationContext: initialization completed in 1383 ms
2022-11-12 21:52:16.556  INFO 4624 --- [main] c.a.d.s.b.a.DruidDataSourceAutoConfigure : Init DruidDataSource
2022-11-12 21:52:16.687  INFO 4624 --- [main] com.alibaba.druid.pool.DruidDataSource   : {dataSource-1} inited
2022-11-12 21:52:17.527  WARN 4624 --- [main] ion$DefaultTemplateResolverConfiguration : Cannot find template location: classpath:/templates/ (please add some templates or check your Thymeleaf configuration)
2022-11-12 21:52:17.750  INFO 4624 --- [main] o.s.b.w.embedded.tomcat.TomcatWebServer  : Tomcat started on port(s): 8888 (http) with context path ''
2022-11-12 21:52:17.766  INFO 4624 --- [main] c.j.xshopping.XshoppingApplication       : Started XshoppingApplication in 3.519 seconds (JVM running for 5.085)
2022-11-12 21:52:35.461  INFO 4624 --- [http-nio-8888-exec-2] o.apache.tomcat.util.http.parser.Cookie  : A cookie header was received [freePromorunningtmr=Fri Jan 02 1970 02:18:01 GMT+0800 (中国标准时间);] that contained an invalid cookie. That cookie will be ignored.
 Note: further occurrences of this error will be logged at DEBUG level.
2022-11-12 21:52:35.469  INFO 4624 --- [http-nio-8888-exec-2] o.a.c.c.C.[Tomcat].[localhost].[/]       : Initializing Spring DispatcherServlet 'dispatcherServlet'
2022-11-12 21:52:35.469  INFO 4624 --- [http-nio-8888-exec-2] o.s.web.servlet.DispatcherServlet        : Initializing Servlet 'dispatcherServlet'
2022-11-12 21:52:35.471  INFO 4624 --- [http-nio-8888-exec-2] o.s.web.servlet.DispatcherServlet        : Completed initialization in 1 ms
2022-11-12 21:55:34.448  INFO 1896 --- [main] c.j.xshopping.XshoppingApplication       : Starting XshoppingApplication using Java 11.0.9.1 on test with PID 1896 (D:\idea_workspace\wxshop\shopp\target\classes started by lenovo in D:\idea_workspace\wxshop\shopp)
2022-11-12 21:55:34.451  INFO 1896 --- [main] c.j.xshopping.XshoppingApplication       : No active profile set, falling back to 1 default profile: "default"
2022-11-12 21:55:35.350  WARN 1896 --- [main] o.m.s.mapper.ClassPathMapperScanner      : No MyBatis mapper was found in '[com.javaclimb.xshopping]' package. Please check your configuration.
2022-11-12 21:55:35.751  INFO 1896 --- [main] o.s.b.w.embedded.tomcat.TomcatWebServer  : Tomcat initialized with port(s): 8888 (http)
2022-11-12 21:55:35.761  INFO 1896 --- [main] o.apache.catalina.core.StandardService   : Starting service [Tomcat]
2022-11-12 21:55:35.761  INFO 1896 --- [main] org.apache.catalina.core.StandardEngine  : Starting Servlet engine: [Apache Tomcat/9.0.63]
2022-11-12 21:55:35.902  INFO 1896 --- [main] o.a.c.c.C.[Tomcat].[localhost].[/]       : Initializing Spring embedded WebApplicationContext
2022-11-12 21:55:35.902  INFO 1896 --- [main] w.s.c.ServletWebServerApplicationContext : Root WebApplicationContext: initialization completed in 1399 ms
2022-11-12 21:55:35.977  INFO 1896 --- [main] c.a.d.s.b.a.DruidDataSourceAutoConfigure : Init DruidDataSource
2022-11-12 21:55:36.072  INFO 1896 --- [main] com.alibaba.druid.pool.DruidDataSource   : {dataSource-1} inited
2022-11-12 21:55:36.909  WARN 1896 --- [main] ion$DefaultTemplateResolverConfiguration : Cannot find template location: classpath:/templates/ (please add some templates or check your Thymeleaf configuration)
2022-11-12 21:55:37.072  INFO 1896 --- [main] o.s.b.w.embedded.tomcat.TomcatWebServer  : Tomcat started on port(s): 8888 (http) with context path ''
2022-11-12 21:55:37.085  INFO 1896 --- [main] c.j.xshopping.XshoppingApplication       : Started XshoppingApplication in 3.409 seconds (JVM running for 4.852)
2022-11-12 21:55:57.700  INFO 1896 --- [http-nio-8888-exec-1] o.apache.tomcat.util.http.parser.Cookie  : A cookie header was received [freePromorunningtmr=Fri Jan 02 1970 02:18:01 GMT+0800 (中国标准时间);] that contained an invalid cookie. That cookie will be ignored.
 Note: further occurrences of this error will be logged at DEBUG level.
2022-11-12 21:55:57.707  INFO 1896 --- [http-nio-8888-exec-1] o.a.c.c.C.[Tomcat].[localhost].[/]       : Initializing Spring DispatcherServlet 'dispatcherServlet'
2022-11-12 21:55:57.708  INFO 1896 --- [http-nio-8888-exec-1] o.s.web.servlet.DispatcherServlet        : Initializing Servlet 'dispatcherServlet'
2022-11-12 21:55:57.709  INFO 1896 --- [http-nio-8888-exec-1] o.s.web.servlet.DispatcherServlet        : Completed initialization in 1 ms
2022-11-12 21:56:40.382  INFO 9012 --- [main] c.j.xshopping.XshoppingApplication       : Starting XshoppingApplication using Java 11.0.9.1 on test with PID 9012 (D:\idea_workspace\wxshop\shopp\target\classes started by lenovo in D:\idea_workspace\wxshop\shopp)
2022-11-12 21:56:40.385  INFO 9012 --- [main] c.j.xshopping.XshoppingApplication       : No active profile set, falling back to 1 default profile: "default"
2022-11-12 21:56:41.315  WARN 9012 --- [main] o.m.s.mapper.ClassPathMapperScanner      : No MyBatis mapper was found in '[com.javaclimb.xshopping]' package. Please check your configuration.
2022-11-12 21:56:41.714  INFO 9012 --- [main] o.s.b.w.embedded.tomcat.TomcatWebServer  : Tomcat initialized with port(s): 8888 (http)
2022-11-12 21:56:41.726  INFO 9012 --- [main] o.apache.catalina.core.StandardService   : Starting service [Tomcat]
2022-11-12 21:56:41.726  INFO 9012 --- [main] org.apache.catalina.core.StandardEngine  : Starting Servlet engine: [Apache Tomcat/9.0.63]
2022-11-12 21:56:41.899  INFO 9012 --- [main] o.a.c.c.C.[Tomcat].[localhost].[/]       : Initializing Spring embedded WebApplicationContext
2022-11-12 21:56:41.900  INFO 9012 --- [main] w.s.c.ServletWebServerApplicationContext : Root WebApplicationContext: initialization completed in 1451 ms
2022-11-12 21:56:42.014  INFO 9012 --- [main] c.a.d.s.b.a.DruidDataSourceAutoConfigure : Init DruidDataSource
2022-11-12 21:56:42.128  INFO 9012 --- [main] com.alibaba.druid.pool.DruidDataSource   : {dataSource-1} inited
2022-11-12 21:56:43.015  WARN 9012 --- [main] ion$DefaultTemplateResolverConfiguration : Cannot find template location: classpath:/templates/ (please add some templates or check your Thymeleaf configuration)
2022-11-12 21:56:43.168  INFO 9012 --- [main] o.s.b.w.embedded.tomcat.TomcatWebServer  : Tomcat started on port(s): 8888 (http) with context path ''
2022-11-12 21:56:43.184  INFO 9012 --- [main] c.j.xshopping.XshoppingApplication       : Started XshoppingApplication in 3.67 seconds (JVM running for 5.121)
2022-11-12 21:56:54.416  INFO 11100 --- [main] c.j.xshopping.XshoppingApplication       : Starting XshoppingApplication using Java 11.0.9.1 on test with PID 11100 (D:\idea_workspace\wxshop\shopp\target\classes started by lenovo in D:\idea_workspace\wxshop\shopp)
2022-11-12 21:56:54.420  INFO 11100 --- [main] c.j.xshopping.XshoppingApplication       : No active profile set, falling back to 1 default profile: "default"
2022-11-12 21:56:55.300  WARN 11100 --- [main] o.m.s.mapper.ClassPathMapperScanner      : No MyBatis mapper was found in '[com.javaclimb.xshopping]' package. Please check your configuration.
2022-11-12 21:56:55.662  INFO 11100 --- [main] o.s.b.w.embedded.tomcat.TomcatWebServer  : Tomcat initialized with port(s): 8081 (http)
2022-11-12 21:56:55.672  INFO 11100 --- [main] o.apache.catalina.core.StandardService   : Starting service [Tomcat]
2022-11-12 21:56:55.672  INFO 11100 --- [main] org.apache.catalina.core.StandardEngine  : Starting Servlet engine: [Apache Tomcat/9.0.63]
2022-11-12 21:56:55.817  INFO 11100 --- [main] o.a.c.c.C.[Tomcat].[localhost].[/]       : Initializing Spring embedded WebApplicationContext
2022-11-12 21:56:55.818  INFO 11100 --- [main] w.s.c.ServletWebServerApplicationContext : Root WebApplicationContext: initialization completed in 1339 ms
2022-11-12 21:56:55.897  INFO 11100 --- [main] c.a.d.s.b.a.DruidDataSourceAutoConfigure : Init DruidDataSource
2022-11-12 21:56:56.002  INFO 11100 --- [main] com.alibaba.druid.pool.DruidDataSource   : {dataSource-1} inited
2022-11-12 21:56:56.808  WARN 11100 --- [main] ion$DefaultTemplateResolverConfiguration : Cannot find template location: classpath:/templates/ (please add some templates or check your Thymeleaf configuration)
2022-11-12 21:56:56.940  WARN 11100 --- [main] ConfigServletWebServerApplicationContext : Exception encountered during context initialization - cancelling refresh attempt: org.springframework.context.ApplicationContextException: Failed to start bean 'webServerStartStop'; nested exception is org.springframework.boot.web.server.PortInUseException: Port 8081 is already in use
2022-11-12 21:56:56.942  INFO 11100 --- [main] com.alibaba.druid.pool.DruidDataSource   : {dataSource-1} closing ...
2022-11-12 21:56:56.944  INFO 11100 --- [main] com.alibaba.druid.pool.DruidDataSource   : {dataSource-1} closed
2022-11-12 21:56:56.948  INFO 11100 --- [main] o.apache.catalina.core.StandardService   : Stopping service [Tomcat]
2022-11-12 21:56:56.965  INFO 11100 --- [main] ConditionEvaluationReportLoggingListener : 

Error starting ApplicationContext. To display the conditions report re-run your application with 'debug' enabled.
2022-11-12 21:56:56.985 ERROR 11100 --- [main] o.s.b.d.LoggingFailureAnalysisReporter   : 

***************************
APPLICATION FAILED TO START
***************************

Description:

Web server failed to start. Port 8081 was already in use.

Action:

Identify and stop the process that's listening on port 8081 or configure this application to listen on another port.

2022-11-12 22:01:46.294  INFO 32 --- [main] c.j.xshopping.XshoppingApplication       : Starting XshoppingApplication using Java 11.0.9.1 on test with PID 32 (D:\idea_workspace\wxshop\shopp\target\classes started by lenovo in D:\idea_workspace\wxshop\shopp)
2022-11-12 22:01:46.302  INFO 32 --- [main] c.j.xshopping.XshoppingApplication       : No active profile set, falling back to 1 default profile: "default"
2022-11-12 22:01:48.417  WARN 32 --- [main] o.m.s.mapper.ClassPathMapperScanner      : No MyBatis mapper was found in '[com.javaclimb.xshopping]' package. Please check your configuration.
2022-11-12 22:01:49.270  INFO 32 --- [main] o.s.b.w.embedded.tomcat.TomcatWebServer  : Tomcat initialized with port(s): 8081 (http)
2022-11-12 22:01:49.295  INFO 32 --- [main] o.apache.catalina.core.StandardService   : Starting service [Tomcat]
2022-11-12 22:01:49.296  INFO 32 --- [main] org.apache.catalina.core.StandardEngine  : Starting Servlet engine: [Apache Tomcat/9.0.63]
2022-11-12 22:01:49.571  INFO 32 --- [main] o.a.c.c.C.[Tomcat].[localhost].[/]       : Initializing Spring embedded WebApplicationContext
2022-11-12 22:01:49.571  INFO 32 --- [main] w.s.c.ServletWebServerApplicationContext : Root WebApplicationContext: initialization completed in 3136 ms
2022-11-12 22:01:49.725  INFO 32 --- [main] c.a.d.s.b.a.DruidDataSourceAutoConfigure : Init DruidDataSource
2022-11-12 22:01:49.920  INFO 32 --- [main] com.alibaba.druid.pool.DruidDataSource   : {dataSource-1} inited
2022-11-12 22:01:51.165  WARN 32 --- [main] ion$DefaultTemplateResolverConfiguration : Cannot find template location: classpath:/templates/ (please add some templates or check your Thymeleaf configuration)
2022-11-12 22:01:51.350  WARN 32 --- [main] ConfigServletWebServerApplicationContext : Exception encountered during context initialization - cancelling refresh attempt: org.springframework.context.ApplicationContextException: Failed to start bean 'webServerStartStop'; nested exception is org.springframework.boot.web.server.PortInUseException: Port 8081 is already in use
2022-11-12 22:01:51.353  INFO 32 --- [main] com.alibaba.druid.pool.DruidDataSource   : {dataSource-1} closing ...
2022-11-12 22:01:51.356  INFO 32 --- [main] com.alibaba.druid.pool.DruidDataSource   : {dataSource-1} closed
2022-11-12 22:01:51.359  INFO 32 --- [main] o.apache.catalina.core.StandardService   : Stopping service [Tomcat]
2022-11-12 22:01:51.381  INFO 32 --- [main] ConditionEvaluationReportLoggingListener : 

Error starting ApplicationContext. To display the conditions report re-run your application with 'debug' enabled.
2022-11-12 22:01:51.418 ERROR 32 --- [main] o.s.b.d.LoggingFailureAnalysisReporter   : 

***************************
APPLICATION FAILED TO START
***************************

Description:

Web server failed to start. Port 8081 was already in use.

Action:

Identify and stop the process that's listening on port 8081 or configure this application to listen on another port.

2022-11-12 22:02:29.375  INFO 4852 --- [main] c.j.xshopping.XshoppingApplication       : Starting XshoppingApplication using Java 11.0.9.1 on test with PID 4852 (D:\idea_workspace\wxshop\shopp\target\classes started by lenovo in D:\idea_workspace\wxshop\shopp)
2022-11-12 22:02:29.379  INFO 4852 --- [main] c.j.xshopping.XshoppingApplication       : No active profile set, falling back to 1 default profile: "default"
2022-11-12 22:02:30.289  WARN 4852 --- [main] o.m.s.mapper.ClassPathMapperScanner      : No MyBatis mapper was found in '[com.javaclimb.xshopping]' package. Please check your configuration.
2022-11-12 22:02:30.720  INFO 4852 --- [main] o.s.b.w.embedded.tomcat.TomcatWebServer  : Tomcat initialized with port(s): 8088 (http)
2022-11-12 22:02:30.734  INFO 4852 --- [main] o.apache.catalina.core.StandardService   : Starting service [Tomcat]
2022-11-12 22:02:30.735  INFO 4852 --- [main] org.apache.catalina.core.StandardEngine  : Starting Servlet engine: [Apache Tomcat/9.0.63]
2022-11-12 22:02:30.882  INFO 4852 --- [main] o.a.c.c.C.[Tomcat].[localhost].[/]       : Initializing Spring embedded WebApplicationContext
2022-11-12 22:02:30.883  INFO 4852 --- [main] w.s.c.ServletWebServerApplicationContext : Root WebApplicationContext: initialization completed in 1437 ms
2022-11-12 22:02:30.987  INFO 4852 --- [main] c.a.d.s.b.a.DruidDataSourceAutoConfigure : Init DruidDataSource
2022-11-12 22:02:31.119  INFO 4852 --- [main] com.alibaba.druid.pool.DruidDataSource   : {dataSource-1} inited
2022-11-12 22:02:31.979  WARN 4852 --- [main] ion$DefaultTemplateResolverConfiguration : Cannot find template location: classpath:/templates/ (please add some templates or check your Thymeleaf configuration)
2022-11-12 22:02:32.149  INFO 4852 --- [main] o.s.b.w.embedded.tomcat.TomcatWebServer  : Tomcat started on port(s): 8088 (http) with context path ''
2022-11-12 22:02:32.162  INFO 4852 --- [main] c.j.xshopping.XshoppingApplication       : Started XshoppingApplication in 3.751 seconds (JVM running for 5.499)
2022-11-12 22:02:51.202  INFO 4852 --- [http-nio-8088-exec-1] o.apache.tomcat.util.http.parser.Cookie  : A cookie header was received [freePromorunningtmr=Fri Jan 02 1970 02:18:01 GMT+0800 (中国标准时间);] that contained an invalid cookie. That cookie will be ignored.
 Note: further occurrences of this error will be logged at DEBUG level.
2022-11-12 22:02:51.211  INFO 4852 --- [http-nio-8088-exec-1] o.a.c.c.C.[Tomcat].[localhost].[/]       : Initializing Spring DispatcherServlet 'dispatcherServlet'
2022-11-12 22:02:51.212  INFO 4852 --- [http-nio-8088-exec-1] o.s.web.servlet.DispatcherServlet        : Initializing Servlet 'dispatcherServlet'
2022-11-12 22:02:51.213  INFO 4852 --- [http-nio-8088-exec-1] o.s.web.servlet.DispatcherServlet        : Completed initialization in 1 ms
2022-11-12 22:05:27.671  INFO 4064 --- [main] c.j.xshopping.XshoppingApplication       : Starting XshoppingApplication using Java 11.0.9.1 on test with PID 4064 (D:\idea_workspace\wxshop\shopp\target\classes started by lenovo in D:\idea_workspace\wxshop\shopp)
2022-11-12 22:05:27.674  INFO 4064 --- [main] c.j.xshopping.XshoppingApplication       : No active profile set, falling back to 1 default profile: "default"
2022-11-12 22:05:28.795  WARN 4064 --- [main] o.m.s.mapper.ClassPathMapperScanner      : No MyBatis mapper was found in '[com.javaclimb.xshopping]' package. Please check your configuration.
2022-11-12 22:05:29.322  INFO 4064 --- [main] o.s.b.w.embedded.tomcat.TomcatWebServer  : Tomcat initialized with port(s): 8088 (http)
2022-11-12 22:05:29.336  INFO 4064 --- [main] o.apache.catalina.core.StandardService   : Starting service [Tomcat]
2022-11-12 22:05:29.337  INFO 4064 --- [main] org.apache.catalina.core.StandardEngine  : Starting Servlet engine: [Apache Tomcat/9.0.63]
2022-11-12 22:05:29.494  INFO 4064 --- [main] o.a.c.c.C.[Tomcat].[localhost].[/]       : Initializing Spring embedded WebApplicationContext
2022-11-12 22:05:29.494  INFO 4064 --- [main] w.s.c.ServletWebServerApplicationContext : Root WebApplicationContext: initialization completed in 1719 ms
2022-11-12 22:05:29.607  INFO 4064 --- [main] c.a.d.s.b.a.DruidDataSourceAutoConfigure : Init DruidDataSource
2022-11-12 22:05:29.747  INFO 4064 --- [main] com.alibaba.druid.pool.DruidDataSource   : {dataSource-1} inited
2022-11-12 22:05:30.652  WARN 4064 --- [main] ion$DefaultTemplateResolverConfiguration : Cannot find template location: classpath:/templates/ (please add some templates or check your Thymeleaf configuration)
2022-11-12 22:05:30.868  INFO 4064 --- [main] o.s.b.w.embedded.tomcat.TomcatWebServer  : Tomcat started on port(s): 8088 (http) with context path ''
2022-11-12 22:05:30.882  INFO 4064 --- [main] c.j.xshopping.XshoppingApplication       : Started XshoppingApplication in 4.1 seconds (JVM running for 6.489)
2022-11-12 22:07:48.352  INFO 4064 --- [http-nio-8088-exec-3] o.apache.tomcat.util.http.parser.Cookie  : A cookie header was received [freePromorunningtmr=Fri Jan 02 1970 02:18:01 GMT+0800 (中国标准时间);] that contained an invalid cookie. That cookie will be ignored.
 Note: further occurrences of this error will be logged at DEBUG level.
2022-11-12 22:07:48.361  INFO 4064 --- [http-nio-8088-exec-3] o.a.c.c.C.[Tomcat].[localhost].[/]       : Initializing Spring DispatcherServlet 'dispatcherServlet'
2022-11-12 22:07:48.361  INFO 4064 --- [http-nio-8088-exec-3] o.s.web.servlet.DispatcherServlet        : Initializing Servlet 'dispatcherServlet'
2022-11-12 22:07:48.362  INFO 4064 --- [http-nio-8088-exec-3] o.s.web.servlet.DispatcherServlet        : Completed initialization in 1 ms
2022-11-12 22:08:14.352  INFO 10880 --- [main] c.j.xshopping.XshoppingApplication       : Starting XshoppingApplication using Java 11.0.9.1 on test with PID 10880 (D:\idea_workspace\wxshop\shopp\target\classes started by lenovo in D:\idea_workspace\wxshop\shopp)
2022-11-12 22:08:14.355  INFO 10880 --- [main] c.j.xshopping.XshoppingApplication       : No active profile set, falling back to 1 default profile: "default"
2022-11-12 22:08:15.211  WARN 10880 --- [main] o.m.s.mapper.ClassPathMapperScanner      : No MyBatis mapper was found in '[com.javaclimb.xshopping]' package. Please check your configuration.
2022-11-12 22:08:15.593  INFO 10880 --- [main] o.s.b.w.embedded.tomcat.TomcatWebServer  : Tomcat initialized with port(s): 8088 (http)
2022-11-12 22:08:15.603  INFO 10880 --- [main] o.apache.catalina.core.StandardService   : Starting service [Tomcat]
2022-11-12 22:08:15.603  INFO 10880 --- [main] org.apache.catalina.core.StandardEngine  : Starting Servlet engine: [Apache Tomcat/9.0.63]
2022-11-12 22:08:15.745  INFO 10880 --- [main] o.a.c.c.C.[Tomcat].[localhost].[/]       : Initializing Spring embedded WebApplicationContext
2022-11-12 22:08:15.745  INFO 10880 --- [main] w.s.c.ServletWebServerApplicationContext : Root WebApplicationContext: initialization completed in 1337 ms
2022-11-12 22:08:15.826  INFO 10880 --- [main] c.a.d.s.b.a.DruidDataSourceAutoConfigure : Init DruidDataSource
2022-11-12 22:08:15.925  INFO 10880 --- [main] com.alibaba.druid.pool.DruidDataSource   : {dataSource-1} inited
2022-11-12 22:08:16.802  WARN 10880 --- [main] ion$DefaultTemplateResolverConfiguration : Cannot find template location: classpath:/templates/ (please add some templates or check your Thymeleaf configuration)
2022-11-12 22:08:17.001  INFO 10880 --- [main] o.s.b.w.embedded.tomcat.TomcatWebServer  : Tomcat started on port(s): 8088 (http) with context path ''
2022-11-12 22:08:17.017  INFO 10880 --- [main] c.j.xshopping.XshoppingApplication       : Started XshoppingApplication in 3.461 seconds (JVM running for 5.132)
2022-11-12 22:08:27.670  INFO 10880 --- [http-nio-8088-exec-1] o.apache.tomcat.util.http.parser.Cookie  : A cookie header was received [freePromorunningtmr=Fri Jan 02 1970 02:18:01 GMT+0800 (中国标准时间);] that contained an invalid cookie. That cookie will be ignored.
 Note: further occurrences of this error will be logged at DEBUG level.
2022-11-12 22:08:27.679  INFO 10880 --- [http-nio-8088-exec-1] o.a.c.c.C.[Tomcat].[localhost].[/]       : Initializing Spring DispatcherServlet 'dispatcherServlet'
2022-11-12 22:08:27.679  INFO 10880 --- [http-nio-8088-exec-1] o.s.web.servlet.DispatcherServlet        : Initializing Servlet 'dispatcherServlet'
2022-11-12 22:08:27.681  INFO 10880 --- [http-nio-8088-exec-1] o.s.web.servlet.DispatcherServlet        : Completed initialization in 1 ms
2022-11-12 22:12:24.414  INFO 4516 --- [main] c.j.xshopping.XshoppingApplication       : Starting XshoppingApplication using Java 11.0.9.1 on test with PID 4516 (D:\idea_workspace\wxshop\shopp\target\classes started by lenovo in D:\idea_workspace\wxshop\shopp)
2022-11-12 22:12:24.417  INFO 4516 --- [main] c.j.xshopping.XshoppingApplication       : No active profile set, falling back to 1 default profile: "default"
2022-11-12 22:12:25.305  WARN 4516 --- [main] o.m.s.mapper.ClassPathMapperScanner      : No MyBatis mapper was found in '[com.javaclimb.xshopping]' package. Please check your configuration.
2022-11-12 22:12:25.710  INFO 4516 --- [main] o.s.b.w.embedded.tomcat.TomcatWebServer  : Tomcat initialized with port(s): 8088 (http)
2022-11-12 22:12:25.720  INFO 4516 --- [main] o.apache.catalina.core.StandardService   : Starting service [Tomcat]
2022-11-12 22:12:25.721  INFO 4516 --- [main] org.apache.catalina.core.StandardEngine  : Starting Servlet engine: [Apache Tomcat/9.0.63]
2022-11-12 22:12:25.887  INFO 4516 --- [main] o.a.c.c.C.[Tomcat].[localhost].[/]       : Initializing Spring embedded WebApplicationContext
2022-11-12 22:12:25.887  INFO 4516 --- [main] w.s.c.ServletWebServerApplicationContext : Root WebApplicationContext: initialization completed in 1412 ms
2022-11-12 22:12:25.997  INFO 4516 --- [main] c.a.d.s.b.a.DruidDataSourceAutoConfigure : Init DruidDataSource
2022-11-12 22:12:26.107  INFO 4516 --- [main] com.alibaba.druid.pool.DruidDataSource   : {dataSource-1} inited
2022-11-12 22:12:27.062  WARN 4516 --- [main] ion$DefaultTemplateResolverConfiguration : Cannot find template location: classpath:/templates/ (please add some templates or check your Thymeleaf configuration)
2022-11-12 22:12:27.251  INFO 4516 --- [main] o.s.b.w.embedded.tomcat.TomcatWebServer  : Tomcat started on port(s): 8088 (http) with context path ''
2022-11-12 22:12:27.265  INFO 4516 --- [main] c.j.xshopping.XshoppingApplication       : Started XshoppingApplication in 3.591 seconds (JVM running for 5.048)
2022-11-12 22:12:32.006  INFO 4516 --- [http-nio-8088-exec-1] o.apache.tomcat.util.http.parser.Cookie  : A cookie header was received [freePromorunningtmr=Fri Jan 02 1970 02:18:01 GMT+0800 (中国标准时间);] that contained an invalid cookie. That cookie will be ignored.
 Note: further occurrences of this error will be logged at DEBUG level.
2022-11-12 22:12:32.015  INFO 4516 --- [http-nio-8088-exec-1] o.a.c.c.C.[Tomcat].[localhost].[/]       : Initializing Spring DispatcherServlet 'dispatcherServlet'
2022-11-12 22:12:32.016  INFO 4516 --- [http-nio-8088-exec-1] o.s.web.servlet.DispatcherServlet        : Initializing Servlet 'dispatcherServlet'
2022-11-12 22:12:32.017  INFO 4516 --- [http-nio-8088-exec-1] o.s.web.servlet.DispatcherServlet        : Completed initialization in 1 ms
2022-11-12 22:13:01.537  INFO 8912 --- [main] c.j.xshopping.XshoppingApplication       : Starting XshoppingApplication using Java 11.0.9.1 on test with PID 8912 (D:\idea_workspace\wxshop\shopp\target\classes started by lenovo in D:\idea_workspace\wxshop\shopp)
2022-11-12 22:13:01.540  INFO 8912 --- [main] c.j.xshopping.XshoppingApplication       : No active profile set, falling back to 1 default profile: "default"
2022-11-12 22:13:02.452  WARN 8912 --- [main] o.m.s.mapper.ClassPathMapperScanner      : No MyBatis mapper was found in '[com.javaclimb.xshopping]' package. Please check your configuration.
2022-11-12 22:13:02.845  INFO 8912 --- [main] o.s.b.w.embedded.tomcat.TomcatWebServer  : Tomcat initialized with port(s): 8088 (http)
2022-11-12 22:13:02.855  INFO 8912 --- [main] o.apache.catalina.core.StandardService   : Starting service [Tomcat]
2022-11-12 22:13:02.855  INFO 8912 --- [main] org.apache.catalina.core.StandardEngine  : Starting Servlet engine: [Apache Tomcat/9.0.63]
2022-11-12 22:13:02.991  INFO 8912 --- [main] o.a.c.c.C.[Tomcat].[localhost].[/]       : Initializing Spring embedded WebApplicationContext
2022-11-12 22:13:02.992  INFO 8912 --- [main] w.s.c.ServletWebServerApplicationContext : Root WebApplicationContext: initialization completed in 1393 ms
2022-11-12 22:13:03.073  INFO 8912 --- [main] c.a.d.s.b.a.DruidDataSourceAutoConfigure : Init DruidDataSource
2022-11-12 22:13:03.180  INFO 8912 --- [main] com.alibaba.druid.pool.DruidDataSource   : {dataSource-1} inited
2022-11-12 22:13:03.982  WARN 8912 --- [main] ion$DefaultTemplateResolverConfiguration : Cannot find template location: classpath:/templates/ (please add some templates or check your Thymeleaf configuration)
2022-11-12 22:13:04.133  INFO 8912 --- [main] o.s.b.w.embedded.tomcat.TomcatWebServer  : Tomcat started on port(s): 8088 (http) with context path ''
2022-11-12 22:13:04.146  INFO 8912 --- [main] c.j.xshopping.XshoppingApplication       : Started XshoppingApplication in 3.394 seconds (JVM running for 4.918)
2022-11-12 22:13:09.760  INFO 8912 --- [http-nio-8088-exec-1] o.apache.tomcat.util.http.parser.Cookie  : A cookie header was received [freePromorunningtmr=Fri Jan 02 1970 02:18:01 GMT+0800 (中国标准时间);] that contained an invalid cookie. That cookie will be ignored.
 Note: further occurrences of this error will be logged at DEBUG level.
2022-11-12 22:13:09.767  INFO 8912 --- [http-nio-8088-exec-1] o.a.c.c.C.[Tomcat].[localhost].[/]       : Initializing Spring DispatcherServlet 'dispatcherServlet'
2022-11-12 22:13:09.767  INFO 8912 --- [http-nio-8088-exec-1] o.s.web.servlet.DispatcherServlet        : Initializing Servlet 'dispatcherServlet'
2022-11-12 22:13:09.769  INFO 8912 --- [http-nio-8088-exec-1] o.s.web.servlet.DispatcherServlet        : Completed initialization in 1 ms
2022-11-12 22:16:19.238  INFO 12912 --- [main] c.j.xshopping.XshoppingApplication       : Starting XshoppingApplication using Java 11.0.9.1 on test with PID 12912 (D:\idea_workspace\wxshop\shopp\target\classes started by lenovo in D:\idea_workspace\wxshop\shopp)
2022-11-12 22:16:19.241  INFO 12912 --- [main] c.j.xshopping.XshoppingApplication       : No active profile set, falling back to 1 default profile: "default"
2022-11-12 22:16:20.378  WARN 12912 --- [main] o.m.s.mapper.ClassPathMapperScanner      : No MyBatis mapper was found in '[com.javaclimb.xshopping]' package. Please check your configuration.
2022-11-12 22:16:20.803  INFO 12912 --- [main] o.s.b.w.embedded.tomcat.TomcatWebServer  : Tomcat initialized with port(s): 8088 (http)
2022-11-12 22:16:20.815  INFO 12912 --- [main] o.apache.catalina.core.StandardService   : Starting service [Tomcat]
2022-11-12 22:16:20.815  INFO 12912 --- [main] org.apache.catalina.core.StandardEngine  : Starting Servlet engine: [Apache Tomcat/9.0.63]
2022-11-12 22:16:20.984  INFO 12912 --- [main] o.a.c.c.C.[Tomcat].[localhost].[/]       : Initializing Spring embedded WebApplicationContext
2022-11-12 22:16:20.984  INFO 12912 --- [main] w.s.c.ServletWebServerApplicationContext : Root WebApplicationContext: initialization completed in 1661 ms
2022-11-12 22:16:21.082  INFO 12912 --- [main] c.a.d.s.b.a.DruidDataSourceAutoConfigure : Init DruidDataSource
2022-11-12 22:16:21.187  INFO 12912 --- [main] com.alibaba.druid.pool.DruidDataSource   : {dataSource-1} inited
2022-11-12 22:16:22.028  WARN 12912 --- [main] ion$DefaultTemplateResolverConfiguration : Cannot find template location: classpath:/templates/ (please add some templates or check your Thymeleaf configuration)
2022-11-12 22:16:22.172  WARN 12912 --- [main] ConfigServletWebServerApplicationContext : Exception encountered during context initialization - cancelling refresh attempt: org.springframework.context.ApplicationContextException: Failed to start bean 'webServerStartStop'; nested exception is org.springframework.boot.web.server.PortInUseException: Port 8088 is already in use
2022-11-12 22:16:22.175  INFO 12912 --- [main] com.alibaba.druid.pool.DruidDataSource   : {dataSource-1} closing ...
2022-11-12 22:16:22.177  INFO 12912 --- [main] com.alibaba.druid.pool.DruidDataSource   : {dataSource-1} closed
2022-11-12 22:16:22.180  INFO 12912 --- [main] o.apache.catalina.core.StandardService   : Stopping service [Tomcat]
2022-11-12 22:16:22.195  INFO 12912 --- [main] ConditionEvaluationReportLoggingListener : 

Error starting ApplicationContext. To display the conditions report re-run your application with 'debug' enabled.
2022-11-12 22:16:22.211 ERROR 12912 --- [main] o.s.b.d.LoggingFailureAnalysisReporter   : 

***************************
APPLICATION FAILED TO START
***************************

Description:

Web server failed to start. Port 8088 was already in use.

Action:

Identify and stop the process that's listening on port 8088 or configure this application to listen on another port.

2022-11-12 22:16:35.988  INFO 12916 --- [main] c.j.xshopping.XshoppingApplication       : Starting XshoppingApplication using Java 11.0.9.1 on test with PID 12916 (D:\idea_workspace\wxshop\shopp\target\classes started by lenovo in D:\idea_workspace\wxshop\shopp)
2022-11-12 22:16:35.993  INFO 12916 --- [main] c.j.xshopping.XshoppingApplication       : No active profile set, falling back to 1 default profile: "default"
2022-11-12 22:16:36.957  WARN 12916 --- [main] o.m.s.mapper.ClassPathMapperScanner      : No MyBatis mapper was found in '[com.javaclimb.xshopping]' package. Please check your configuration.
2022-11-12 22:16:37.347  INFO 12916 --- [main] o.s.b.w.embedded.tomcat.TomcatWebServer  : Tomcat initialized with port(s): 8081 (http)
2022-11-12 22:16:37.356  INFO 12916 --- [main] o.apache.catalina.core.StandardService   : Starting service [Tomcat]
2022-11-12 22:16:37.357  INFO 12916 --- [main] org.apache.catalina.core.StandardEngine  : Starting Servlet engine: [Apache Tomcat/9.0.63]
2022-11-12 22:16:37.506  INFO 12916 --- [main] o.a.c.c.C.[Tomcat].[localhost].[/]       : Initializing Spring embedded WebApplicationContext
2022-11-12 22:16:37.507  INFO 12916 --- [main] w.s.c.ServletWebServerApplicationContext : Root WebApplicationContext: initialization completed in 1447 ms
2022-11-12 22:16:37.608  INFO 12916 --- [main] c.a.d.s.b.a.DruidDataSourceAutoConfigure : Init DruidDataSource
2022-11-12 22:16:37.722  INFO 12916 --- [main] com.alibaba.druid.pool.DruidDataSource   : {dataSource-1} inited
2022-11-12 22:16:38.568  WARN 12916 --- [main] ion$DefaultTemplateResolverConfiguration : Cannot find template location: classpath:/templates/ (please add some templates or check your Thymeleaf configuration)
2022-11-12 22:16:38.713  WARN 12916 --- [main] ConfigServletWebServerApplicationContext : Exception encountered during context initialization - cancelling refresh attempt: org.springframework.context.ApplicationContextException: Failed to start bean 'webServerStartStop'; nested exception is org.springframework.boot.web.server.PortInUseException: Port 8081 is already in use
2022-11-12 22:16:38.715  INFO 12916 --- [main] com.alibaba.druid.pool.DruidDataSource   : {dataSource-1} closing ...
2022-11-12 22:16:38.718  INFO 12916 --- [main] com.alibaba.druid.pool.DruidDataSource   : {dataSource-1} closed
2022-11-12 22:16:38.721  INFO 12916 --- [main] o.apache.catalina.core.StandardService   : Stopping service [Tomcat]
2022-11-12 22:16:38.735  INFO 12916 --- [main] ConditionEvaluationReportLoggingListener : 

Error starting ApplicationContext. To display the conditions report re-run your application with 'debug' enabled.
2022-11-12 22:16:38.752 ERROR 12916 --- [main] o.s.b.d.LoggingFailureAnalysisReporter   : 

***************************
APPLICATION FAILED TO START
***************************

Description:

Web server failed to start. Port 8081 was already in use.

Action:

Identify and stop the process that's listening on port 8081 or configure this application to listen on another port.

2022-11-12 22:19:41.946  INFO 14608 --- [main] c.j.xshopping.XshoppingApplication       : Starting XshoppingApplication using Java 11.0.9.1 on test with PID 14608 (D:\idea_workspace\wxshop\shopp\target\classes started by lenovo in D:\idea_workspace\wxshop\shopp)
2022-11-12 22:19:41.950  INFO 14608 --- [main] c.j.xshopping.XshoppingApplication       : No active profile set, falling back to 1 default profile: "default"
2022-11-12 22:19:44.640  WARN 14608 --- [main] o.m.s.mapper.ClassPathMapperScanner      : No MyBatis mapper was found in '[com.javaclimb.xshopping]' package. Please check your configuration.
2022-11-12 22:19:46.015  INFO 14608 --- [main] o.s.b.w.embedded.tomcat.TomcatWebServer  : Tomcat initialized with port(s): 8081 (http)
2022-11-12 22:19:46.033  INFO 14608 --- [main] o.apache.catalina.core.StandardService   : Starting service [Tomcat]
2022-11-12 22:19:46.034  INFO 14608 --- [main] org.apache.catalina.core.StandardEngine  : Starting Servlet engine: [Apache Tomcat/9.0.63]
2022-11-12 22:19:46.256  INFO 14608 --- [main] o.a.c.c.C.[Tomcat].[localhost].[/]       : Initializing Spring embedded WebApplicationContext
2022-11-12 22:19:46.257  INFO 14608 --- [main] w.s.c.ServletWebServerApplicationContext : Root WebApplicationContext: initialization completed in 4199 ms
2022-11-12 22:19:46.448  INFO 14608 --- [main] c.a.d.s.b.a.DruidDataSourceAutoConfigure : Init DruidDataSource
2022-11-12 22:19:46.618  INFO 14608 --- [main] com.alibaba.druid.pool.DruidDataSource   : {dataSource-1} inited
2022-11-12 22:19:47.805  WARN 14608 --- [main] ion$DefaultTemplateResolverConfiguration : Cannot find template location: classpath:/templates/ (please add some templates or check your Thymeleaf configuration)
2022-11-12 22:19:48.065  INFO 14608 --- [main] o.s.b.w.embedded.tomcat.TomcatWebServer  : Tomcat started on port(s): 8081 (http) with context path ''
2022-11-12 22:19:48.081  INFO 14608 --- [main] c.j.xshopping.XshoppingApplication       : Started XshoppingApplication in 7.856 seconds (JVM running for 10.964)
2022-11-12 22:21:32.240  INFO 1380 --- [main] c.j.xshopping.XshoppingApplication       : Starting XshoppingApplication using Java 11.0.9.1 on test with PID 1380 (D:\idea_workspace\wxshop\shopp\target\classes started by lenovo in D:\idea_workspace\wxshop\shopp)
2022-11-12 22:21:32.244  INFO 1380 --- [main] c.j.xshopping.XshoppingApplication       : No active profile set, falling back to 1 default profile: "default"
2022-11-12 22:21:33.205  WARN 1380 --- [main] o.m.s.mapper.ClassPathMapperScanner      : No MyBatis mapper was found in '[com.javaclimb.xshopping]' package. Please check your configuration.
2022-11-12 22:21:33.704  INFO 1380 --- [main] o.s.b.w.embedded.tomcat.TomcatWebServer  : Tomcat initialized with port(s): 8081 (http)
2022-11-12 22:21:33.716  INFO 1380 --- [main] o.apache.catalina.core.StandardService   : Starting service [Tomcat]
2022-11-12 22:21:33.717  INFO 1380 --- [main] org.apache.catalina.core.StandardEngine  : Starting Servlet engine: [Apache Tomcat/9.0.63]
2022-11-12 22:21:33.873  INFO 1380 --- [main] o.a.c.c.C.[Tomcat].[localhost].[/]       : Initializing Spring embedded WebApplicationContext
2022-11-12 22:21:33.873  INFO 1380 --- [main] w.s.c.ServletWebServerApplicationContext : Root WebApplicationContext: initialization completed in 1573 ms
2022-11-12 22:21:33.974  INFO 1380 --- [main] c.a.d.s.b.a.DruidDataSourceAutoConfigure : Init DruidDataSource
2022-11-12 22:21:34.107  INFO 1380 --- [main] com.alibaba.druid.pool.DruidDataSource   : {dataSource-1} inited
2022-11-12 22:21:35.010  WARN 1380 --- [main] ion$DefaultTemplateResolverConfiguration : Cannot find template location: classpath:/templates/ (please add some templates or check your Thymeleaf configuration)
2022-11-12 22:21:35.200  WARN 1380 --- [main] ConfigServletWebServerApplicationContext : Exception encountered during context initialization - cancelling refresh attempt: org.springframework.context.ApplicationContextException: Failed to start bean 'webServerStartStop'; nested exception is org.springframework.boot.web.server.PortInUseException: Port 8081 is already in use
2022-11-12 22:21:35.203  INFO 1380 --- [main] com.alibaba.druid.pool.DruidDataSource   : {dataSource-1} closing ...
2022-11-12 22:21:35.205  INFO 1380 --- [main] com.alibaba.druid.pool.DruidDataSource   : {dataSource-1} closed
2022-11-12 22:21:35.209  INFO 1380 --- [main] o.apache.catalina.core.StandardService   : Stopping service [Tomcat]
2022-11-12 22:21:35.228  INFO 1380 --- [main] ConditionEvaluationReportLoggingListener : 

Error starting ApplicationContext. To display the conditions report re-run your application with 'debug' enabled.
2022-11-12 22:21:35.259 ERROR 1380 --- [main] o.s.b.d.LoggingFailureAnalysisReporter   : 

***************************
APPLICATION FAILED TO START
***************************

Description:

Web server failed to start. Port 8081 was already in use.

Action:

Identify and stop the process that's listening on port 8081 or configure this application to listen on another port.

2022-11-12 22:22:04.302  INFO 11392 --- [main] c.j.xshopping.XshoppingApplication       : Starting XshoppingApplication using Java 11.0.9.1 on test with PID 11392 (D:\idea_workspace\wxshop\shopp\target\classes started by lenovo in D:\idea_workspace\wxshop\shopp)
2022-11-12 22:22:04.306  INFO 11392 --- [main] c.j.xshopping.XshoppingApplication       : No active profile set, falling back to 1 default profile: "default"
2022-11-12 22:22:05.168  WARN 11392 --- [main] o.m.s.mapper.ClassPathMapperScanner      : No MyBatis mapper was found in '[com.javaclimb.xshopping]' package. Please check your configuration.
2022-11-12 22:22:05.587  INFO 11392 --- [main] o.s.b.w.embedded.tomcat.TomcatWebServer  : Tomcat initialized with port(s): 8088 (http)
2022-11-12 22:22:05.599  INFO 11392 --- [main] o.apache.catalina.core.StandardService   : Starting service [Tomcat]
2022-11-12 22:22:05.600  INFO 11392 --- [main] org.apache.catalina.core.StandardEngine  : Starting Servlet engine: [Apache Tomcat/9.0.63]
2022-11-12 22:22:05.757  INFO 11392 --- [main] o.a.c.c.C.[Tomcat].[localhost].[/]       : Initializing Spring embedded WebApplicationContext
2022-11-12 22:22:05.757  INFO 11392 --- [main] w.s.c.ServletWebServerApplicationContext : Root WebApplicationContext: initialization completed in 1398 ms
2022-11-12 22:22:05.853  INFO 11392 --- [main] c.a.d.s.b.a.DruidDataSourceAutoConfigure : Init DruidDataSource
2022-11-12 22:22:05.976  INFO 11392 --- [main] com.alibaba.druid.pool.DruidDataSource   : {dataSource-1} inited
2022-11-12 22:22:06.815  WARN 11392 --- [main] ion$DefaultTemplateResolverConfiguration : Cannot find template location: classpath:/templates/ (please add some templates or check your Thymeleaf configuration)
2022-11-12 22:22:06.977  INFO 11392 --- [main] o.s.b.w.embedded.tomcat.TomcatWebServer  : Tomcat started on port(s): 8088 (http) with context path ''
2022-11-12 22:22:06.992  INFO 11392 --- [main] c.j.xshopping.XshoppingApplication       : Started XshoppingApplication in 3.513 seconds (JVM running for 4.991)
2022-11-12 22:22:11.993  INFO 11392 --- [http-nio-8088-exec-1] o.apache.tomcat.util.http.parser.Cookie  : A cookie header was received [freePromorunningtmr=Fri Jan 02 1970 02:18:01 GMT+0800 (中国标准时间);] that contained an invalid cookie. That cookie will be ignored.
 Note: further occurrences of this error will be logged at DEBUG level.
2022-11-12 22:22:12.002  INFO 11392 --- [http-nio-8088-exec-1] o.a.c.c.C.[Tomcat].[localhost].[/]       : Initializing Spring DispatcherServlet 'dispatcherServlet'
2022-11-12 22:22:12.002  INFO 11392 --- [http-nio-8088-exec-1] o.s.web.servlet.DispatcherServlet        : Initializing Servlet 'dispatcherServlet'
2022-11-12 22:22:12.004  INFO 11392 --- [http-nio-8088-exec-1] o.s.web.servlet.DispatcherServlet        : Completed initialization in 1 ms
2022-11-12 22:22:20.455  WARN 11392 --- [http-nio-8088-exec-2] o.a.c.util.SessionIdGeneratorBase        : Creation of SecureRandom instance for session ID generation using [SHA1PRNG] took [459] milliseconds.
2022-11-12 22:23:45.294  INFO 10592 --- [main] c.j.xshopping.XshoppingApplication       : Starting XshoppingApplication using Java 11.0.9.1 on test with PID 10592 (D:\idea_workspace\wxshop\shopp\target\classes started by lenovo in D:\idea_workspace\wxshop\shopp)
2022-11-12 22:23:45.299  INFO 10592 --- [main] c.j.xshopping.XshoppingApplication       : No active profile set, falling back to 1 default profile: "default"
2022-11-12 22:23:46.271  WARN 10592 --- [main] o.m.s.mapper.ClassPathMapperScanner      : No MyBatis mapper was found in '[com.javaclimb.xshopping]' package. Please check your configuration.
2022-11-12 22:23:46.692  INFO 10592 --- [main] o.s.b.w.embedded.tomcat.TomcatWebServer  : Tomcat initialized with port(s): 8088 (http)
2022-11-12 22:23:46.702  INFO 10592 --- [main] o.apache.catalina.core.StandardService   : Starting service [Tomcat]
2022-11-12 22:23:46.702  INFO 10592 --- [main] org.apache.catalina.core.StandardEngine  : Starting Servlet engine: [Apache Tomcat/9.0.63]
2022-11-12 22:23:46.849  INFO 10592 --- [main] o.a.c.c.C.[Tomcat].[localhost].[/]       : Initializing Spring embedded WebApplicationContext
2022-11-12 22:23:46.849  INFO 10592 --- [main] w.s.c.ServletWebServerApplicationContext : Root WebApplicationContext: initialization completed in 1490 ms
2022-11-12 22:23:46.935  INFO 10592 --- [main] c.a.d.s.b.a.DruidDataSourceAutoConfigure : Init DruidDataSource
2022-11-12 22:23:47.054  INFO 10592 --- [main] com.alibaba.druid.pool.DruidDataSource   : {dataSource-1} inited
2022-11-12 22:23:47.843  WARN 10592 --- [main] ion$DefaultTemplateResolverConfiguration : Cannot find template location: classpath:/templates/ (please add some templates or check your Thymeleaf configuration)
2022-11-12 22:23:48.010  INFO 10592 --- [main] o.s.b.w.embedded.tomcat.TomcatWebServer  : Tomcat started on port(s): 8088 (http) with context path ''
2022-11-12 22:23:48.024  INFO 10592 --- [main] c.j.xshopping.XshoppingApplication       : Started XshoppingApplication in 3.536 seconds (JVM running for 5.048)
2022-11-12 22:23:55.972  INFO 10592 --- [http-nio-8088-exec-1] o.apache.tomcat.util.http.parser.Cookie  : A cookie header was received [freePromorunningtmr=Fri Jan 02 1970 02:18:01 GMT+0800 (中国标准时间);] that contained an invalid cookie. That cookie will be ignored.
 Note: further occurrences of this error will be logged at DEBUG level.
2022-11-12 22:23:55.983  INFO 10592 --- [http-nio-8088-exec-1] o.a.c.c.C.[Tomcat].[localhost].[/]       : Initializing Spring DispatcherServlet 'dispatcherServlet'
2022-11-12 22:23:55.983  INFO 10592 --- [http-nio-8088-exec-1] o.s.web.servlet.DispatcherServlet        : Initializing Servlet 'dispatcherServlet'
2022-11-12 22:23:55.984  INFO 10592 --- [http-nio-8088-exec-1] o.s.web.servlet.DispatcherServlet        : Completed initialization in 1 ms
2022-11-12 22:23:56.425  WARN 10592 --- [http-nio-8088-exec-1] o.a.c.util.SessionIdGeneratorBase        : Creation of SecureRandom instance for session ID generation using [SHA1PRNG] took [421] milliseconds.
2022-11-12 22:47:33.474  INFO 12268 --- [main] c.j.xshopping.XshoppingApplication       : Starting XshoppingApplication using Java 11.0.9.1 on test with PID 12268 (D:\idea_workspace\wxshop\shopp\target\classes started by lenovo in D:\idea_workspace\wxshop\shopp)
2022-11-12 22:47:33.478  INFO 12268 --- [main] c.j.xshopping.XshoppingApplication       : No active profile set, falling back to 1 default profile: "default"
2022-11-12 22:47:34.632  WARN 12268 --- [main] o.m.s.mapper.ClassPathMapperScanner      : No MyBatis mapper was found in '[com.javaclimb.xshopping]' package. Please check your configuration.
2022-11-12 22:47:35.155  INFO 12268 --- [main] o.s.b.w.embedded.tomcat.TomcatWebServer  : Tomcat initialized with port(s): 8088 (http)
2022-11-12 22:47:35.171  INFO 12268 --- [main] o.apache.catalina.core.StandardService   : Starting service [Tomcat]
2022-11-12 22:47:35.172  INFO 12268 --- [main] org.apache.catalina.core.StandardEngine  : Starting Servlet engine: [Apache Tomcat/9.0.63]
2022-11-12 22:47:35.366  INFO 12268 --- [main] o.a.c.c.C.[Tomcat].[localhost].[/]       : Initializing Spring embedded WebApplicationContext
2022-11-12 22:47:35.366  INFO 12268 --- [main] w.s.c.ServletWebServerApplicationContext : Root WebApplicationContext: initialization completed in 1816 ms
2022-11-12 22:47:35.482  INFO 12268 --- [main] c.a.d.s.b.a.DruidDataSourceAutoConfigure : Init DruidDataSource
2022-11-12 22:47:35.627  INFO 12268 --- [main] com.alibaba.druid.pool.DruidDataSource   : {dataSource-1} inited
2022-11-12 22:47:36.608  WARN 12268 --- [main] ion$DefaultTemplateResolverConfiguration : Cannot find template location: classpath:/templates/ (please add some templates or check your Thymeleaf configuration)
2022-11-12 22:47:36.765  INFO 12268 --- [main] o.s.b.w.embedded.tomcat.TomcatWebServer  : Tomcat started on port(s): 8088 (http) with context path ''
2022-11-12 22:47:36.780  INFO 12268 --- [main] c.j.xshopping.XshoppingApplication       : Started XshoppingApplication in 4.232 seconds (JVM running for 5.937)
2022-11-12 22:49:56.297  INFO 12268 --- [http-nio-8088-exec-1] o.apache.tomcat.util.http.parser.Cookie  : A cookie header was received [freePromorunningtmr=Fri Jan 02 1970 02:18:01 GMT+0800 (中国标准时间);] that contained an invalid cookie. That cookie will be ignored.
 Note: further occurrences of this error will be logged at DEBUG level.
2022-11-12 22:49:56.305  INFO 12268 --- [http-nio-8088-exec-1] o.a.c.c.C.[Tomcat].[localhost].[/]       : Initializing Spring DispatcherServlet 'dispatcherServlet'
2022-11-12 22:49:56.305  INFO 12268 --- [http-nio-8088-exec-1] o.s.web.servlet.DispatcherServlet        : Initializing Servlet 'dispatcherServlet'
2022-11-12 22:49:56.306  INFO 12268 --- [http-nio-8088-exec-1] o.s.web.servlet.DispatcherServlet        : Completed initialization in 0 ms
2022-11-12 22:49:56.767  WARN 12268 --- [http-nio-8088-exec-1] o.a.c.util.SessionIdGeneratorBase        : Creation of SecureRandom instance for session ID generation using [SHA1PRNG] took [437] milliseconds.
2022-11-12 22:52:41.784  INFO 10312 --- [main] c.j.xshopping.XshoppingApplication       : Starting XshoppingApplication using Java 11.0.9.1 on test with PID 10312 (D:\idea_workspace\wxshop\shopp\target\classes started by lenovo in D:\idea_workspace\wxshop\shopp)
2022-11-12 22:52:41.789  INFO 10312 --- [main] c.j.xshopping.XshoppingApplication       : No active profile set, falling back to 1 default profile: "default"
2022-11-12 22:52:42.864  WARN 10312 --- [main] o.m.s.mapper.ClassPathMapperScanner      : No MyBatis mapper was found in '[com.javaclimb.xshopping]' package. Please check your configuration.
2022-11-12 22:52:43.285  INFO 10312 --- [main] o.s.b.w.embedded.tomcat.TomcatWebServer  : Tomcat initialized with port(s): 8088 (http)
2022-11-12 22:52:43.295  INFO 10312 --- [main] o.apache.catalina.core.StandardService   : Starting service [Tomcat]
2022-11-12 22:52:43.296  INFO 10312 --- [main] org.apache.catalina.core.StandardEngine  : Starting Servlet engine: [Apache Tomcat/9.0.63]
2022-11-12 22:52:43.447  INFO 10312 --- [main] o.a.c.c.C.[Tomcat].[localhost].[/]       : Initializing Spring embedded WebApplicationContext
2022-11-12 22:52:43.447  INFO 10312 --- [main] w.s.c.ServletWebServerApplicationContext : Root WebApplicationContext: initialization completed in 1590 ms
2022-11-12 22:52:43.567  INFO 10312 --- [main] c.a.d.s.b.a.DruidDataSourceAutoConfigure : Init DruidDataSource
2022-11-12 22:52:43.697  INFO 10312 --- [main] com.alibaba.druid.pool.DruidDataSource   : {dataSource-1} inited
2022-11-12 22:52:44.575  WARN 10312 --- [main] ion$DefaultTemplateResolverConfiguration : Cannot find template location: classpath:/templates/ (please add some templates or check your Thymeleaf configuration)
2022-11-12 22:52:44.726  INFO 10312 --- [main] o.s.b.w.embedded.tomcat.TomcatWebServer  : Tomcat started on port(s): 8088 (http) with context path ''
2022-11-12 22:52:44.741  INFO 10312 --- [main] c.j.xshopping.XshoppingApplication       : Started XshoppingApplication in 3.734 seconds (JVM running for 5.208)
2022-11-12 22:52:56.596  INFO 10312 --- [http-nio-8088-exec-2] o.a.c.c.C.[Tomcat].[localhost].[/]       : Initializing Spring DispatcherServlet 'dispatcherServlet'
2022-11-12 22:52:56.597  INFO 10312 --- [http-nio-8088-exec-2] o.s.web.servlet.DispatcherServlet        : Initializing Servlet 'dispatcherServlet'
2022-11-12 22:52:56.598  INFO 10312 --- [http-nio-8088-exec-2] o.s.web.servlet.DispatcherServlet        : Completed initialization in 1 ms
2022-11-12 22:53:11.583  INFO 10312 --- [http-nio-8088-exec-1] o.apache.tomcat.util.http.parser.Cookie  : A cookie header was received [freePromorunningtmr=Fri Jan 02 1970 02:18:01 GMT+0800 (中国标准时间);] that contained an invalid cookie. That cookie will be ignored.
 Note: further occurrences of this error will be logged at DEBUG level.
2022-11-12 22:53:12.036  WARN 10312 --- [http-nio-8088-exec-1] o.a.c.util.SessionIdGeneratorBase        : Creation of SecureRandom instance for session ID generation using [SHA1PRNG] took [444] milliseconds.
