2022-11-19 01:20:10.590  INFO 15892 --- [main] c.j.xshopping.XshoppingApplication       : Starting XshoppingApplication using Java 11.0.9.1 on test with PID 15892 (D:\idea_workspace\wxshop\shopp\target\classes started by lenovo in D:\idea_workspace\wxshop\shopp)
2022-11-19 01:20:10.596  INFO 15892 --- [main] c.j.xshopping.XshoppingApplication       : No active profile set, falling back to 1 default profile: "default"
2022-11-19 01:20:11.674  WARN 15892 --- [main] o.m.s.mapper.ClassPathMapperScanner      : No MyBatis mapper was found in '[com.javaclimb.xshopping]' package. Please check your configuration.
2022-11-19 01:20:12.203  INFO 15892 --- [main] o.s.b.w.embedded.tomcat.TomcatWebServer  : Tomcat initialized with port(s): 8088 (http)
2022-11-19 01:20:12.215  INFO 15892 --- [main] o.apache.catalina.core.StandardService   : Starting service [Tomcat]
2022-11-19 01:20:12.215  INFO 15892 --- [main] org.apache.catalina.core.StandardEngine  : Starting Servlet engine: [Apache Tomcat/9.0.63]
2022-11-19 01:20:12.408  INFO 15892 --- [main] o.a.c.c.C.[Tomcat].[localhost].[/]       : Initializing Spring embedded WebApplicationContext
2022-11-19 01:20:12.409  INFO 15892 --- [main] w.s.c.ServletWebServerApplicationContext : Root WebApplicationContext: initialization completed in 1742 ms
2022-11-19 01:20:12.541  INFO 15892 --- [main] c.a.d.s.b.a.DruidDataSourceAutoConfigure : Init DruidDataSource
2022-11-19 01:20:12.682  INFO 15892 --- [main] com.alibaba.druid.pool.DruidDataSource   : {dataSource-1} inited
2022-11-19 01:20:13.818  WARN 15892 --- [main] ion$DefaultTemplateResolverConfiguration : Cannot find template location: classpath:/templates/ (please add some templates or check your Thymeleaf configuration)
2022-11-19 01:20:13.991  WARN 15892 --- [main] ConfigServletWebServerApplicationContext : Exception encountered during context initialization - cancelling refresh attempt: org.springframework.context.ApplicationContextException: Failed to start bean 'webServerStartStop'; nested exception is org.springframework.boot.web.server.PortInUseException: Port 8088 is already in use
2022-11-19 01:20:13.994  INFO 15892 --- [main] com.alibaba.druid.pool.DruidDataSource   : {dataSource-1} closing ...
2022-11-19 01:20:13.997  INFO 15892 --- [main] com.alibaba.druid.pool.DruidDataSource   : {dataSource-1} closed
2022-11-19 01:20:14.000  INFO 15892 --- [main] o.apache.catalina.core.StandardService   : Stopping service [Tomcat]
2022-11-19 01:20:14.019  INFO 15892 --- [main] ConditionEvaluationReportLoggingListener : 

Error starting ApplicationContext. To display the conditions report re-run your application with 'debug' enabled.
2022-11-19 01:20:14.056 ERROR 15892 --- [main] o.s.b.d.LoggingFailureAnalysisReporter   : 

***************************
APPLICATION FAILED TO START
***************************

Description:

Web server failed to start. Port 8088 was already in use.

Action:

Identify and stop the process that's listening on port 8088 or configure this application to listen on another port.

2022-11-19 01:21:05.424  INFO 12628 --- [main] c.j.xshopping.XshoppingApplication       : Starting XshoppingApplication using Java 11.0.9.1 on test with PID 12628 (D:\idea_workspace\wxshop\shopp\target\classes started by lenovo in D:\idea_workspace\wxshop\shopp)
2022-11-19 01:21:05.428  INFO 12628 --- [main] c.j.xshopping.XshoppingApplication       : No active profile set, falling back to 1 default profile: "default"
2022-11-19 01:21:06.494  WARN 12628 --- [main] o.m.s.mapper.ClassPathMapperScanner      : No MyBatis mapper was found in '[com.javaclimb.xshopping]' package. Please check your configuration.
2022-11-19 01:21:07.069  INFO 12628 --- [main] o.s.b.w.embedded.tomcat.TomcatWebServer  : Tomcat initialized with port(s): 8088 (http)
2022-11-19 01:21:07.087  INFO 12628 --- [main] o.apache.catalina.core.StandardService   : Starting service [Tomcat]
2022-11-19 01:21:07.088  INFO 12628 --- [main] org.apache.catalina.core.StandardEngine  : Starting Servlet engine: [Apache Tomcat/9.0.63]
2022-11-19 01:21:07.289  INFO 12628 --- [main] o.a.c.c.C.[Tomcat].[localhost].[/]       : Initializing Spring embedded WebApplicationContext
2022-11-19 01:21:07.289  INFO 12628 --- [main] w.s.c.ServletWebServerApplicationContext : Root WebApplicationContext: initialization completed in 1790 ms
2022-11-19 01:21:07.394  INFO 12628 --- [main] c.a.d.s.b.a.DruidDataSourceAutoConfigure : Init DruidDataSource
2022-11-19 01:21:07.517  INFO 12628 --- [main] com.alibaba.druid.pool.DruidDataSource   : {dataSource-1} inited
2022-11-19 01:21:08.619  WARN 12628 --- [main] ion$DefaultTemplateResolverConfiguration : Cannot find template location: classpath:/templates/ (please add some templates or check your Thymeleaf configuration)
2022-11-19 01:21:08.816  INFO 12628 --- [main] o.s.b.w.embedded.tomcat.TomcatWebServer  : Tomcat started on port(s): 8088 (http) with context path ''
2022-11-19 01:21:08.832  INFO 12628 --- [main] c.j.xshopping.XshoppingApplication       : Started XshoppingApplication in 4.509 seconds (JVM running for 6.471)
2022-11-19 14:45:10.306  INFO 14108 --- [main] c.j.xshopping.XshoppingApplication       : Starting XshoppingApplication using Java 11.0.9.1 on test with PID 14108 (D:\idea_workspace\wxshop\shopp\target\classes started by lenovo in D:\idea_workspace\wxshop\shopp)
2022-11-19 14:45:10.312  INFO 14108 --- [main] c.j.xshopping.XshoppingApplication       : No active profile set, falling back to 1 default profile: "default"
2022-11-19 14:45:12.000  WARN 14108 --- [main] o.m.s.mapper.ClassPathMapperScanner      : No MyBatis mapper was found in '[com.javaclimb.xshopping]' package. Please check your configuration.
2022-11-19 14:45:12.746  INFO 14108 --- [main] o.s.b.w.embedded.tomcat.TomcatWebServer  : Tomcat initialized with port(s): 8088 (http)
2022-11-19 14:45:12.766  INFO 14108 --- [main] o.apache.catalina.core.StandardService   : Starting service [Tomcat]
2022-11-19 14:45:12.769  INFO 14108 --- [main] org.apache.catalina.core.StandardEngine  : Starting Servlet engine: [Apache Tomcat/9.0.63]
2022-11-19 14:45:13.075  INFO 14108 --- [main] o.a.c.c.C.[Tomcat].[localhost].[/]       : Initializing Spring embedded WebApplicationContext
2022-11-19 14:45:13.076  INFO 14108 --- [main] w.s.c.ServletWebServerApplicationContext : Root WebApplicationContext: initialization completed in 2670 ms
2022-11-19 14:45:13.213  INFO 14108 --- [main] c.a.d.s.b.a.DruidDataSourceAutoConfigure : Init DruidDataSource
2022-11-19 14:45:13.361  INFO 14108 --- [main] com.alibaba.druid.pool.DruidDataSource   : {dataSource-1} inited
2022-11-19 14:45:14.664  WARN 14108 --- [main] ion$DefaultTemplateResolverConfiguration : Cannot find template location: classpath:/templates/ (please add some templates or check your Thymeleaf configuration)
2022-11-19 14:45:14.915  INFO 14108 --- [main] o.s.b.w.embedded.tomcat.TomcatWebServer  : Tomcat started on port(s): 8088 (http) with context path ''
2022-11-19 14:45:14.934  INFO 14108 --- [main] c.j.xshopping.XshoppingApplication       : Started XshoppingApplication in 6.081 seconds (JVM running for 12.715)
2022-11-19 14:45:46.897  INFO 14108 --- [http-nio-8088-exec-1] o.a.c.c.C.[Tomcat].[localhost].[/]       : Initializing Spring DispatcherServlet 'dispatcherServlet'
2022-11-19 14:45:46.899  INFO 14108 --- [http-nio-8088-exec-1] o.s.web.servlet.DispatcherServlet        : Initializing Servlet 'dispatcherServlet'
2022-11-19 14:45:46.902  INFO 14108 --- [http-nio-8088-exec-1] o.s.web.servlet.DispatcherServlet        : Completed initialization in 2 ms
2022-11-19 14:45:47.766  WARN 14108 --- [http-nio-8088-exec-1] o.a.c.util.SessionIdGeneratorBase        : Creation of SecureRandom instance for session ID generation using [SHA1PRNG] took [416] milliseconds.
2022-11-19 15:17:59.751  INFO 14108 --- [SpringApplicationShutdownHook] com.alibaba.druid.pool.DruidDataSource   : {dataSource-1} closing ...
2022-11-19 15:17:59.774  INFO 14108 --- [SpringApplicationShutdownHook] com.alibaba.druid.pool.DruidDataSource   : {dataSource-1} closed
2022-11-19 15:18:08.989  INFO 14932 --- [main] c.j.xshopping.XshoppingApplication       : Starting XshoppingApplication using Java 11.0.9.1 on test with PID 14932 (D:\idea_workspace\wxshop\shopp\target\classes started by lenovo in D:\idea_workspace\wxshop\shopp)
2022-11-19 15:18:08.994  INFO 14932 --- [main] c.j.xshopping.XshoppingApplication       : No active profile set, falling back to 1 default profile: "default"
2022-11-19 15:18:10.121  WARN 14932 --- [main] o.m.s.mapper.ClassPathMapperScanner      : No MyBatis mapper was found in '[com.javaclimb.xshopping]' package. Please check your configuration.
2022-11-19 15:18:10.907  INFO 14932 --- [main] o.s.b.w.embedded.tomcat.TomcatWebServer  : Tomcat initialized with port(s): 8088 (http)
2022-11-19 15:18:10.928  INFO 14932 --- [main] o.apache.catalina.core.StandardService   : Starting service [Tomcat]
2022-11-19 15:18:10.928  INFO 14932 --- [main] org.apache.catalina.core.StandardEngine  : Starting Servlet engine: [Apache Tomcat/9.0.63]
2022-11-19 15:18:11.136  INFO 14932 --- [main] o.a.c.c.C.[Tomcat].[localhost].[/]       : Initializing Spring embedded WebApplicationContext
2022-11-19 15:18:11.137  INFO 14932 --- [main] w.s.c.ServletWebServerApplicationContext : Root WebApplicationContext: initialization completed in 2058 ms
2022-11-19 15:18:11.420  INFO 14932 --- [main] c.a.d.s.b.a.DruidDataSourceAutoConfigure : Init DruidDataSource
2022-11-19 15:18:11.600  INFO 14932 --- [main] com.alibaba.druid.pool.DruidDataSource   : {dataSource-1} inited
2022-11-19 15:18:13.084  WARN 14932 --- [main] ion$DefaultTemplateResolverConfiguration : Cannot find template location: classpath:/templates/ (please add some templates or check your Thymeleaf configuration)
2022-11-19 15:18:13.281  INFO 14932 --- [main] o.s.b.w.embedded.tomcat.TomcatWebServer  : Tomcat started on port(s): 8088 (http) with context path ''
2022-11-19 15:18:13.300  INFO 14932 --- [main] c.j.xshopping.XshoppingApplication       : Started XshoppingApplication in 5.369 seconds (JVM running for 7.386)
2022-11-19 15:18:30.973  INFO 14932 --- [http-nio-8088-exec-1] o.a.c.c.C.[Tomcat].[localhost].[/]       : Initializing Spring DispatcherServlet 'dispatcherServlet'
2022-11-19 15:18:30.974  INFO 14932 --- [http-nio-8088-exec-1] o.s.web.servlet.DispatcherServlet        : Initializing Servlet 'dispatcherServlet'
2022-11-19 15:18:30.976  INFO 14932 --- [http-nio-8088-exec-1] o.s.web.servlet.DispatcherServlet        : Completed initialization in 1 ms
2022-11-19 15:33:15.642  WARN 14932 --- [http-nio-8088-exec-3] o.a.c.util.SessionIdGeneratorBase        : Creation of SecureRandom instance for session ID generation using [SHA1PRNG] took [468] milliseconds.
2022-11-19 16:10:30.095  INFO 14932 --- [SpringApplicationShutdownHook] com.alibaba.druid.pool.DruidDataSource   : {dataSource-1} closing ...
2022-11-19 16:10:30.105  INFO 14932 --- [SpringApplicationShutdownHook] com.alibaba.druid.pool.DruidDataSource   : {dataSource-1} closed
2022-11-19 16:10:38.741  INFO 1076 --- [main] c.j.xshopping.XshoppingApplication       : Starting XshoppingApplication using Java 11.0.9.1 on test with PID 1076 (D:\idea_workspace\wxshop\shopp\target\classes started by lenovo in D:\idea_workspace\wxshop\shopp)
2022-11-19 16:10:38.746  INFO 1076 --- [main] c.j.xshopping.XshoppingApplication       : No active profile set, falling back to 1 default profile: "default"
2022-11-19 16:10:39.794  WARN 1076 --- [main] o.m.s.mapper.ClassPathMapperScanner      : No MyBatis mapper was found in '[com.javaclimb.xshopping]' package. Please check your configuration.
2022-11-19 16:10:40.336  INFO 1076 --- [main] o.s.b.w.embedded.tomcat.TomcatWebServer  : Tomcat initialized with port(s): 8088 (http)
2022-11-19 16:10:40.350  INFO 1076 --- [main] o.apache.catalina.core.StandardService   : Starting service [Tomcat]
2022-11-19 16:10:40.351  INFO 1076 --- [main] org.apache.catalina.core.StandardEngine  : Starting Servlet engine: [Apache Tomcat/9.0.63]
2022-11-19 16:10:40.523  INFO 1076 --- [main] o.a.c.c.C.[Tomcat].[localhost].[/]       : Initializing Spring embedded WebApplicationContext
2022-11-19 16:10:40.523  INFO 1076 --- [main] w.s.c.ServletWebServerApplicationContext : Root WebApplicationContext: initialization completed in 1707 ms
2022-11-19 16:10:40.640  INFO 1076 --- [main] c.a.d.s.b.a.DruidDataSourceAutoConfigure : Init DruidDataSource
2022-11-19 16:10:40.773  INFO 1076 --- [main] com.alibaba.druid.pool.DruidDataSource   : {dataSource-1} inited
2022-11-19 16:10:41.994  WARN 1076 --- [main] ion$DefaultTemplateResolverConfiguration : Cannot find template location: classpath:/templates/ (please add some templates or check your Thymeleaf configuration)
2022-11-19 16:10:42.185  INFO 1076 --- [main] o.s.b.w.embedded.tomcat.TomcatWebServer  : Tomcat started on port(s): 8088 (http) with context path ''
2022-11-19 16:10:42.203  INFO 1076 --- [main] c.j.xshopping.XshoppingApplication       : Started XshoppingApplication in 4.491 seconds (JVM running for 6.272)
2022-11-19 16:10:49.514  INFO 1076 --- [http-nio-8088-exec-1] o.a.c.c.C.[Tomcat].[localhost].[/]       : Initializing Spring DispatcherServlet 'dispatcherServlet'
2022-11-19 16:10:49.514  INFO 1076 --- [http-nio-8088-exec-1] o.s.web.servlet.DispatcherServlet        : Initializing Servlet 'dispatcherServlet'
2022-11-19 16:10:49.515  INFO 1076 --- [http-nio-8088-exec-1] o.s.web.servlet.DispatcherServlet        : Completed initialization in 0 ms
2022-11-19 16:10:49.965  WARN 1076 --- [http-nio-8088-exec-1] o.a.c.util.SessionIdGeneratorBase        : Creation of SecureRandom instance for session ID generation using [SHA1PRNG] took [423] milliseconds.
2022-11-19 16:22:15.080  INFO 1076 --- [SpringApplicationShutdownHook] com.alibaba.druid.pool.DruidDataSource   : {dataSource-1} closing ...
2022-11-19 16:22:15.091  INFO 1076 --- [SpringApplicationShutdownHook] com.alibaba.druid.pool.DruidDataSource   : {dataSource-1} closed
2022-11-19 16:22:24.564  INFO 9420 --- [main] c.j.xshopping.XshoppingApplication       : Starting XshoppingApplication using Java 11.0.9.1 on test with PID 9420 (D:\idea_workspace\wxshop\shopp\target\classes started by lenovo in D:\idea_workspace\wxshop\shopp)
2022-11-19 16:22:24.568  INFO 9420 --- [main] c.j.xshopping.XshoppingApplication       : No active profile set, falling back to 1 default profile: "default"
2022-11-19 16:22:25.872  WARN 9420 --- [main] o.m.s.mapper.ClassPathMapperScanner      : No MyBatis mapper was found in '[com.javaclimb.xshopping]' package. Please check your configuration.
2022-11-19 16:22:26.471  INFO 9420 --- [main] o.s.b.w.embedded.tomcat.TomcatWebServer  : Tomcat initialized with port(s): 8088 (http)
2022-11-19 16:22:26.485  INFO 9420 --- [main] o.apache.catalina.core.StandardService   : Starting service [Tomcat]
2022-11-19 16:22:26.486  INFO 9420 --- [main] org.apache.catalina.core.StandardEngine  : Starting Servlet engine: [Apache Tomcat/9.0.63]
2022-11-19 16:22:26.690  INFO 9420 --- [main] o.a.c.c.C.[Tomcat].[localhost].[/]       : Initializing Spring embedded WebApplicationContext
2022-11-19 16:22:26.690  INFO 9420 --- [main] w.s.c.ServletWebServerApplicationContext : Root WebApplicationContext: initialization completed in 2029 ms
2022-11-19 16:22:26.809  INFO 9420 --- [main] c.a.d.s.b.a.DruidDataSourceAutoConfigure : Init DruidDataSource
2022-11-19 16:22:26.953  INFO 9420 --- [main] com.alibaba.druid.pool.DruidDataSource   : {dataSource-1} inited
2022-11-19 16:22:28.485  WARN 9420 --- [main] ion$DefaultTemplateResolverConfiguration : Cannot find template location: classpath:/templates/ (please add some templates or check your Thymeleaf configuration)
2022-11-19 16:22:28.764  INFO 9420 --- [main] o.s.b.w.embedded.tomcat.TomcatWebServer  : Tomcat started on port(s): 8088 (http) with context path ''
2022-11-19 16:22:28.787  INFO 9420 --- [main] c.j.xshopping.XshoppingApplication       : Started XshoppingApplication in 5.285 seconds (JVM running for 7.253)
2022-11-19 16:23:54.104  INFO 9420 --- [SpringApplicationShutdownHook] com.alibaba.druid.pool.DruidDataSource   : {dataSource-1} closing ...
2022-11-19 16:23:54.106  INFO 9420 --- [SpringApplicationShutdownHook] com.alibaba.druid.pool.DruidDataSource   : {dataSource-1} closed
2022-11-19 16:24:03.026  INFO 12320 --- [main] c.j.xshopping.XshoppingApplication       : Starting XshoppingApplication using Java 11.0.9.1 on test with PID 12320 (D:\idea_workspace\wxshop\shopp\target\classes started by lenovo in D:\idea_workspace\wxshop\shopp)
2022-11-19 16:24:03.032  INFO 12320 --- [main] c.j.xshopping.XshoppingApplication       : No active profile set, falling back to 1 default profile: "default"
2022-11-19 16:24:04.069  WARN 12320 --- [main] o.m.s.mapper.ClassPathMapperScanner      : No MyBatis mapper was found in '[com.javaclimb.xshopping]' package. Please check your configuration.
2022-11-19 16:24:04.555  INFO 12320 --- [main] o.s.b.w.embedded.tomcat.TomcatWebServer  : Tomcat initialized with port(s): 8088 (http)
2022-11-19 16:24:04.568  INFO 12320 --- [main] o.apache.catalina.core.StandardService   : Starting service [Tomcat]
2022-11-19 16:24:04.569  INFO 12320 --- [main] org.apache.catalina.core.StandardEngine  : Starting Servlet engine: [Apache Tomcat/9.0.63]
2022-11-19 16:24:04.723  INFO 12320 --- [main] o.a.c.c.C.[Tomcat].[localhost].[/]       : Initializing Spring embedded WebApplicationContext
2022-11-19 16:24:04.723  INFO 12320 --- [main] w.s.c.ServletWebServerApplicationContext : Root WebApplicationContext: initialization completed in 1608 ms
2022-11-19 16:24:04.835  INFO 12320 --- [main] c.a.d.s.b.a.DruidDataSourceAutoConfigure : Init DruidDataSource
2022-11-19 16:24:04.964  INFO 12320 --- [main] com.alibaba.druid.pool.DruidDataSource   : {dataSource-1} inited
2022-11-19 16:24:06.192  WARN 12320 --- [main] ion$DefaultTemplateResolverConfiguration : Cannot find template location: classpath:/templates/ (please add some templates or check your Thymeleaf configuration)
2022-11-19 16:24:06.386  INFO 12320 --- [main] o.s.b.w.embedded.tomcat.TomcatWebServer  : Tomcat started on port(s): 8088 (http) with context path ''
2022-11-19 16:24:06.403  INFO 12320 --- [main] c.j.xshopping.XshoppingApplication       : Started XshoppingApplication in 4.438 seconds (JVM running for 6.535)
2022-11-19 16:24:11.401  INFO 12320 --- [http-nio-8088-exec-1] o.a.c.c.C.[Tomcat].[localhost].[/]       : Initializing Spring DispatcherServlet 'dispatcherServlet'
2022-11-19 16:24:11.402  INFO 12320 --- [http-nio-8088-exec-1] o.s.web.servlet.DispatcherServlet        : Initializing Servlet 'dispatcherServlet'
2022-11-19 16:24:11.403  INFO 12320 --- [http-nio-8088-exec-1] o.s.web.servlet.DispatcherServlet        : Completed initialization in 1 ms
2022-11-19 16:24:11.843  WARN 12320 --- [http-nio-8088-exec-1] o.a.c.util.SessionIdGeneratorBase        : Creation of SecureRandom instance for session ID generation using [SHA1PRNG] took [412] milliseconds.
2022-11-19 16:51:05.176  INFO 12320 --- [SpringApplicationShutdownHook] com.alibaba.druid.pool.DruidDataSource   : {dataSource-1} closing ...
2022-11-19 16:51:05.332  INFO 12320 --- [SpringApplicationShutdownHook] com.alibaba.druid.pool.DruidDataSource   : {dataSource-1} closed
2022-11-19 16:51:15.845  INFO 2780 --- [main] c.j.xshopping.XshoppingApplication       : Starting XshoppingApplication using Java 11.0.9.1 on test with PID 2780 (D:\idea_workspace\wxshop\shopp\target\classes started by lenovo in D:\idea_workspace\wxshop\shopp)
2022-11-19 16:51:15.851  INFO 2780 --- [main] c.j.xshopping.XshoppingApplication       : No active profile set, falling back to 1 default profile: "default"
2022-11-19 16:51:17.133  WARN 2780 --- [main] o.m.s.mapper.ClassPathMapperScanner      : No MyBatis mapper was found in '[com.javaclimb.xshopping]' package. Please check your configuration.
2022-11-19 16:51:17.803  INFO 2780 --- [main] o.s.b.w.embedded.tomcat.TomcatWebServer  : Tomcat initialized with port(s): 8088 (http)
2022-11-19 16:51:17.821  INFO 2780 --- [main] o.apache.catalina.core.StandardService   : Starting service [Tomcat]
2022-11-19 16:51:17.822  INFO 2780 --- [main] org.apache.catalina.core.StandardEngine  : Starting Servlet engine: [Apache Tomcat/9.0.63]
2022-11-19 16:51:18.042  INFO 2780 --- [main] o.a.c.c.C.[Tomcat].[localhost].[/]       : Initializing Spring embedded WebApplicationContext
2022-11-19 16:51:18.043  INFO 2780 --- [main] w.s.c.ServletWebServerApplicationContext : Root WebApplicationContext: initialization completed in 2108 ms
2022-11-19 16:51:18.190  INFO 2780 --- [main] c.a.d.s.b.a.DruidDataSourceAutoConfigure : Init DruidDataSource
2022-11-19 16:51:18.360  INFO 2780 --- [main] com.alibaba.druid.pool.DruidDataSource   : {dataSource-1} inited
2022-11-19 16:51:19.741  WARN 2780 --- [main] ion$DefaultTemplateResolverConfiguration : Cannot find template location: classpath:/templates/ (please add some templates or check your Thymeleaf configuration)
2022-11-19 16:51:19.963  INFO 2780 --- [main] o.s.b.w.embedded.tomcat.TomcatWebServer  : Tomcat started on port(s): 8088 (http) with context path ''
2022-11-19 16:51:19.979  INFO 2780 --- [main] c.j.xshopping.XshoppingApplication       : Started XshoppingApplication in 5.387 seconds (JVM running for 7.6)
2022-11-19 16:51:26.457  INFO 2780 --- [http-nio-8088-exec-3] o.a.c.c.C.[Tomcat].[localhost].[/]       : Initializing Spring DispatcherServlet 'dispatcherServlet'
2022-11-19 16:51:26.458  INFO 2780 --- [http-nio-8088-exec-3] o.s.web.servlet.DispatcherServlet        : Initializing Servlet 'dispatcherServlet'
2022-11-19 16:51:26.460  INFO 2780 --- [http-nio-8088-exec-3] o.s.web.servlet.DispatcherServlet        : Completed initialization in 2 ms
2022-11-19 16:51:27.080  WARN 2780 --- [http-nio-8088-exec-3] o.a.c.util.SessionIdGeneratorBase        : Creation of SecureRandom instance for session ID generation using [SHA1PRNG] took [536] milliseconds.
2022-11-19 16:51:27.101 ERROR 2780 --- [http-nio-8088-exec-3] o.a.c.c.C.[.[.[/].[dispatcherServlet]    : Servlet.service() for servlet [dispatcherServlet] in context with path [] threw exception [Request processing failed; nested exception is com.javaclimb.xshopping.exception.CustomException] with root cause

com.javaclimb.xshopping.exception.CustomException: null
	at com.javaclimb.xshopping.service.OrderInfoService.findPage(OrderInfoService.java:216)
	at com.javaclimb.xshopping.service.OrderInfoService$$FastClassBySpringCGLIB$$741e71c8.invoke(<generated>)
	at org.springframework.cglib.proxy.MethodProxy.invoke(MethodProxy.java:218)
	at org.springframework.aop.framework.CglibAopProxy.invokeMethod(CglibAopProxy.java:386)
	at org.springframework.aop.framework.CglibAopProxy.access$000(CglibAopProxy.java:85)
	at org.springframework.aop.framework.CglibAopProxy$DynamicAdvisedInterceptor.intercept(CglibAopProxy.java:704)
	at com.javaclimb.xshopping.service.OrderInfoService$$EnhancerBySpringCGLIB$$cd0fe9b7.findPage(<generated>)
	at com.javaclimb.xshopping.controller.OrderInfoController.findFrontPage(OrderInfoController.java:53)
	at java.base/jdk.internal.reflect.NativeMethodAccessorImpl.invoke0(Native Method)
	at java.base/jdk.internal.reflect.NativeMethodAccessorImpl.invoke(NativeMethodAccessorImpl.java:62)
	at java.base/jdk.internal.reflect.DelegatingMethodAccessorImpl.invoke(DelegatingMethodAccessorImpl.java:43)
	at java.base/java.lang.reflect.Method.invoke(Method.java:566)
	at org.springframework.web.method.support.InvocableHandlerMethod.doInvoke(InvocableHandlerMethod.java:205)
	at org.springframework.web.method.support.InvocableHandlerMethod.invokeForRequest(InvocableHandlerMethod.java:150)
	at org.springframework.web.servlet.mvc.method.annotation.ServletInvocableHandlerMethod.invokeAndHandle(ServletInvocableHandlerMethod.java:117)
	at org.springframework.web.servlet.mvc.method.annotation.RequestMappingHandlerAdapter.invokeHandlerMethod(RequestMappingHandlerAdapter.java:895)
	at org.springframework.web.servlet.mvc.method.annotation.RequestMappingHandlerAdapter.handleInternal(RequestMappingHandlerAdapter.java:808)
	at org.springframework.web.servlet.mvc.method.AbstractHandlerMethodAdapter.handle(AbstractHandlerMethodAdapter.java:87)
	at org.springframework.web.servlet.DispatcherServlet.doDispatch(DispatcherServlet.java:1067)
	at org.springframework.web.servlet.DispatcherServlet.doService(DispatcherServlet.java:963)
	at org.springframework.web.servlet.FrameworkServlet.processRequest(FrameworkServlet.java:1006)
	at org.springframework.web.servlet.FrameworkServlet.doGet(FrameworkServlet.java:898)
	at javax.servlet.http.HttpServlet.service(HttpServlet.java:655)
	at org.springframework.web.servlet.FrameworkServlet.service(FrameworkServlet.java:883)
	at javax.servlet.http.HttpServlet.service(HttpServlet.java:764)
	at org.apache.catalina.core.ApplicationFilterChain.internalDoFilter(ApplicationFilterChain.java:227)
	at org.apache.catalina.core.ApplicationFilterChain.doFilter(ApplicationFilterChain.java:162)
	at org.apache.tomcat.websocket.server.WsFilter.doFilter(WsFilter.java:53)
	at org.apache.catalina.core.ApplicationFilterChain.internalDoFilter(ApplicationFilterChain.java:189)
	at org.apache.catalina.core.ApplicationFilterChain.doFilter(ApplicationFilterChain.java:162)
	at org.springframework.web.filter.RequestContextFilter.doFilterInternal(RequestContextFilter.java:100)
	at org.springframework.web.filter.OncePerRequestFilter.doFilter(OncePerRequestFilter.java:117)
	at org.apache.catalina.core.ApplicationFilterChain.internalDoFilter(ApplicationFilterChain.java:189)
	at org.apache.catalina.core.ApplicationFilterChain.doFilter(ApplicationFilterChain.java:162)
	at org.springframework.web.filter.FormContentFilter.doFilterInternal(FormContentFilter.java:93)
	at org.springframework.web.filter.OncePerRequestFilter.doFilter(OncePerRequestFilter.java:117)
	at org.apache.catalina.core.ApplicationFilterChain.internalDoFilter(ApplicationFilterChain.java:189)
	at org.apache.catalina.core.ApplicationFilterChain.doFilter(ApplicationFilterChain.java:162)
	at org.springframework.web.filter.CharacterEncodingFilter.doFilterInternal(CharacterEncodingFilter.java:201)
	at org.springframework.web.filter.OncePerRequestFilter.doFilter(OncePerRequestFilter.java:117)
	at org.apache.catalina.core.ApplicationFilterChain.internalDoFilter(ApplicationFilterChain.java:189)
	at org.apache.catalina.core.ApplicationFilterChain.doFilter(ApplicationFilterChain.java:162)
	at org.apache.catalina.core.StandardWrapperValve.invoke(StandardWrapperValve.java:197)
	at org.apache.catalina.core.StandardContextValve.invoke(StandardContextValve.java:97)
	at org.apache.catalina.authenticator.AuthenticatorBase.invoke(AuthenticatorBase.java:541)
	at org.apache.catalina.core.StandardHostValve.invoke(StandardHostValve.java:135)
	at org.apache.catalina.valves.ErrorReportValve.invoke(ErrorReportValve.java:92)
	at org.apache.catalina.core.StandardEngineValve.invoke(StandardEngineValve.java:78)
	at org.apache.catalina.connector.CoyoteAdapter.service(CoyoteAdapter.java:360)
	at org.apache.coyote.http11.Http11Processor.service(Http11Processor.java:399)
	at org.apache.coyote.AbstractProcessorLight.process(AbstractProcessorLight.java:65)
	at org.apache.coyote.AbstractProtocol$ConnectionHandler.process(AbstractProtocol.java:890)
	at org.apache.tomcat.util.net.NioEndpoint$SocketProcessor.doRun(NioEndpoint.java:1743)
	at org.apache.tomcat.util.net.SocketProcessorBase.run(SocketProcessorBase.java:49)
	at org.apache.tomcat.util.threads.ThreadPoolExecutor.runWorker(ThreadPoolExecutor.java:1191)
	at org.apache.tomcat.util.threads.ThreadPoolExecutor$Worker.run(ThreadPoolExecutor.java:659)
	at org.apache.tomcat.util.threads.TaskThread$WrappingRunnable.run(TaskThread.java:61)
	at java.base/java.lang.Thread.run(Thread.java:834)

2022-11-19 16:57:25.141  INFO 2780 --- [SpringApplicationShutdownHook] com.alibaba.druid.pool.DruidDataSource   : {dataSource-1} closing ...
2022-11-19 16:57:25.179  INFO 2780 --- [SpringApplicationShutdownHook] com.alibaba.druid.pool.DruidDataSource   : {dataSource-1} closed
2022-11-19 16:57:33.152  INFO 4472 --- [main] c.j.xshopping.XshoppingApplication       : Starting XshoppingApplication using Java 11.0.9.1 on test with PID 4472 (D:\idea_workspace\wxshop\shopp\target\classes started by lenovo in D:\idea_workspace\wxshop\shopp)
2022-11-19 16:57:33.156  INFO 4472 --- [main] c.j.xshopping.XshoppingApplication       : No active profile set, falling back to 1 default profile: "default"
2022-11-19 16:57:34.185  WARN 4472 --- [main] o.m.s.mapper.ClassPathMapperScanner      : No MyBatis mapper was found in '[com.javaclimb.xshopping]' package. Please check your configuration.
2022-11-19 16:57:34.909  INFO 4472 --- [main] o.s.b.w.embedded.tomcat.TomcatWebServer  : Tomcat initialized with port(s): 8088 (http)
2022-11-19 16:57:34.927  INFO 4472 --- [main] o.apache.catalina.core.StandardService   : Starting service [Tomcat]
2022-11-19 16:57:34.927  INFO 4472 --- [main] org.apache.catalina.core.StandardEngine  : Starting Servlet engine: [Apache Tomcat/9.0.63]
2022-11-19 16:57:35.130  INFO 4472 --- [main] o.a.c.c.C.[Tomcat].[localhost].[/]       : Initializing Spring embedded WebApplicationContext
2022-11-19 16:57:35.130  INFO 4472 --- [main] w.s.c.ServletWebServerApplicationContext : Root WebApplicationContext: initialization completed in 1891 ms
2022-11-19 16:57:35.238  INFO 4472 --- [main] c.a.d.s.b.a.DruidDataSourceAutoConfigure : Init DruidDataSource
2022-11-19 16:57:35.378  INFO 4472 --- [main] com.alibaba.druid.pool.DruidDataSource   : {dataSource-1} inited
2022-11-19 16:57:36.727  WARN 4472 --- [main] ion$DefaultTemplateResolverConfiguration : Cannot find template location: classpath:/templates/ (please add some templates or check your Thymeleaf configuration)
2022-11-19 16:57:36.968  INFO 4472 --- [main] o.s.b.w.embedded.tomcat.TomcatWebServer  : Tomcat started on port(s): 8088 (http) with context path ''
2022-11-19 16:57:36.986  INFO 4472 --- [main] c.j.xshopping.XshoppingApplication       : Started XshoppingApplication in 5.002 seconds (JVM running for 7.147)
2022-11-19 16:58:16.223  INFO 4472 --- [http-nio-8088-exec-2] o.a.c.c.C.[Tomcat].[localhost].[/]       : Initializing Spring DispatcherServlet 'dispatcherServlet'
2022-11-19 16:58:16.224  INFO 4472 --- [http-nio-8088-exec-2] o.s.web.servlet.DispatcherServlet        : Initializing Servlet 'dispatcherServlet'
2022-11-19 16:58:16.225  INFO 4472 --- [http-nio-8088-exec-2] o.s.web.servlet.DispatcherServlet        : Completed initialization in 1 ms
2022-11-19 16:58:16.693  WARN 4472 --- [http-nio-8088-exec-2] o.a.c.util.SessionIdGeneratorBase        : Creation of SecureRandom instance for session ID generation using [SHA1PRNG] took [437] milliseconds.
2022-11-19 16:58:58.744  INFO 4472 --- [SpringApplicationShutdownHook] com.alibaba.druid.pool.DruidDataSource   : {dataSource-1} closing ...
2022-11-19 16:58:58.753  INFO 4472 --- [SpringApplicationShutdownHook] com.alibaba.druid.pool.DruidDataSource   : {dataSource-1} closed
2022-11-19 16:59:05.043  INFO 1396 --- [main] c.j.xshopping.XshoppingApplication       : Starting XshoppingApplication using Java 11.0.9.1 on test with PID 1396 (D:\idea_workspace\wxshop\shopp\target\classes started by lenovo in D:\idea_workspace\wxshop\shopp)
2022-11-19 16:59:05.046  INFO 1396 --- [main] c.j.xshopping.XshoppingApplication       : No active profile set, falling back to 1 default profile: "default"
2022-11-19 16:59:05.949  WARN 1396 --- [main] o.m.s.mapper.ClassPathMapperScanner      : No MyBatis mapper was found in '[com.javaclimb.xshopping]' package. Please check your configuration.
2022-11-19 16:59:06.463  INFO 1396 --- [main] o.s.b.w.embedded.tomcat.TomcatWebServer  : Tomcat initialized with port(s): 8088 (http)
2022-11-19 16:59:06.479  INFO 1396 --- [main] o.apache.catalina.core.StandardService   : Starting service [Tomcat]
2022-11-19 16:59:06.479  INFO 1396 --- [main] org.apache.catalina.core.StandardEngine  : Starting Servlet engine: [Apache Tomcat/9.0.63]
2022-11-19 16:59:06.654  INFO 1396 --- [main] o.a.c.c.C.[Tomcat].[localhost].[/]       : Initializing Spring embedded WebApplicationContext
2022-11-19 16:59:06.654  INFO 1396 --- [main] w.s.c.ServletWebServerApplicationContext : Root WebApplicationContext: initialization completed in 1547 ms
2022-11-19 16:59:06.749  INFO 1396 --- [main] c.a.d.s.b.a.DruidDataSourceAutoConfigure : Init DruidDataSource
2022-11-19 16:59:06.887  INFO 1396 --- [main] com.alibaba.druid.pool.DruidDataSource   : {dataSource-1} inited
2022-11-19 16:59:08.067  WARN 1396 --- [main] ion$DefaultTemplateResolverConfiguration : Cannot find template location: classpath:/templates/ (please add some templates or check your Thymeleaf configuration)
2022-11-19 16:59:08.283  INFO 1396 --- [main] o.s.b.w.embedded.tomcat.TomcatWebServer  : Tomcat started on port(s): 8088 (http) with context path ''
2022-11-19 16:59:08.303  INFO 1396 --- [main] c.j.xshopping.XshoppingApplication       : Started XshoppingApplication in 4.205 seconds (JVM running for 5.944)
2022-11-19 16:59:20.382  INFO 1396 --- [http-nio-8088-exec-2] o.a.c.c.C.[Tomcat].[localhost].[/]       : Initializing Spring DispatcherServlet 'dispatcherServlet'
2022-11-19 16:59:20.383  INFO 1396 --- [http-nio-8088-exec-2] o.s.web.servlet.DispatcherServlet        : Initializing Servlet 'dispatcherServlet'
2022-11-19 16:59:20.385  INFO 1396 --- [http-nio-8088-exec-2] o.s.web.servlet.DispatcherServlet        : Completed initialization in 1 ms
2022-11-19 16:59:20.818  WARN 1396 --- [http-nio-8088-exec-2] o.a.c.util.SessionIdGeneratorBase        : Creation of SecureRandom instance for session ID generation using [SHA1PRNG] took [409] milliseconds.
2022-11-19 17:02:35.753  INFO 1396 --- [SpringApplicationShutdownHook] com.alibaba.druid.pool.DruidDataSource   : {dataSource-1} closing ...
2022-11-19 17:02:35.765  INFO 1396 --- [SpringApplicationShutdownHook] com.alibaba.druid.pool.DruidDataSource   : {dataSource-1} closed
2022-11-19 17:02:42.806  INFO 15724 --- [main] c.j.xshopping.XshoppingApplication       : Starting XshoppingApplication using Java 11.0.9.1 on test with PID 15724 (D:\idea_workspace\wxshop\shopp\target\classes started by lenovo in D:\idea_workspace\wxshop\shopp)
2022-11-19 17:02:42.811  INFO 15724 --- [main] c.j.xshopping.XshoppingApplication       : No active profile set, falling back to 1 default profile: "default"
2022-11-19 17:02:43.825  WARN 15724 --- [main] o.m.s.mapper.ClassPathMapperScanner      : No MyBatis mapper was found in '[com.javaclimb.xshopping]' package. Please check your configuration.
2022-11-19 17:02:44.397  INFO 15724 --- [main] o.s.b.w.embedded.tomcat.TomcatWebServer  : Tomcat initialized with port(s): 8088 (http)
2022-11-19 17:02:44.413  INFO 15724 --- [main] o.apache.catalina.core.StandardService   : Starting service [Tomcat]
2022-11-19 17:02:44.413  INFO 15724 --- [main] org.apache.catalina.core.StandardEngine  : Starting Servlet engine: [Apache Tomcat/9.0.63]
2022-11-19 17:02:44.580  INFO 15724 --- [main] o.a.c.c.C.[Tomcat].[localhost].[/]       : Initializing Spring embedded WebApplicationContext
2022-11-19 17:02:44.580  INFO 15724 --- [main] w.s.c.ServletWebServerApplicationContext : Root WebApplicationContext: initialization completed in 1688 ms
2022-11-19 17:02:44.676  INFO 15724 --- [main] c.a.d.s.b.a.DruidDataSourceAutoConfigure : Init DruidDataSource
2022-11-19 17:02:44.825  INFO 15724 --- [main] com.alibaba.druid.pool.DruidDataSource   : {dataSource-1} inited
2022-11-19 17:02:46.024  WARN 15724 --- [main] ion$DefaultTemplateResolverConfiguration : Cannot find template location: classpath:/templates/ (please add some templates or check your Thymeleaf configuration)
2022-11-19 17:02:46.208  INFO 15724 --- [main] o.s.b.w.embedded.tomcat.TomcatWebServer  : Tomcat started on port(s): 8088 (http) with context path ''
2022-11-19 17:02:46.226  INFO 15724 --- [main] c.j.xshopping.XshoppingApplication       : Started XshoppingApplication in 4.576 seconds (JVM running for 6.283)
2022-11-19 17:02:49.248  INFO 15724 --- [http-nio-8088-exec-2] o.a.c.c.C.[Tomcat].[localhost].[/]       : Initializing Spring DispatcherServlet 'dispatcherServlet'
2022-11-19 17:02:49.249  INFO 15724 --- [http-nio-8088-exec-2] o.s.web.servlet.DispatcherServlet        : Initializing Servlet 'dispatcherServlet'
2022-11-19 17:02:49.250  INFO 15724 --- [http-nio-8088-exec-2] o.s.web.servlet.DispatcherServlet        : Completed initialization in 1 ms
2022-11-19 17:02:49.669  WARN 15724 --- [http-nio-8088-exec-2] o.a.c.util.SessionIdGeneratorBase        : Creation of SecureRandom instance for session ID generation using [SHA1PRNG] took [397] milliseconds.
2022-11-19 17:04:51.153  INFO 15724 --- [SpringApplicationShutdownHook] com.alibaba.druid.pool.DruidDataSource   : {dataSource-1} closing ...
2022-11-19 17:04:51.162  INFO 15724 --- [SpringApplicationShutdownHook] com.alibaba.druid.pool.DruidDataSource   : {dataSource-1} closed
2022-11-19 17:05:15.587  INFO 7880 --- [main] c.j.xshopping.XshoppingApplication       : Starting XshoppingApplication using Java 11.0.9.1 on test with PID 7880 (D:\idea_workspace\wxshop\shopp\target\classes started by lenovo in D:\idea_workspace\wxshop\shopp)
2022-11-19 17:05:15.591  INFO 7880 --- [main] c.j.xshopping.XshoppingApplication       : No active profile set, falling back to 1 default profile: "default"
2022-11-19 17:05:16.535  WARN 7880 --- [main] o.m.s.mapper.ClassPathMapperScanner      : No MyBatis mapper was found in '[com.javaclimb.xshopping]' package. Please check your configuration.
2022-11-19 17:05:17.007  INFO 7880 --- [main] o.s.b.w.embedded.tomcat.TomcatWebServer  : Tomcat initialized with port(s): 8088 (http)
2022-11-19 17:05:17.020  INFO 7880 --- [main] o.apache.catalina.core.StandardService   : Starting service [Tomcat]
2022-11-19 17:05:17.020  INFO 7880 --- [main] org.apache.catalina.core.StandardEngine  : Starting Servlet engine: [Apache Tomcat/9.0.63]
2022-11-19 17:05:17.178  INFO 7880 --- [main] o.a.c.c.C.[Tomcat].[localhost].[/]       : Initializing Spring embedded WebApplicationContext
2022-11-19 17:05:17.179  INFO 7880 --- [main] w.s.c.ServletWebServerApplicationContext : Root WebApplicationContext: initialization completed in 1526 ms
2022-11-19 17:05:17.276  INFO 7880 --- [main] c.a.d.s.b.a.DruidDataSourceAutoConfigure : Init DruidDataSource
2022-11-19 17:05:17.402  INFO 7880 --- [main] com.alibaba.druid.pool.DruidDataSource   : {dataSource-1} inited
2022-11-19 17:05:18.544  WARN 7880 --- [main] ion$DefaultTemplateResolverConfiguration : Cannot find template location: classpath:/templates/ (please add some templates or check your Thymeleaf configuration)
2022-11-19 17:05:18.714  INFO 7880 --- [main] o.s.b.w.embedded.tomcat.TomcatWebServer  : Tomcat started on port(s): 8088 (http) with context path ''
2022-11-19 17:05:18.731  INFO 7880 --- [main] c.j.xshopping.XshoppingApplication       : Started XshoppingApplication in 4.207 seconds (JVM running for 6.139)
2022-11-19 17:06:01.049  INFO 7880 --- [SpringApplicationShutdownHook] com.alibaba.druid.pool.DruidDataSource   : {dataSource-1} closing ...
2022-11-19 17:06:01.052  INFO 7880 --- [SpringApplicationShutdownHook] com.alibaba.druid.pool.DruidDataSource   : {dataSource-1} closed
2022-11-19 17:06:07.298  INFO 9020 --- [main] c.j.xshopping.XshoppingApplication       : Starting XshoppingApplication using Java 11.0.9.1 on test with PID 9020 (D:\idea_workspace\wxshop\shopp\target\classes started by lenovo in D:\idea_workspace\wxshop\shopp)
2022-11-19 17:06:07.302  INFO 9020 --- [main] c.j.xshopping.XshoppingApplication       : No active profile set, falling back to 1 default profile: "default"
2022-11-19 17:06:08.213  WARN 9020 --- [main] o.m.s.mapper.ClassPathMapperScanner      : No MyBatis mapper was found in '[com.javaclimb.xshopping]' package. Please check your configuration.
2022-11-19 17:06:08.689  INFO 9020 --- [main] o.s.b.w.embedded.tomcat.TomcatWebServer  : Tomcat initialized with port(s): 8088 (http)
2022-11-19 17:06:08.701  INFO 9020 --- [main] o.apache.catalina.core.StandardService   : Starting service [Tomcat]
2022-11-19 17:06:08.701  INFO 9020 --- [main] org.apache.catalina.core.StandardEngine  : Starting Servlet engine: [Apache Tomcat/9.0.63]
2022-11-19 17:06:08.858  INFO 9020 --- [main] o.a.c.c.C.[Tomcat].[localhost].[/]       : Initializing Spring embedded WebApplicationContext
2022-11-19 17:06:08.858  INFO 9020 --- [main] w.s.c.ServletWebServerApplicationContext : Root WebApplicationContext: initialization completed in 1489 ms
2022-11-19 17:06:08.949  INFO 9020 --- [main] c.a.d.s.b.a.DruidDataSourceAutoConfigure : Init DruidDataSource
2022-11-19 17:06:09.057  INFO 9020 --- [main] com.alibaba.druid.pool.DruidDataSource   : {dataSource-1} inited
2022-11-19 17:06:10.180  WARN 9020 --- [main] ion$DefaultTemplateResolverConfiguration : Cannot find template location: classpath:/templates/ (please add some templates or check your Thymeleaf configuration)
2022-11-19 17:06:10.361  INFO 9020 --- [main] o.s.b.w.embedded.tomcat.TomcatWebServer  : Tomcat started on port(s): 8088 (http) with context path ''
2022-11-19 17:06:10.375  INFO 9020 --- [main] c.j.xshopping.XshoppingApplication       : Started XshoppingApplication in 4.013 seconds (JVM running for 5.658)
2022-11-19 17:06:15.219  INFO 9020 --- [http-nio-8088-exec-1] o.a.c.c.C.[Tomcat].[localhost].[/]       : Initializing Spring DispatcherServlet 'dispatcherServlet'
2022-11-19 17:06:15.220  INFO 9020 --- [http-nio-8088-exec-1] o.s.web.servlet.DispatcherServlet        : Initializing Servlet 'dispatcherServlet'
2022-11-19 17:06:15.221  INFO 9020 --- [http-nio-8088-exec-1] o.s.web.servlet.DispatcherServlet        : Completed initialization in 1 ms
2022-11-19 17:06:15.670  WARN 9020 --- [http-nio-8088-exec-1] o.a.c.util.SessionIdGeneratorBase        : Creation of SecureRandom instance for session ID generation using [SHA1PRNG] took [425] milliseconds.
2022-11-19 17:10:00.461  INFO 9020 --- [SpringApplicationShutdownHook] com.alibaba.druid.pool.DruidDataSource   : {dataSource-1} closing ...
2022-11-19 17:10:00.472  INFO 9020 --- [SpringApplicationShutdownHook] com.alibaba.druid.pool.DruidDataSource   : {dataSource-1} closed
2022-11-19 17:10:06.351  INFO 360 --- [main] c.j.xshopping.XshoppingApplication       : Starting XshoppingApplication using Java 11.0.9.1 on test with PID 360 (D:\idea_workspace\wxshop\shopp\target\classes started by lenovo in D:\idea_workspace\wxshop\shopp)
2022-11-19 17:10:06.354  INFO 360 --- [main] c.j.xshopping.XshoppingApplication       : No active profile set, falling back to 1 default profile: "default"
2022-11-19 17:10:07.327  WARN 360 --- [main] o.m.s.mapper.ClassPathMapperScanner      : No MyBatis mapper was found in '[com.javaclimb.xshopping]' package. Please check your configuration.
2022-11-19 17:10:07.803  INFO 360 --- [main] o.s.b.w.embedded.tomcat.TomcatWebServer  : Tomcat initialized with port(s): 8088 (http)
2022-11-19 17:10:07.825  INFO 360 --- [main] o.apache.catalina.core.StandardService   : Starting service [Tomcat]
2022-11-19 17:10:07.826  INFO 360 --- [main] org.apache.catalina.core.StandardEngine  : Starting Servlet engine: [Apache Tomcat/9.0.63]
2022-11-19 17:10:07.989  INFO 360 --- [main] o.a.c.c.C.[Tomcat].[localhost].[/]       : Initializing Spring embedded WebApplicationContext
2022-11-19 17:10:07.989  INFO 360 --- [main] w.s.c.ServletWebServerApplicationContext : Root WebApplicationContext: initialization completed in 1567 ms
2022-11-19 17:10:08.093  INFO 360 --- [main] c.a.d.s.b.a.DruidDataSourceAutoConfigure : Init DruidDataSource
2022-11-19 17:10:08.225  INFO 360 --- [main] com.alibaba.druid.pool.DruidDataSource   : {dataSource-1} inited
2022-11-19 17:10:09.425  WARN 360 --- [main] ion$DefaultTemplateResolverConfiguration : Cannot find template location: classpath:/templates/ (please add some templates or check your Thymeleaf configuration)
2022-11-19 17:10:09.689  INFO 360 --- [main] o.s.b.w.embedded.tomcat.TomcatWebServer  : Tomcat started on port(s): 8088 (http) with context path ''
2022-11-19 17:10:09.706  INFO 360 --- [main] c.j.xshopping.XshoppingApplication       : Started XshoppingApplication in 4.253 seconds (JVM running for 7.715)
2022-11-19 17:10:14.171  INFO 360 --- [http-nio-8088-exec-2] o.a.c.c.C.[Tomcat].[localhost].[/]       : Initializing Spring DispatcherServlet 'dispatcherServlet'
2022-11-19 17:10:14.172  INFO 360 --- [http-nio-8088-exec-2] o.s.web.servlet.DispatcherServlet        : Initializing Servlet 'dispatcherServlet'
2022-11-19 17:10:14.173  INFO 360 --- [http-nio-8088-exec-2] o.s.web.servlet.DispatcherServlet        : Completed initialization in 1 ms
2022-11-19 17:10:14.611  WARN 360 --- [http-nio-8088-exec-2] o.a.c.util.SessionIdGeneratorBase        : Creation of SecureRandom instance for session ID generation using [SHA1PRNG] took [409] milliseconds.
2022-11-19 23:28:36.380  INFO 360 --- [SpringApplicationShutdownHook] com.alibaba.druid.pool.DruidDataSource   : {dataSource-1} closing ...
2022-11-19 23:28:36.393  INFO 360 --- [SpringApplicationShutdownHook] com.alibaba.druid.pool.DruidDataSource   : {dataSource-1} closed
