2022-11-14 15:13:23.862  INFO 10608 --- [main] c.j.xshopping.XshoppingApplication       : Starting XshoppingApplication using Java 11.0.9.1 on test with PID 10608 (D:\idea_workspace\wxshop\shopp\target\classes started by lenovo in D:\idea_workspace\wxshop\shopp)
2022-11-14 15:13:23.866  INFO 10608 --- [main] c.j.xshopping.XshoppingApplication       : No active profile set, falling back to 1 default profile: "default"
2022-11-14 15:13:24.832  WARN 10608 --- [main] o.m.s.mapper.ClassPathMapperScanner      : No MyBatis mapper was found in '[com.javaclimb.xshopping]' package. Please check your configuration.
2022-11-14 15:13:25.289  INFO 10608 --- [main] o.s.b.w.embedded.tomcat.TomcatWebServer  : Tomcat initialized with port(s): 8088 (http)
2022-11-14 15:13:25.302  INFO 10608 --- [main] o.apache.catalina.core.StandardService   : Starting service [Tomcat]
2022-11-14 15:13:25.303  INFO 10608 --- [main] org.apache.catalina.core.StandardEngine  : Starting Servlet engine: [Apache Tomcat/9.0.63]
2022-11-14 15:13:25.458  INFO 10608 --- [main] o.a.c.c.C.[Tomcat].[localhost].[/]       : Initializing Spring embedded WebApplicationContext
2022-11-14 15:13:25.458  INFO 10608 --- [main] w.s.c.ServletWebServerApplicationContext : Root WebApplicationContext: initialization completed in 1529 ms
2022-11-14 15:13:25.572  INFO 10608 --- [main] c.a.d.s.b.a.DruidDataSourceAutoConfigure : Init DruidDataSource
2022-11-14 15:13:25.726  INFO 10608 --- [main] com.alibaba.druid.pool.DruidDataSource   : {dataSource-1} inited
2022-11-14 15:13:26.643  WARN 10608 --- [main] ion$DefaultTemplateResolverConfiguration : Cannot find template location: classpath:/templates/ (please add some templates or check your Thymeleaf configuration)
2022-11-14 15:13:26.838  INFO 10608 --- [main] o.s.b.w.embedded.tomcat.TomcatWebServer  : Tomcat started on port(s): 8088 (http) with context path ''
2022-11-14 15:13:26.853  INFO 10608 --- [main] c.j.xshopping.XshoppingApplication       : Started XshoppingApplication in 3.935 seconds (JVM running for 5.655)
2022-11-14 15:22:11.141  INFO 7340 --- [main] c.j.xshopping.XshoppingApplication       : Starting XshoppingApplication using Java 11.0.9.1 on test with PID 7340 (D:\idea_workspace\wxshop\shopp\target\classes started by lenovo in D:\idea_workspace\wxshop\shopp)
2022-11-14 15:22:11.144  INFO 7340 --- [main] c.j.xshopping.XshoppingApplication       : No active profile set, falling back to 1 default profile: "default"
2022-11-14 15:22:12.383  WARN 7340 --- [main] o.m.s.mapper.ClassPathMapperScanner      : No MyBatis mapper was found in '[com.javaclimb.xshopping]' package. Please check your configuration.
2022-11-14 15:22:13.028  INFO 7340 --- [main] o.s.b.w.embedded.tomcat.TomcatWebServer  : Tomcat initialized with port(s): 8088 (http)
2022-11-14 15:22:13.042  INFO 7340 --- [main] o.apache.catalina.core.StandardService   : Starting service [Tomcat]
2022-11-14 15:22:13.042  INFO 7340 --- [main] org.apache.catalina.core.StandardEngine  : Starting Servlet engine: [Apache Tomcat/9.0.63]
2022-11-14 15:22:13.238  INFO 7340 --- [main] o.a.c.c.C.[Tomcat].[localhost].[/]       : Initializing Spring embedded WebApplicationContext
2022-11-14 15:22:13.239  INFO 7340 --- [main] w.s.c.ServletWebServerApplicationContext : Root WebApplicationContext: initialization completed in 2026 ms
2022-11-14 15:22:13.392  INFO 7340 --- [main] c.a.d.s.b.a.DruidDataSourceAutoConfigure : Init DruidDataSource
2022-11-14 15:22:13.537  INFO 7340 --- [main] com.alibaba.druid.pool.DruidDataSource   : {dataSource-1} inited
2022-11-14 15:22:14.734  WARN 7340 --- [main] ion$DefaultTemplateResolverConfiguration : Cannot find template location: classpath:/templates/ (please add some templates or check your Thymeleaf configuration)
2022-11-14 15:22:15.045  INFO 7340 --- [main] o.s.b.w.embedded.tomcat.TomcatWebServer  : Tomcat started on port(s): 8088 (http) with context path ''
2022-11-14 15:22:15.067  INFO 7340 --- [main] c.j.xshopping.XshoppingApplication       : Started XshoppingApplication in 5.105 seconds (JVM running for 7.083)
2022-11-14 15:22:33.154  INFO 7340 --- [http-nio-8088-exec-1] o.a.c.c.C.[Tomcat].[localhost].[/]       : Initializing Spring DispatcherServlet 'dispatcherServlet'
2022-11-14 15:22:33.155  INFO 7340 --- [http-nio-8088-exec-1] o.s.web.servlet.DispatcherServlet        : Initializing Servlet 'dispatcherServlet'
2022-11-14 15:22:33.156  INFO 7340 --- [http-nio-8088-exec-1] o.s.web.servlet.DispatcherServlet        : Completed initialization in 1 ms
2022-11-14 17:22:05.809  INFO 12160 --- [main] c.j.xshopping.XshoppingApplication       : Starting XshoppingApplication using Java 11.0.9.1 on test with PID 12160 (D:\idea_workspace\wxshop\shopp\target\classes started by lenovo in D:\idea_workspace\wxshop\shopp)
2022-11-14 17:22:05.815  INFO 12160 --- [main] c.j.xshopping.XshoppingApplication       : No active profile set, falling back to 1 default profile: "default"
2022-11-14 17:22:06.995  WARN 12160 --- [main] o.m.s.mapper.ClassPathMapperScanner      : No MyBatis mapper was found in '[com.javaclimb.xshopping]' package. Please check your configuration.
2022-11-14 17:22:07.563  INFO 12160 --- [main] o.s.b.w.embedded.tomcat.TomcatWebServer  : Tomcat initialized with port(s): 8088 (http)
2022-11-14 17:22:07.581  INFO 12160 --- [main] o.apache.catalina.core.StandardService   : Starting service [Tomcat]
2022-11-14 17:22:07.581  INFO 12160 --- [main] org.apache.catalina.core.StandardEngine  : Starting Servlet engine: [Apache Tomcat/9.0.63]
2022-11-14 17:22:07.818  INFO 12160 --- [main] o.a.c.c.C.[Tomcat].[localhost].[/]       : Initializing Spring embedded WebApplicationContext
2022-11-14 17:22:07.818  INFO 12160 --- [main] w.s.c.ServletWebServerApplicationContext : Root WebApplicationContext: initialization completed in 1925 ms
2022-11-14 17:22:07.942  INFO 12160 --- [main] c.a.d.s.b.a.DruidDataSourceAutoConfigure : Init DruidDataSource
2022-11-14 17:22:08.094  INFO 12160 --- [main] com.alibaba.druid.pool.DruidDataSource   : {dataSource-1} inited
2022-11-14 17:22:09.307  WARN 12160 --- [main] ion$DefaultTemplateResolverConfiguration : Cannot find template location: classpath:/templates/ (please add some templates or check your Thymeleaf configuration)
2022-11-14 17:22:09.625  INFO 12160 --- [main] o.s.b.w.embedded.tomcat.TomcatWebServer  : Tomcat started on port(s): 8088 (http) with context path ''
2022-11-14 17:22:09.648  INFO 12160 --- [main] c.j.xshopping.XshoppingApplication       : Started XshoppingApplication in 5.178 seconds (JVM running for 7.197)
2022-11-14 17:22:32.400  INFO 12160 --- [http-nio-8088-exec-3] o.a.c.c.C.[Tomcat].[localhost].[/]       : Initializing Spring DispatcherServlet 'dispatcherServlet'
2022-11-14 17:22:32.402  INFO 12160 --- [http-nio-8088-exec-3] o.s.web.servlet.DispatcherServlet        : Initializing Servlet 'dispatcherServlet'
2022-11-14 17:22:32.405  INFO 12160 --- [http-nio-8088-exec-3] o.s.web.servlet.DispatcherServlet        : Completed initialization in 2 ms
2022-11-14 17:22:35.692  WARN 12160 --- [http-nio-8088-exec-7] o.a.c.util.SessionIdGeneratorBase        : Creation of SecureRandom instance for session ID generation using [SHA1PRNG] took [501] milliseconds.
2022-11-14 18:01:21.458  INFO 8024 --- [main] c.j.xshopping.XshoppingApplication       : Starting XshoppingApplication using Java 11.0.9.1 on test with PID 8024 (D:\idea_workspace\wxshop\shopp\target\classes started by lenovo in D:\idea_workspace\wxshop\shopp)
2022-11-14 18:01:21.465  INFO 8024 --- [main] c.j.xshopping.XshoppingApplication       : No active profile set, falling back to 1 default profile: "default"
2022-11-14 18:01:22.563  WARN 8024 --- [main] o.m.s.mapper.ClassPathMapperScanner      : No MyBatis mapper was found in '[com.javaclimb.xshopping]' package. Please check your configuration.
2022-11-14 18:01:23.031  INFO 8024 --- [main] o.s.b.w.embedded.tomcat.TomcatWebServer  : Tomcat initialized with port(s): 8088 (http)
2022-11-14 18:01:23.044  INFO 8024 --- [main] o.apache.catalina.core.StandardService   : Starting service [Tomcat]
2022-11-14 18:01:23.044  INFO 8024 --- [main] org.apache.catalina.core.StandardEngine  : Starting Servlet engine: [Apache Tomcat/9.0.63]
2022-11-14 18:01:23.213  INFO 8024 --- [main] o.a.c.c.C.[Tomcat].[localhost].[/]       : Initializing Spring embedded WebApplicationContext
2022-11-14 18:01:23.214  INFO 8024 --- [main] w.s.c.ServletWebServerApplicationContext : Root WebApplicationContext: initialization completed in 1676 ms
2022-11-14 18:01:23.322  INFO 8024 --- [main] c.a.d.s.b.a.DruidDataSourceAutoConfigure : Init DruidDataSource
2022-11-14 18:01:23.466  INFO 8024 --- [main] com.alibaba.druid.pool.DruidDataSource   : {dataSource-1} inited
2022-11-14 18:01:24.337  WARN 8024 --- [main] ion$DefaultTemplateResolverConfiguration : Cannot find template location: classpath:/templates/ (please add some templates or check your Thymeleaf configuration)
2022-11-14 18:01:24.520  INFO 8024 --- [main] o.s.b.w.embedded.tomcat.TomcatWebServer  : Tomcat started on port(s): 8088 (http) with context path ''
2022-11-14 18:01:24.534  INFO 8024 --- [main] c.j.xshopping.XshoppingApplication       : Started XshoppingApplication in 4.015 seconds (JVM running for 5.73)
2022-11-14 18:12:53.363  INFO 8024 --- [http-nio-8088-exec-2] o.a.c.c.C.[Tomcat].[localhost].[/]       : Initializing Spring DispatcherServlet 'dispatcherServlet'
2022-11-14 18:12:53.364  INFO 8024 --- [http-nio-8088-exec-2] o.s.web.servlet.DispatcherServlet        : Initializing Servlet 'dispatcherServlet'
2022-11-14 18:12:53.371  INFO 8024 --- [http-nio-8088-exec-2] o.s.web.servlet.DispatcherServlet        : Completed initialization in 7 ms
2022-11-14 18:27:25.403  INFO 9300 --- [main] c.j.xshopping.XshoppingApplication       : Starting XshoppingApplication using Java 11.0.9.1 on test with PID 9300 (D:\idea_workspace\wxshop\shopp\target\classes started by lenovo in D:\idea_workspace\wxshop\shopp)
2022-11-14 18:27:25.406  INFO 9300 --- [main] c.j.xshopping.XshoppingApplication       : No active profile set, falling back to 1 default profile: "default"
2022-11-14 18:27:26.281  WARN 9300 --- [main] o.m.s.mapper.ClassPathMapperScanner      : No MyBatis mapper was found in '[com.javaclimb.xshopping]' package. Please check your configuration.
2022-11-14 18:27:26.668  INFO 9300 --- [main] o.s.b.w.embedded.tomcat.TomcatWebServer  : Tomcat initialized with port(s): 8088 (http)
2022-11-14 18:27:26.679  INFO 9300 --- [main] o.apache.catalina.core.StandardService   : Starting service [Tomcat]
2022-11-14 18:27:26.679  INFO 9300 --- [main] org.apache.catalina.core.StandardEngine  : Starting Servlet engine: [Apache Tomcat/9.0.63]
2022-11-14 18:27:26.818  INFO 9300 --- [main] o.a.c.c.C.[Tomcat].[localhost].[/]       : Initializing Spring embedded WebApplicationContext
2022-11-14 18:27:26.818  INFO 9300 --- [main] w.s.c.ServletWebServerApplicationContext : Root WebApplicationContext: initialization completed in 1352 ms
2022-11-14 18:27:26.897  INFO 9300 --- [main] c.a.d.s.b.a.DruidDataSourceAutoConfigure : Init DruidDataSource
2022-11-14 18:27:27.001  INFO 9300 --- [main] com.alibaba.druid.pool.DruidDataSource   : {dataSource-1} inited
2022-11-14 18:27:27.839  WARN 9300 --- [main] ion$DefaultTemplateResolverConfiguration : Cannot find template location: classpath:/templates/ (please add some templates or check your Thymeleaf configuration)
2022-11-14 18:27:28.013  INFO 9300 --- [main] o.s.b.w.embedded.tomcat.TomcatWebServer  : Tomcat started on port(s): 8088 (http) with context path ''
2022-11-14 18:27:28.027  INFO 9300 --- [main] c.j.xshopping.XshoppingApplication       : Started XshoppingApplication in 3.408 seconds (JVM running for 4.947)
2022-11-14 18:31:12.562  INFO 9300 --- [http-nio-8088-exec-1] o.a.c.c.C.[Tomcat].[localhost].[/]       : Initializing Spring DispatcherServlet 'dispatcherServlet'
2022-11-14 18:31:12.563  INFO 9300 --- [http-nio-8088-exec-1] o.s.web.servlet.DispatcherServlet        : Initializing Servlet 'dispatcherServlet'
2022-11-14 18:31:12.565  INFO 9300 --- [http-nio-8088-exec-1] o.s.web.servlet.DispatcherServlet        : Completed initialization in 2 ms
2022-11-14 18:31:13.037  WARN 9300 --- [http-nio-8088-exec-1] o.a.c.util.SessionIdGeneratorBase        : Creation of SecureRandom instance for session ID generation using [SHA1PRNG] took [449] milliseconds.
2022-11-14 18:34:03.128  WARN 9300 --- [http-nio-8088-exec-9] .w.s.m.s.DefaultHandlerExceptionResolver : Resolved [org.springframework.web.HttpRequestMethodNotSupportedException: Request method 'GET' not supported]
2022-11-14 18:34:05.107  WARN 9300 --- [http-nio-8088-exec-10] .w.s.m.s.DefaultHandlerExceptionResolver : Resolved [org.springframework.web.HttpRequestMethodNotSupportedException: Request method 'GET' not supported]
2022-11-14 18:34:41.813  WARN 9300 --- [http-nio-8088-exec-2] .w.s.m.s.DefaultHandlerExceptionResolver : Resolved [org.springframework.web.HttpRequestMethodNotSupportedException: Request method 'GET' not supported]
2022-11-14 18:37:01.950  WARN 9300 --- [http-nio-8088-exec-3] .w.s.m.s.DefaultHandlerExceptionResolver : Resolved [org.springframework.web.HttpRequestMethodNotSupportedException: Request method 'GET' not supported]
2022-11-14 18:38:20.732  WARN 9300 --- [http-nio-8088-exec-6] .w.s.m.s.DefaultHandlerExceptionResolver : Resolved [org.springframework.web.HttpRequestMethodNotSupportedException: Request method 'GET' not supported]
2022-11-14 18:42:25.253  WARN 9300 --- [http-nio-8088-exec-7] .w.s.m.s.DefaultHandlerExceptionResolver : Resolved [org.springframework.web.HttpRequestMethodNotSupportedException: Request method 'GET' not supported]
2022-11-14 18:45:03.716  WARN 9300 --- [http-nio-8088-exec-10] .w.s.m.s.DefaultHandlerExceptionResolver : Resolved [org.springframework.web.HttpRequestMethodNotSupportedException: Request method 'GET' not supported]
2022-11-14 18:47:09.034  WARN 9300 --- [http-nio-8088-exec-2] .w.s.m.s.DefaultHandlerExceptionResolver : Resolved [org.springframework.web.HttpRequestMethodNotSupportedException: Request method 'GET' not supported]
2022-11-14 18:50:54.361  WARN 9300 --- [http-nio-8088-exec-3] .w.s.m.s.DefaultHandlerExceptionResolver : Resolved [org.springframework.web.HttpRequestMethodNotSupportedException: Request method 'GET' not supported]
2022-11-14 18:51:20.566  WARN 9300 --- [http-nio-8088-exec-6] .w.s.m.s.DefaultHandlerExceptionResolver : Resolved [org.springframework.web.HttpRequestMethodNotSupportedException: Request method 'GET' not supported]
2022-11-14 23:47:30.594  WARN 9300 --- [http-nio-8088-exec-9] .w.s.m.s.DefaultHandlerExceptionResolver : Resolved [org.springframework.web.HttpRequestMethodNotSupportedException: Request method 'POST' not supported]
